============================= test session starts ==============================
platform darwin -- Python 3.10.0, pytest-7.2.1, pluggy-1.0.0
rootdir: /Users/wesleyhoang/Desktop/code/cymate-template/web-template
plugins: xdist-3.1.0, html-3.2.0, metadata-2.0.4
gw0 I / gw1 I
[gw0] Python 3.10.0 (v3.10.0:b494f5935c, Oct  4 2021, 14:59:20) [Clang 12.0.5 (clang-1205.0.22.11)]
[gw1] Python 3.10.0 (v3.10.0:b494f5935c, Oct  4 2021, 14:59:20) [Clang 12.0.5 (clang-1205.0.22.11)]
gw0 [7] / gw1 [7]

scheduling tests via LoadFileScheduling

src/main/python/company-template/tests/testsuite1-smoke/test_workflow.py::test_signin 
src/main/python/company-template/tests/testsuite1-smoke/test_smoke.py::test_smoke_one 
[gw0] [ 14%] PASSED src/main/python/company-template/tests/testsuite1-smoke/test_smoke.py::test_smoke_one 
src/main/python/company-template/tests/testsuite1-smoke/test_smoke.py::test_smoke_two 
[gw0] [ 28%] PASSED src/main/python/company-template/tests/testsuite1-smoke/test_smoke.py::test_smoke_two 
src/main/python/company-template/tests/testsuite2-functional/test_login_page.py::TestLogin::test_LoginToPageAndCheckTitle 
[gw0] [ 42%] PASSED src/main/python/company-template/tests/testsuite2-functional/test_login_page.py::TestLogin::test_LoginToPageAndCheckTitle 
src/main/python/company-template/tests/testsuite2-functional/test_main_page.py::TestLogin::test_NavigatingToWorkspacesFromMain 
[gw1] [ 57%] PASSED src/main/python/company-template/tests/testsuite1-smoke/test_workflow.py::test_signin 
src/main/python/company-template/tests/testsuite1-smoke/test_workflow.py::test_main 
[gw0] [ 71%] PASSED src/main/python/company-template/tests/testsuite2-functional/test_main_page.py::TestLogin::test_NavigatingToWorkspacesFromMain 
[gw1] [ 85%] PASSED src/main/python/company-template/tests/testsuite1-smoke/test_workflow.py::test_main 
src/main/python/company-template/tests/testsuite1-smoke/test_workflow.py::test_workspace 
[gw1] [100%] FAILED src/main/python/company-template/tests/testsuite1-smoke/test_workflow.py::test_workspace 

=================================== FAILURES ===================================
________________________________ test_workspace ________________________________
[gw1] darwin -- Python 3.10.0 /Users/wesleyhoang/Desktop/code/cymate-template/web-template/venv/bin/python3

driver = <selenium.webdriver.chrome.webdriver.WebDriver (session="59c70c9457195f4d1bb9c7962a7c699d")>
logger = <Logger conftest (INFO)>

    @pytest.mark.smoke
    @pytest.mark.dependency(depends=["test_main"])
    def test_workspace(driver, logger):
        logger.info('1 workspaces info')
        logger.info('2 workspaces info')
        logger.info('3 workspaces info')
        workspaces_page = Workspaces(driver)
>       workspaces_page.send_api()

src/main/python/company-template/tests/testsuite1-smoke/test_workflow.py:59: 
_ _ _ _ _ _ _ _ _ _ _ _ _ _ _ _ _ _ _ _ _ _ _ _ _ _ _ _ _ _ _ _ _ _ _ _ _ _ _ _ 
src/main/python/company-template/pages/web/workspaces.py:20: in send_api
    self.click_send()
src/main/python/company-template/pages/web/workspaces.py:31: in click_send
    self.wait_for_element_to_load(self.button_send)
src/main/python/company-template/pages/web/workspaces.py:35: in wait_for_element_to_load
    WebDriverWait(self.driver, 10).until(
_ _ _ _ _ _ _ _ _ _ _ _ _ _ _ _ _ _ _ _ _ _ _ _ _ _ _ _ _ _ _ _ _ _ _ _ _ _ _ _ 

self = <selenium.webdriver.support.wait.WebDriverWait (session="59c70c9457195f4d1bb9c7962a7c699d")>
method = <function visibility_of_element_located.<locals>._predicate at 0x107e7e7a0>
message = ''

    def until(self, method, message: str = ""):
        """Calls the method provided with the driver as an argument until the \
        return value does not evaluate to ``False``.
    
        :param method: callable(WebDriver)
        :param message: optional message for :exc:`TimeoutException`
        :returns: the result of the last call to `method`
        :raises: :exc:`selenium.common.exceptions.TimeoutException` if timeout occurs
        """
        screen = None
        stacktrace = None
    
        end_time = time.monotonic() + self._timeout
        while True:
            try:
                value = method(self._driver)
                if value:
                    return value
            except self._ignored_exceptions as exc:
                screen = getattr(exc, "screen", None)
                stacktrace = getattr(exc, "stacktrace", None)
            time.sleep(self._poll)
            if time.monotonic() > end_time:
                break
>       raise TimeoutException(message, screen, stacktrace)
E       selenium.common.exceptions.TimeoutException: Message: 
E       Stacktrace:
E       0   chromedriver                        0x0000000104436138 chromedriver + 4923704
E       1   chromedriver                        0x00000001043ae9d3 chromedriver + 4368851
E       2   chromedriver                        0x0000000103ff7787 chromedriver + 472967
E       3   chromedriver                        0x000000010403bba3 chromedriver + 752547
E       4   chromedriver                        0x000000010403bdf1 chromedriver + 753137
E       5   chromedriver                        0x0000000104082734 chromedriver + 1042228
E       6   chromedriver                        0x0000000104064fdd chromedriver + 921565
E       7   chromedriver                        0x000000010407fc0f chromedriver + 1031183
E       8   chromedriver                        0x0000000104064d23 chromedriver + 920867
E       9   chromedriver                        0x000000010402ba4b chromedriver + 686667
E       10  chromedriver                        0x000000010402d044 chromedriver + 692292
E       11  chromedriver                        0x00000001044018fe chromedriver + 4708606
E       12  chromedriver                        0x0000000104406e22 chromedriver + 4730402
E       13  chromedriver                        0x000000010440f6bf chromedriver + 4765375
E       14  chromedriver                        0x0000000104407e80 chromedriver + 4734592
E       15  chromedriver                        0x00000001043d8975 chromedriver + 4540789
E       16  chromedriver                        0x0000000104429e78 chromedriver + 4873848
E       17  chromedriver                        0x0000000104429ff5 chromedriver + 4874229
E       18  chromedriver                        0x000000010443e6de chromedriver + 4957918
E       19  libsystem_pthread.dylib             0x00007fff6bcc1109 _pthread_start + 148
E       20  libsystem_pthread.dylib             0x00007fff6bcbcb8b thread_start + 15

venv/lib/python3.10/site-packages/selenium/webdriver/support/wait.py:95: TimeoutException
------------------------------ Captured log setup ------------------------------
97264 - 17:35:00 - INFO - 1 ==================================== STARTING TEST: test_workspace
97264 - 17:35:00 - INFO - 2 ==================================== STARTING TEST: test_workspace
97264 - 17:35:00 - INFO - 3 ==================================== STARTING TEST: test_workspace
------------------------------ Captured log call -------------------------------
97264 - 17:35:00 - INFO - 1 workspaces info
97264 - 17:35:00 - INFO - 2 workspaces info
97264 - 17:35:00 - INFO - 3 workspaces info
- generated html file: file:///Users/wesleyhoang/Desktop/code/cymate-template/web-template/test-output/reports/report_2023-02-16_17-34-45.html -
=========================== short test summary info ============================
FAILED src/main/python/company-template/tests/testsuite1-smoke/test_workflow.py::test_workspace
========================= 1 failed, 6 passed in 26.60s =========================
