============================= test session starts ==============================
platform darwin -- Python 3.10.0, pytest-7.2.1, pluggy-1.0.0
rootdir: /Users/wesleyhoang/Desktop/code/cymate-template/web-template
plugins: xdist-3.1.0, html-3.2.0, metadata-2.0.4
gw0 I / gw1 I
[gw0] Python 3.10.0 (v3.10.0:b494f5935c, Oct  4 2021, 14:59:20) [Clang 12.0.5 (clang-1205.0.22.11)]
[gw1] Python 3.10.0 (v3.10.0:b494f5935c, Oct  4 2021, 14:59:20) [Clang 12.0.5 (clang-1205.0.22.11)]
gw0 [7] / gw1 [7]

scheduling tests via LoadFileScheduling

src/main/python/company-template/tests/testsuite1-smoke/test_workflow.py::test_signin 
src/main/python/company-template/tests/testsuite1-smoke/test_smoke.py::test_smoke_one 
[gw0] [ 14%] PASSED src/main/python/company-template/tests/testsuite1-smoke/test_smoke.py::test_smoke_one 
src/main/python/company-template/tests/testsuite1-smoke/test_smoke.py::test_smoke_two 
[gw0] [ 28%] PASSED src/main/python/company-template/tests/testsuite1-smoke/test_smoke.py::test_smoke_two 
src/main/python/company-template/tests/testsuite2-functional/test_login_page.py::TestLogin::test_LoginToPageAndCheckTitle 
[gw0] [ 42%] PASSED src/main/python/company-template/tests/testsuite2-functional/test_login_page.py::TestLogin::test_LoginToPageAndCheckTitle 
[gw1] [ 57%] PASSED src/main/python/company-template/tests/testsuite1-smoke/test_workflow.py::test_signin 
src/main/python/company-template/tests/testsuite2-functional/test_main_page.py::TestLogin::test_NavigatingToWorkspacesFromMain 
[gw1] [ 57%] ERROR src/main/python/company-template/tests/testsuite1-smoke/test_workflow.py::test_signin 
src/main/python/company-template/tests/testsuite1-smoke/test_workflow.py::test_main 
[gw0] [ 71%] PASSED src/main/python/company-template/tests/testsuite2-functional/test_main_page.py::TestLogin::test_NavigatingToWorkspacesFromMain 
[gw1] [ 85%] FAILED src/main/python/company-template/tests/testsuite1-smoke/test_workflow.py::test_main 
[gw1] [ 85%] ERROR src/main/python/company-template/tests/testsuite1-smoke/test_workflow.py::test_main 
src/main/python/company-template/tests/testsuite1-smoke/test_workflow.py::test_workspace 
[gw1] [100%] FAILED src/main/python/company-template/tests/testsuite1-smoke/test_workflow.py::test_workspace 
[gw1] [100%] ERROR src/main/python/company-template/tests/testsuite1-smoke/test_workflow.py::test_workspace 

==================================== ERRORS ====================================
_______________________ ERROR at teardown of test_signin _______________________
[gw1] darwin -- Python 3.10.0 /Users/wesleyhoang/Desktop/code/cymate-template/web-template/venv/bin/python3
[gw1] darwin -- Python 3.10.0 /Users/wesleyhoang/Desktop/code/cymate-template/web-template/venv/bin/python3[gw1] darwin -- Python 3.10.0 /Users/wesleyhoang/Desktop/code/cymate-template/web-template/venv/bin/python3[gw1] darwin -- Python 3.10.0 /Users/wesleyhoang/Desktop/code/cymate-template/web-template/venv/bin/python3

request = <SubRequest 'driver' for <Function test_signin>>

    @pytest.fixture
    def driver(request):
    
        config = get_config(request)
        test_name = request.node.name
    
        if config["env"] == "saucelabs":
            _credentials = config["saucelabs_username"]+":"+config["saucelabs_accesskey"]
            _url = "https://" + _credentials + "@ondemand.saucelabs.com/wd/hub"
            config["capabilities"]["sauce:options"]["name"] = test_name
            driver = webdriver.Remote(_url, config["capabilities"])
        else:
            chrome_options = Options()
            chrome_options.add_experimental_option("detach", True)
            driver = webdriver.Chrome(options=chrome_options)
    
        def quit():
            # if config["env"] == "saucelabs":
            sauce_result = "passed"
            if request.node.rep_setup.failed:
                sauce_result = "failed"
            elif request.node.rep_setup.passed:
                if request.node.rep_call.failed:
                    sauce_result = "failed"
            # sauce_result = "failed" if request.node.rep_call.failed else "passed"
            driver.execute_script("sauce:job-result={}".format(sauce_result))
            driver.quit()
    
        base_url = config["base_url"]
        driver.get(base_url)
    
        yield driver
>       quit()

src/main/python/company-template/tests/conftest.py:214: 
_ _ _ _ _ _ _ _ _ _ _ _ _ _ _ _ _ _ _ _ _ _ _ _ _ _ _ _ _ _ _ _ _ _ _ _ _ _ _ _ 
src/main/python/company-template/tests/conftest.py:207: in quit
    driver.execute_script("sauce:job-result={}".format(sauce_result))
venv/lib/python3.10/site-packages/selenium/webdriver/remote/webdriver.py:500: in execute_script
    return self.execute(command, {"script": script, "args": converted_args})["value"]
venv/lib/python3.10/site-packages/selenium/webdriver/remote/webdriver.py:440: in execute
    self.error_handler.check_response(response)
_ _ _ _ _ _ _ _ _ _ _ _ _ _ _ _ _ _ _ _ _ _ _ _ _ _ _ _ _ _ _ _ _ _ _ _ _ _ _ _ 

self = <selenium.webdriver.remote.errorhandler.ErrorHandler object at 0x110451a80>
response = {'status': 500, 'value': '{"value":{"error":"javascript error","message":"javascript error: Invalid left-hand side in ...fff6bcc1109 _pthread_start + 148\\n21  libsystem_pthread.dylib             0x00007fff6bcbcb8b thread_start + 15\\n"}}'}

    def check_response(self, response: Dict[str, Any]) -> None:
        """Checks that a JSON response from the WebDriver does not have an
        error.
    
        :Args:
         - response - The JSON response from the WebDriver server as a dictionary
           object.
    
        :Raises: If the response contains an error message.
        """
        status = response.get("status", None)
        if not status or status == ErrorCode.SUCCESS:
            return
        value = None
        message = response.get("message", "")
        screen: str = response.get("screen", "")
        stacktrace = None
        if isinstance(status, int):
            value_json = response.get("value", None)
            if value_json and isinstance(value_json, str):
                import json
    
                try:
                    value = json.loads(value_json)
                    if len(value.keys()) == 1:
                        value = value["value"]
                    status = value.get("error", None)
                    if not status:
                        status = value.get("status", ErrorCode.UNKNOWN_ERROR)
                        message = value.get("value") or value.get("message")
                        if not isinstance(message, str):
                            value = message
                            message = message.get("message")
                    else:
                        message = value.get("message", None)
                except ValueError:
                    pass
    
        exception_class: Type[WebDriverException]
        if status in ErrorCode.NO_SUCH_ELEMENT:
            exception_class = NoSuchElementException
        elif status in ErrorCode.NO_SUCH_FRAME:
            exception_class = NoSuchFrameException
        elif status in ErrorCode.NO_SUCH_SHADOW_ROOT:
            exception_class = NoSuchShadowRootException
        elif status in ErrorCode.NO_SUCH_WINDOW:
            exception_class = NoSuchWindowException
        elif status in ErrorCode.STALE_ELEMENT_REFERENCE:
            exception_class = StaleElementReferenceException
        elif status in ErrorCode.ELEMENT_NOT_VISIBLE:
            exception_class = ElementNotVisibleException
        elif status in ErrorCode.INVALID_ELEMENT_STATE:
            exception_class = InvalidElementStateException
        elif (
            status in ErrorCode.INVALID_SELECTOR
            or status in ErrorCode.INVALID_XPATH_SELECTOR
            or status in ErrorCode.INVALID_XPATH_SELECTOR_RETURN_TYPER
        ):
            exception_class = InvalidSelectorException
        elif status in ErrorCode.ELEMENT_IS_NOT_SELECTABLE:
            exception_class = ElementNotSelectableException
        elif status in ErrorCode.ELEMENT_NOT_INTERACTABLE:
            exception_class = ElementNotInteractableException
        elif status in ErrorCode.INVALID_COOKIE_DOMAIN:
            exception_class = InvalidCookieDomainException
        elif status in ErrorCode.UNABLE_TO_SET_COOKIE:
            exception_class = UnableToSetCookieException
        elif status in ErrorCode.TIMEOUT:
            exception_class = TimeoutException
        elif status in ErrorCode.SCRIPT_TIMEOUT:
            exception_class = TimeoutException
        elif status in ErrorCode.UNKNOWN_ERROR:
            exception_class = WebDriverException
        elif status in ErrorCode.UNEXPECTED_ALERT_OPEN:
            exception_class = UnexpectedAlertPresentException
        elif status in ErrorCode.NO_ALERT_OPEN:
            exception_class = NoAlertPresentException
        elif status in ErrorCode.IME_NOT_AVAILABLE:
            exception_class = ImeNotAvailableException
        elif status in ErrorCode.IME_ENGINE_ACTIVATION_FAILED:
            exception_class = ImeActivationFailedException
        elif status in ErrorCode.MOVE_TARGET_OUT_OF_BOUNDS:
            exception_class = MoveTargetOutOfBoundsException
        elif status in ErrorCode.JAVASCRIPT_ERROR:
            exception_class = JavascriptException
        elif status in ErrorCode.SESSION_NOT_CREATED:
            exception_class = SessionNotCreatedException
        elif status in ErrorCode.INVALID_ARGUMENT:
            exception_class = InvalidArgumentException
        elif status in ErrorCode.NO_SUCH_COOKIE:
            exception_class = NoSuchCookieException
        elif status in ErrorCode.UNABLE_TO_CAPTURE_SCREEN:
            exception_class = ScreenshotException
        elif status in ErrorCode.ELEMENT_CLICK_INTERCEPTED:
            exception_class = ElementClickInterceptedException
        elif status in ErrorCode.INSECURE_CERTIFICATE:
            exception_class = InsecureCertificateException
        elif status in ErrorCode.INVALID_COORDINATES:
            exception_class = InvalidCoordinatesException
        elif status in ErrorCode.INVALID_SESSION_ID:
            exception_class = InvalidSessionIdException
        elif status in ErrorCode.UNKNOWN_METHOD:
            exception_class = UnknownMethodException
        else:
            exception_class = WebDriverException
        if not value:
            value = response["value"]
        if isinstance(value, str):
            raise exception_class(value)
        if message == "" and "message" in value:
            message = value["message"]
    
        screen = None  # type: ignore[assignment]
        if "screen" in value:
            screen = value["screen"]
    
        stacktrace = None
        st_value = value.get("stackTrace") or value.get("stacktrace")
        if st_value:
            if isinstance(st_value, str):
                stacktrace = st_value.split("\n")
            else:
                stacktrace = []
                try:
                    for frame in st_value:
                        line = frame.get("lineNumber", "")
                        file = frame.get("fileName", "<anonymous>")
                        if line:
                            file = f"{file}:{line}"
                        meth = frame.get("methodName", "<anonymous>")
                        if "className" in frame:
                            meth = f"{frame['className']}.{meth}"
                        msg = "    at %s (%s)"
                        msg = msg % (meth, file)
                        stacktrace.append(msg)
                except TypeError:
                    pass
        if exception_class == UnexpectedAlertPresentException:
            alert_text = None
            if "data" in value:
                alert_text = value["data"].get("text")
            elif "alert" in value:
                alert_text = value["alert"].get("text")
            raise exception_class(message, screen, stacktrace, alert_text)  # type: ignore[call-arg]  # mypy is not smart enough here
>       raise exception_class(message, screen, stacktrace)
E       selenium.common.exceptions.JavascriptException: Message: javascript error: Invalid left-hand side in assignment
E         (Session info: chrome=110.0.5481.100)
E       Stacktrace:
E       0   chromedriver                        0x0000000107202138 chromedriver + 4923704
E       1   chromedriver                        0x000000010717a9d3 chromedriver + 4368851
E       2   chromedriver                        0x0000000106dc3787 chromedriver + 472967
E       3   chromedriver                        0x0000000106dc78b4 chromedriver + 489652
E       4   chromedriver                        0x0000000106dc7496 chromedriver + 488598
E       5   chromedriver                        0x0000000106dc851e chromedriver + 492830
E       6   chromedriver                        0x0000000106e4c8af chromedriver + 1034415
E       7   chromedriver                        0x0000000106e30fb2 chromedriver + 921522
E       8   chromedriver                        0x0000000106e4bc0f chromedriver + 1031183
E       9   chromedriver                        0x0000000106e30d23 chromedriver + 920867
E       10  chromedriver                        0x0000000106df7a4b chromedriver + 686667
E       11  chromedriver                        0x0000000106df9044 chromedriver + 692292
E       12  chromedriver                        0x00000001071cd8fe chromedriver + 4708606
E       13  chromedriver                        0x00000001071d2e22 chromedriver + 4730402
E       14  chromedriver                        0x00000001071db6bf chromedriver + 4765375
E       15  chromedriver                        0x00000001071d3e80 chromedriver + 4734592
E       16  chromedriver                        0x00000001071a4975 chromedriver + 4540789
E       17  chromedriver                        0x00000001071f5e78 chromedriver + 4873848
E       18  chromedriver                        0x00000001071f5ff5 chromedriver + 4874229
E       19  chromedriver                        0x000000010720a6de chromedriver + 4957918
E       20  libsystem_pthread.dylib             0x00007fff6bcc1109 _pthread_start + 148
E       21  libsystem_pthread.dylib             0x00007fff6bcbcb8b thread_start + 15

venv/lib/python3.10/site-packages/selenium/webdriver/remote/errorhandler.py:245: JavascriptException
------------------------------ Captured log setup ------------------------------
11322 - 20:47:59 - INFO - 1 ==================================== STARTING TEST: test_signin
11322 - 20:47:59 - INFO - 2 ==================================== STARTING TEST: test_signin
11322 - 20:47:59 - INFO - 3 ==================================== STARTING TEST: test_signin
------------------------------ Captured log call -------------------------------
11322 - 20:48:02 - INFO - 1 signin info
11322 - 20:48:02 - INFO - 2 signin info
11322 - 20:48:02 - INFO - 3 signin info
---------------------------- Captured log teardown -----------------------------
11322 - 20:48:02 - INFO - 1 ==================================== FINISHED TEST: test_signin
11322 - 20:48:02 - INFO - 2 ==================================== FINISHED TEST: test_signin
11322 - 20:48:02 - INFO - 3 ==================================== FINISHED TEST: test_signin
__________________________ ERROR at call of test_main __________________________
[gw1] darwin -- Python 3.10.0 /Users/wesleyhoang/Desktop/code/cymate-template/web-template/venv/bin/python3
[gw1] darwin -- Python 3.10.0 /Users/wesleyhoang/Desktop/code/cymate-template/web-template/venv/bin/python3[gw1] darwin -- Python 3.10.0 /Users/wesleyhoang/Desktop/code/cymate-template/web-template/venv/bin/python3

driver = <selenium.webdriver.chrome.webdriver.WebDriver (session="f04daeb5393aa293dbd608e30896f120")>
logger = <Logger conftest (INFO)>

    @pytest.mark.smoke
    @pytest.mark.dependency(depends=["test_signin"])
    def test_main(driver, logger):
        logger.info('1 main info')
        logger.info('2 main info')
        logger.info('3 main info')
        main_page = Main(driver)
>       main_page.navigate_workspace()

src/main/python/company-template/tests/testsuite1-smoke/test_workflow.py:48: 
_ _ _ _ _ _ _ _ _ _ _ _ _ _ _ _ _ _ _ _ _ _ _ _ _ _ _ _ _ _ _ _ _ _ _ _ _ _ _ _ 
src/main/python/company-template/pages/web/main.py:17: in navigate_workspace
    self.wait_for_dropdown_to_load()
src/main/python/company-template/pages/web/main.py:23: in wait_for_dropdown_to_load
    WebDriverWait(self.driver, 10).until(
_ _ _ _ _ _ _ _ _ _ _ _ _ _ _ _ _ _ _ _ _ _ _ _ _ _ _ _ _ _ _ _ _ _ _ _ _ _ _ _ 

self = <selenium.webdriver.support.wait.WebDriverWait (session="f04daeb5393aa293dbd608e30896f120")>
method = <function visibility_of_element_located.<locals>._predicate at 0x110455120>
message = ''

    def until(self, method, message: str = ""):
        """Calls the method provided with the driver as an argument until the \
        return value does not evaluate to ``False``.
    
        :param method: callable(WebDriver)
        :param message: optional message for :exc:`TimeoutException`
        :returns: the result of the last call to `method`
        :raises: :exc:`selenium.common.exceptions.TimeoutException` if timeout occurs
        """
        screen = None
        stacktrace = None
    
        end_time = time.monotonic() + self._timeout
        while True:
            try:
                value = method(self._driver)
                if value:
                    return value
            except self._ignored_exceptions as exc:
                screen = getattr(exc, "screen", None)
                stacktrace = getattr(exc, "stacktrace", None)
            time.sleep(self._poll)
            if time.monotonic() > end_time:
                break
>       raise TimeoutException(message, screen, stacktrace)
E       selenium.common.exceptions.TimeoutException: Message: 
E       Stacktrace:
E       0   chromedriver                        0x000000010552c138 chromedriver + 4923704
E       1   chromedriver                        0x00000001054a49d3 chromedriver + 4368851
E       2   chromedriver                        0x00000001050ed787 chromedriver + 472967
E       3   chromedriver                        0x0000000105131ba3 chromedriver + 752547
E       4   chromedriver                        0x0000000105131df1 chromedriver + 753137
E       5   chromedriver                        0x0000000105178734 chromedriver + 1042228
E       6   chromedriver                        0x000000010515afdd chromedriver + 921565
E       7   chromedriver                        0x0000000105175c0f chromedriver + 1031183
E       8   chromedriver                        0x000000010515ad23 chromedriver + 920867
E       9   chromedriver                        0x0000000105121a4b chromedriver + 686667
E       10  chromedriver                        0x0000000105123044 chromedriver + 692292
E       11  chromedriver                        0x00000001054f78fe chromedriver + 4708606
E       12  chromedriver                        0x00000001054fce22 chromedriver + 4730402
E       13  chromedriver                        0x00000001055056bf chromedriver + 4765375
E       14  chromedriver                        0x00000001054fde80 chromedriver + 4734592
E       15  chromedriver                        0x00000001054ce975 chromedriver + 4540789
E       16  chromedriver                        0x000000010551fe78 chromedriver + 4873848
E       17  chromedriver                        0x000000010551fff5 chromedriver + 4874229
E       18  chromedriver                        0x00000001055346de chromedriver + 4957918
E       19  libsystem_pthread.dylib             0x00007fff6bcc1109 _pthread_start + 148
E       20  libsystem_pthread.dylib             0x00007fff6bcbcb8b thread_start + 15

venv/lib/python3.10/site-packages/selenium/webdriver/support/wait.py:95: TimeoutException[gw1] darwin -- Python 3.10.0 /Users/wesleyhoang/Desktop/code/cymate-template/web-template/venv/bin/python3

request = <SubRequest 'driver' for <Function test_main>>

    @pytest.fixture
    def driver(request):
    
        config = get_config(request)
        test_name = request.node.name
    
        if config["env"] == "saucelabs":
            _credentials = config["saucelabs_username"]+":"+config["saucelabs_accesskey"]
            _url = "https://" + _credentials + "@ondemand.saucelabs.com/wd/hub"
            config["capabilities"]["sauce:options"]["name"] = test_name
            driver = webdriver.Remote(_url, config["capabilities"])
        else:
            chrome_options = Options()
            chrome_options.add_experimental_option("detach", True)
            driver = webdriver.Chrome(options=chrome_options)
    
        def quit():
            # if config["env"] == "saucelabs":
            sauce_result = "passed"
            if request.node.rep_setup.failed:
                sauce_result = "failed"
            elif request.node.rep_setup.passed:
                if request.node.rep_call.failed:
                    sauce_result = "failed"
            # sauce_result = "failed" if request.node.rep_call.failed else "passed"
            driver.execute_script("sauce:job-result={}".format(sauce_result))
            driver.quit()
    
        base_url = config["base_url"]
        driver.get(base_url)
    
        yield driver
>       quit()

src/main/python/company-template/tests/conftest.py:214: 
_ _ _ _ _ _ _ _ _ _ _ _ _ _ _ _ _ _ _ _ _ _ _ _ _ _ _ _ _ _ _ _ _ _ _ _ _ _ _ _ 
src/main/python/company-template/tests/conftest.py:207: in quit
    driver.execute_script("sauce:job-result={}".format(sauce_result))
venv/lib/python3.10/site-packages/selenium/webdriver/remote/webdriver.py:500: in execute_script
    return self.execute(command, {"script": script, "args": converted_args})["value"]
venv/lib/python3.10/site-packages/selenium/webdriver/remote/webdriver.py:440: in execute
    self.error_handler.check_response(response)
_ _ _ _ _ _ _ _ _ _ _ _ _ _ _ _ _ _ _ _ _ _ _ _ _ _ _ _ _ _ _ _ _ _ _ _ _ _ _ _ 

self = <selenium.webdriver.remote.errorhandler.ErrorHandler object at 0x110453580>
response = {'status': 500, 'value': '{"value":{"error":"javascript error","message":"javascript error: Invalid left-hand side in ...fff6bcc1109 _pthread_start + 148\\n21  libsystem_pthread.dylib             0x00007fff6bcbcb8b thread_start + 15\\n"}}'}

    def check_response(self, response: Dict[str, Any]) -> None:
        """Checks that a JSON response from the WebDriver does not have an
        error.
    
        :Args:
         - response - The JSON response from the WebDriver server as a dictionary
           object.
    
        :Raises: If the response contains an error message.
        """
        status = response.get("status", None)
        if not status or status == ErrorCode.SUCCESS:
            return
        value = None
        message = response.get("message", "")
        screen: str = response.get("screen", "")
        stacktrace = None
        if isinstance(status, int):
            value_json = response.get("value", None)
            if value_json and isinstance(value_json, str):
                import json
    
                try:
                    value = json.loads(value_json)
                    if len(value.keys()) == 1:
                        value = value["value"]
                    status = value.get("error", None)
                    if not status:
                        status = value.get("status", ErrorCode.UNKNOWN_ERROR)
                        message = value.get("value") or value.get("message")
                        if not isinstance(message, str):
                            value = message
                            message = message.get("message")
                    else:
                        message = value.get("message", None)
                except ValueError:
                    pass
    
        exception_class: Type[WebDriverException]
        if status in ErrorCode.NO_SUCH_ELEMENT:
            exception_class = NoSuchElementException
        elif status in ErrorCode.NO_SUCH_FRAME:
            exception_class = NoSuchFrameException
        elif status in ErrorCode.NO_SUCH_SHADOW_ROOT:
            exception_class = NoSuchShadowRootException
        elif status in ErrorCode.NO_SUCH_WINDOW:
            exception_class = NoSuchWindowException
        elif status in ErrorCode.STALE_ELEMENT_REFERENCE:
            exception_class = StaleElementReferenceException
        elif status in ErrorCode.ELEMENT_NOT_VISIBLE:
            exception_class = ElementNotVisibleException
        elif status in ErrorCode.INVALID_ELEMENT_STATE:
            exception_class = InvalidElementStateException
        elif (
            status in ErrorCode.INVALID_SELECTOR
            or status in ErrorCode.INVALID_XPATH_SELECTOR
            or status in ErrorCode.INVALID_XPATH_SELECTOR_RETURN_TYPER
        ):
            exception_class = InvalidSelectorException
        elif status in ErrorCode.ELEMENT_IS_NOT_SELECTABLE:
            exception_class = ElementNotSelectableException
        elif status in ErrorCode.ELEMENT_NOT_INTERACTABLE:
            exception_class = ElementNotInteractableException
        elif status in ErrorCode.INVALID_COOKIE_DOMAIN:
            exception_class = InvalidCookieDomainException
        elif status in ErrorCode.UNABLE_TO_SET_COOKIE:
            exception_class = UnableToSetCookieException
        elif status in ErrorCode.TIMEOUT:
            exception_class = TimeoutException
        elif status in ErrorCode.SCRIPT_TIMEOUT:
            exception_class = TimeoutException
        elif status in ErrorCode.UNKNOWN_ERROR:
            exception_class = WebDriverException
        elif status in ErrorCode.UNEXPECTED_ALERT_OPEN:
            exception_class = UnexpectedAlertPresentException
        elif status in ErrorCode.NO_ALERT_OPEN:
            exception_class = NoAlertPresentException
        elif status in ErrorCode.IME_NOT_AVAILABLE:
            exception_class = ImeNotAvailableException
        elif status in ErrorCode.IME_ENGINE_ACTIVATION_FAILED:
            exception_class = ImeActivationFailedException
        elif status in ErrorCode.MOVE_TARGET_OUT_OF_BOUNDS:
            exception_class = MoveTargetOutOfBoundsException
        elif status in ErrorCode.JAVASCRIPT_ERROR:
            exception_class = JavascriptException
        elif status in ErrorCode.SESSION_NOT_CREATED:
            exception_class = SessionNotCreatedException
        elif status in ErrorCode.INVALID_ARGUMENT:
            exception_class = InvalidArgumentException
        elif status in ErrorCode.NO_SUCH_COOKIE:
            exception_class = NoSuchCookieException
        elif status in ErrorCode.UNABLE_TO_CAPTURE_SCREEN:
            exception_class = ScreenshotException
        elif status in ErrorCode.ELEMENT_CLICK_INTERCEPTED:
            exception_class = ElementClickInterceptedException
        elif status in ErrorCode.INSECURE_CERTIFICATE:
            exception_class = InsecureCertificateException
        elif status in ErrorCode.INVALID_COORDINATES:
            exception_class = InvalidCoordinatesException
        elif status in ErrorCode.INVALID_SESSION_ID:
            exception_class = InvalidSessionIdException
        elif status in ErrorCode.UNKNOWN_METHOD:
            exception_class = UnknownMethodException
        else:
            exception_class = WebDriverException
        if not value:
            value = response["value"]
        if isinstance(value, str):
            raise exception_class(value)
        if message == "" and "message" in value:
            message = value["message"]
    
        screen = None  # type: ignore[assignment]
        if "screen" in value:
            screen = value["screen"]
    
        stacktrace = None
        st_value = value.get("stackTrace") or value.get("stacktrace")
        if st_value:
            if isinstance(st_value, str):
                stacktrace = st_value.split("\n")
            else:
                stacktrace = []
                try:
                    for frame in st_value:
                        line = frame.get("lineNumber", "")
                        file = frame.get("fileName", "<anonymous>")
                        if line:
                            file = f"{file}:{line}"
                        meth = frame.get("methodName", "<anonymous>")
                        if "className" in frame:
                            meth = f"{frame['className']}.{meth}"
                        msg = "    at %s (%s)"
                        msg = msg % (meth, file)
                        stacktrace.append(msg)
                except TypeError:
                    pass
        if exception_class == UnexpectedAlertPresentException:
            alert_text = None
            if "data" in value:
                alert_text = value["data"].get("text")
            elif "alert" in value:
                alert_text = value["alert"].get("text")
            raise exception_class(message, screen, stacktrace, alert_text)  # type: ignore[call-arg]  # mypy is not smart enough here
>       raise exception_class(message, screen, stacktrace)
E       selenium.common.exceptions.JavascriptException: Message: javascript error: Invalid left-hand side in assignment
E         (Session info: chrome=110.0.5481.100)
E       Stacktrace:
E       0   chromedriver                        0x000000010552c138 chromedriver + 4923704
E       1   chromedriver                        0x00000001054a49d3 chromedriver + 4368851
E       2   chromedriver                        0x00000001050ed787 chromedriver + 472967
E       3   chromedriver                        0x00000001050f18b4 chromedriver + 489652
E       4   chromedriver                        0x00000001050f1496 chromedriver + 488598
E       5   chromedriver                        0x00000001050f251e chromedriver + 492830
E       6   chromedriver                        0x00000001051768af chromedriver + 1034415
E       7   chromedriver                        0x000000010515afb2 chromedriver + 921522
E       8   chromedriver                        0x0000000105175c0f chromedriver + 1031183
E       9   chromedriver                        0x000000010515ad23 chromedriver + 920867
E       10  chromedriver                        0x0000000105121a4b chromedriver + 686667
E       11  chromedriver                        0x0000000105123044 chromedriver + 692292
E       12  chromedriver                        0x00000001054f78fe chromedriver + 4708606
E       13  chromedriver                        0x00000001054fce22 chromedriver + 4730402
E       14  chromedriver                        0x00000001055056bf chromedriver + 4765375
E       15  chromedriver                        0x00000001054fde80 chromedriver + 4734592
E       16  chromedriver                        0x00000001054ce975 chromedriver + 4540789
E       17  chromedriver                        0x000000010551fe78 chromedriver + 4873848
E       18  chromedriver                        0x000000010551fff5 chromedriver + 4874229
E       19  chromedriver                        0x00000001055346de chromedriver + 4957918
E       20  libsystem_pthread.dylib             0x00007fff6bcc1109 _pthread_start + 148
E       21  libsystem_pthread.dylib             0x00007fff6bcbcb8b thread_start + 15

venv/lib/python3.10/site-packages/selenium/webdriver/remote/errorhandler.py:245: JavascriptException
------------------------------ Captured log setup ------------------------------
11322 - 20:48:02 - INFO - 1 ==================================== STARTING TEST: test_main
11322 - 20:48:02 - INFO - 2 ==================================== STARTING TEST: test_main
11322 - 20:48:02 - INFO - 3 ==================================== STARTING TEST: test_main
------------------------------ Captured log call -------------------------------
11322 - 20:48:04 - INFO - 1 main info
11322 - 20:48:04 - INFO - 2 main info
11322 - 20:48:04 - INFO - 3 main info
---------------------------- Captured log teardown -----------------------------
11322 - 20:48:15 - INFO - 1 ==================================== FINISHED TEST: test_main
11322 - 20:48:15 - INFO - 2 ==================================== FINISHED TEST: test_main
11322 - 20:48:15 - INFO - 3 ==================================== FINISHED TEST: test_main
_______________________ ERROR at call of test_workspace ________________________
[gw1] darwin -- Python 3.10.0 /Users/wesleyhoang/Desktop/code/cymate-template/web-template/venv/bin/python3
[gw1] darwin -- Python 3.10.0 /Users/wesleyhoang/Desktop/code/cymate-template/web-template/venv/bin/python3[gw1] darwin -- Python 3.10.0 /Users/wesleyhoang/Desktop/code/cymate-template/web-template/venv/bin/python3

driver = <selenium.webdriver.chrome.webdriver.WebDriver (session="bad1704c2290823a3255ddb392903180")>
logger = <Logger conftest (INFO)>

    @pytest.mark.smoke
    @pytest.mark.dependency(depends=["test_main"])
    def test_workspace(driver, logger):
        logger.info('1 workspaces info')
        logger.info('2 workspaces info')
        logger.info('3 workspaces info')
        workspaces_page = Workspaces(driver)
>       workspaces_page.send_api()

src/main/python/company-template/tests/testsuite1-smoke/test_workflow.py:59: 
_ _ _ _ _ _ _ _ _ _ _ _ _ _ _ _ _ _ _ _ _ _ _ _ _ _ _ _ _ _ _ _ _ _ _ _ _ _ _ _ 
src/main/python/company-template/pages/web/workspaces.py:18: in send_api
    self.click_collection()
src/main/python/company-template/pages/web/workspaces.py:23: in click_collection
    self.wait_for_element_to_load(self.dropdown_collection)
src/main/python/company-template/pages/web/workspaces.py:35: in wait_for_element_to_load
    WebDriverWait(self.driver, 10).until(
venv/lib/python3.10/site-packages/selenium/webdriver/support/wait.py:86: in until
    value = method(self._driver)
venv/lib/python3.10/site-packages/selenium/webdriver/support/expected_conditions.py:139: in _predicate
    return _element_if_visible(driver.find_element(*locator))
venv/lib/python3.10/site-packages/selenium/webdriver/remote/webdriver.py:830: in find_element
    return self.execute(Command.FIND_ELEMENT, {"using": by, "value": value})["value"]
venv/lib/python3.10/site-packages/selenium/webdriver/remote/webdriver.py:440: in execute
    self.error_handler.check_response(response)
_ _ _ _ _ _ _ _ _ _ _ _ _ _ _ _ _ _ _ _ _ _ _ _ _ _ _ _ _ _ _ _ _ _ _ _ _ _ _ _ 

self = <selenium.webdriver.remote.errorhandler.ErrorHandler object at 0x1105834f0>
response = {'status': 404, 'value': '{"value":{"error":"no such window","message":"no such window: target window already closed\\...fff6bcc1109 _pthread_start + 148\\n18  libsystem_pthread.dylib             0x00007fff6bcbcb8b thread_start + 15\\n"}}'}

    def check_response(self, response: Dict[str, Any]) -> None:
        """Checks that a JSON response from the WebDriver does not have an
        error.
    
        :Args:
         - response - The JSON response from the WebDriver server as a dictionary
           object.
    
        :Raises: If the response contains an error message.
        """
        status = response.get("status", None)
        if not status or status == ErrorCode.SUCCESS:
            return
        value = None
        message = response.get("message", "")
        screen: str = response.get("screen", "")
        stacktrace = None
        if isinstance(status, int):
            value_json = response.get("value", None)
            if value_json and isinstance(value_json, str):
                import json
    
                try:
                    value = json.loads(value_json)
                    if len(value.keys()) == 1:
                        value = value["value"]
                    status = value.get("error", None)
                    if not status:
                        status = value.get("status", ErrorCode.UNKNOWN_ERROR)
                        message = value.get("value") or value.get("message")
                        if not isinstance(message, str):
                            value = message
                            message = message.get("message")
                    else:
                        message = value.get("message", None)
                except ValueError:
                    pass
    
        exception_class: Type[WebDriverException]
        if status in ErrorCode.NO_SUCH_ELEMENT:
            exception_class = NoSuchElementException
        elif status in ErrorCode.NO_SUCH_FRAME:
            exception_class = NoSuchFrameException
        elif status in ErrorCode.NO_SUCH_SHADOW_ROOT:
            exception_class = NoSuchShadowRootException
        elif status in ErrorCode.NO_SUCH_WINDOW:
            exception_class = NoSuchWindowException
        elif status in ErrorCode.STALE_ELEMENT_REFERENCE:
            exception_class = StaleElementReferenceException
        elif status in ErrorCode.ELEMENT_NOT_VISIBLE:
            exception_class = ElementNotVisibleException
        elif status in ErrorCode.INVALID_ELEMENT_STATE:
            exception_class = InvalidElementStateException
        elif (
            status in ErrorCode.INVALID_SELECTOR
            or status in ErrorCode.INVALID_XPATH_SELECTOR
            or status in ErrorCode.INVALID_XPATH_SELECTOR_RETURN_TYPER
        ):
            exception_class = InvalidSelectorException
        elif status in ErrorCode.ELEMENT_IS_NOT_SELECTABLE:
            exception_class = ElementNotSelectableException
        elif status in ErrorCode.ELEMENT_NOT_INTERACTABLE:
            exception_class = ElementNotInteractableException
        elif status in ErrorCode.INVALID_COOKIE_DOMAIN:
            exception_class = InvalidCookieDomainException
        elif status in ErrorCode.UNABLE_TO_SET_COOKIE:
            exception_class = UnableToSetCookieException
        elif status in ErrorCode.TIMEOUT:
            exception_class = TimeoutException
        elif status in ErrorCode.SCRIPT_TIMEOUT:
            exception_class = TimeoutException
        elif status in ErrorCode.UNKNOWN_ERROR:
            exception_class = WebDriverException
        elif status in ErrorCode.UNEXPECTED_ALERT_OPEN:
            exception_class = UnexpectedAlertPresentException
        elif status in ErrorCode.NO_ALERT_OPEN:
            exception_class = NoAlertPresentException
        elif status in ErrorCode.IME_NOT_AVAILABLE:
            exception_class = ImeNotAvailableException
        elif status in ErrorCode.IME_ENGINE_ACTIVATION_FAILED:
            exception_class = ImeActivationFailedException
        elif status in ErrorCode.MOVE_TARGET_OUT_OF_BOUNDS:
            exception_class = MoveTargetOutOfBoundsException
        elif status in ErrorCode.JAVASCRIPT_ERROR:
            exception_class = JavascriptException
        elif status in ErrorCode.SESSION_NOT_CREATED:
            exception_class = SessionNotCreatedException
        elif status in ErrorCode.INVALID_ARGUMENT:
            exception_class = InvalidArgumentException
        elif status in ErrorCode.NO_SUCH_COOKIE:
            exception_class = NoSuchCookieException
        elif status in ErrorCode.UNABLE_TO_CAPTURE_SCREEN:
            exception_class = ScreenshotException
        elif status in ErrorCode.ELEMENT_CLICK_INTERCEPTED:
            exception_class = ElementClickInterceptedException
        elif status in ErrorCode.INSECURE_CERTIFICATE:
            exception_class = InsecureCertificateException
        elif status in ErrorCode.INVALID_COORDINATES:
            exception_class = InvalidCoordinatesException
        elif status in ErrorCode.INVALID_SESSION_ID:
            exception_class = InvalidSessionIdException
        elif status in ErrorCode.UNKNOWN_METHOD:
            exception_class = UnknownMethodException
        else:
            exception_class = WebDriverException
        if not value:
            value = response["value"]
        if isinstance(value, str):
            raise exception_class(value)
        if message == "" and "message" in value:
            message = value["message"]
    
        screen = None  # type: ignore[assignment]
        if "screen" in value:
            screen = value["screen"]
    
        stacktrace = None
        st_value = value.get("stackTrace") or value.get("stacktrace")
        if st_value:
            if isinstance(st_value, str):
                stacktrace = st_value.split("\n")
            else:
                stacktrace = []
                try:
                    for frame in st_value:
                        line = frame.get("lineNumber", "")
                        file = frame.get("fileName", "<anonymous>")
                        if line:
                            file = f"{file}:{line}"
                        meth = frame.get("methodName", "<anonymous>")
                        if "className" in frame:
                            meth = f"{frame['className']}.{meth}"
                        msg = "    at %s (%s)"
                        msg = msg % (meth, file)
                        stacktrace.append(msg)
                except TypeError:
                    pass
        if exception_class == UnexpectedAlertPresentException:
            alert_text = None
            if "data" in value:
                alert_text = value["data"].get("text")
            elif "alert" in value:
                alert_text = value["alert"].get("text")
            raise exception_class(message, screen, stacktrace, alert_text)  # type: ignore[call-arg]  # mypy is not smart enough here
>       raise exception_class(message, screen, stacktrace)
E       selenium.common.exceptions.NoSuchWindowException: Message: no such window: target window already closed
E       from unknown error: web view not found
E         (Session info: chrome=110.0.5481.100)
E       Stacktrace:
E       0   chromedriver                        0x0000000109d2b138 chromedriver + 4923704
E       1   chromedriver                        0x0000000109ca39d3 chromedriver + 4368851
E       2   chromedriver                        0x00000001098ec787 chromedriver + 472967
E       3   chromedriver                        0x00000001098c2c15 chromedriver + 302101
E       4   chromedriver                        0x000000010995f4cf chromedriver + 943311
E       5   chromedriver                        0x00000001099742c6 chromedriver + 1028806
E       6   chromedriver                        0x0000000109959d23 chromedriver + 920867
E       7   chromedriver                        0x0000000109920a4b chromedriver + 686667
E       8   chromedriver                        0x0000000109922044 chromedriver + 692292
E       9   chromedriver                        0x0000000109cf68fe chromedriver + 4708606
E       10  chromedriver                        0x0000000109cfbe22 chromedriver + 4730402
E       11  chromedriver                        0x0000000109d046bf chromedriver + 4765375
E       12  chromedriver                        0x0000000109cfce80 chromedriver + 4734592
E       13  chromedriver                        0x0000000109ccd975 chromedriver + 4540789
E       14  chromedriver                        0x0000000109d1ee78 chromedriver + 4873848
E       15  chromedriver                        0x0000000109d1eff5 chromedriver + 4874229
E       16  chromedriver                        0x0000000109d336de chromedriver + 4957918
E       17  libsystem_pthread.dylib             0x00007fff6bcc1109 _pthread_start + 148
E       18  libsystem_pthread.dylib             0x00007fff6bcbcb8b thread_start + 15

venv/lib/python3.10/site-packages/selenium/webdriver/remote/errorhandler.py:245: NoSuchWindowException[gw1] darwin -- Python 3.10.0 /Users/wesleyhoang/Desktop/code/cymate-template/web-template/venv/bin/python3

request = <SubRequest 'driver' for <Function test_workspace>>

    @pytest.fixture
    def driver(request):
    
        config = get_config(request)
        test_name = request.node.name
    
        if config["env"] == "saucelabs":
            _credentials = config["saucelabs_username"]+":"+config["saucelabs_accesskey"]
            _url = "https://" + _credentials + "@ondemand.saucelabs.com/wd/hub"
            config["capabilities"]["sauce:options"]["name"] = test_name
            driver = webdriver.Remote(_url, config["capabilities"])
        else:
            chrome_options = Options()
            chrome_options.add_experimental_option("detach", True)
            driver = webdriver.Chrome(options=chrome_options)
    
        def quit():
            # if config["env"] == "saucelabs":
            sauce_result = "passed"
            if request.node.rep_setup.failed:
                sauce_result = "failed"
            elif request.node.rep_setup.passed:
                if request.node.rep_call.failed:
                    sauce_result = "failed"
            # sauce_result = "failed" if request.node.rep_call.failed else "passed"
            driver.execute_script("sauce:job-result={}".format(sauce_result))
            driver.quit()
    
        base_url = config["base_url"]
        driver.get(base_url)
    
        yield driver
>       quit()

src/main/python/company-template/tests/conftest.py:214: 
_ _ _ _ _ _ _ _ _ _ _ _ _ _ _ _ _ _ _ _ _ _ _ _ _ _ _ _ _ _ _ _ _ _ _ _ _ _ _ _ 
src/main/python/company-template/tests/conftest.py:207: in quit
    driver.execute_script("sauce:job-result={}".format(sauce_result))
venv/lib/python3.10/site-packages/selenium/webdriver/remote/webdriver.py:500: in execute_script
    return self.execute(command, {"script": script, "args": converted_args})["value"]
venv/lib/python3.10/site-packages/selenium/webdriver/remote/webdriver.py:440: in execute
    self.error_handler.check_response(response)
_ _ _ _ _ _ _ _ _ _ _ _ _ _ _ _ _ _ _ _ _ _ _ _ _ _ _ _ _ _ _ _ _ _ _ _ _ _ _ _ 

self = <selenium.webdriver.remote.errorhandler.ErrorHandler object at 0x1105834f0>
response = {'status': 404, 'value': '{"value":{"error":"no such window","message":"no such window: target window already closed\\...fff6bcc1109 _pthread_start + 148\\n18  libsystem_pthread.dylib             0x00007fff6bcbcb8b thread_start + 15\\n"}}'}

    def check_response(self, response: Dict[str, Any]) -> None:
        """Checks that a JSON response from the WebDriver does not have an
        error.
    
        :Args:
         - response - The JSON response from the WebDriver server as a dictionary
           object.
    
        :Raises: If the response contains an error message.
        """
        status = response.get("status", None)
        if not status or status == ErrorCode.SUCCESS:
            return
        value = None
        message = response.get("message", "")
        screen: str = response.get("screen", "")
        stacktrace = None
        if isinstance(status, int):
            value_json = response.get("value", None)
            if value_json and isinstance(value_json, str):
                import json
    
                try:
                    value = json.loads(value_json)
                    if len(value.keys()) == 1:
                        value = value["value"]
                    status = value.get("error", None)
                    if not status:
                        status = value.get("status", ErrorCode.UNKNOWN_ERROR)
                        message = value.get("value") or value.get("message")
                        if not isinstance(message, str):
                            value = message
                            message = message.get("message")
                    else:
                        message = value.get("message", None)
                except ValueError:
                    pass
    
        exception_class: Type[WebDriverException]
        if status in ErrorCode.NO_SUCH_ELEMENT:
            exception_class = NoSuchElementException
        elif status in ErrorCode.NO_SUCH_FRAME:
            exception_class = NoSuchFrameException
        elif status in ErrorCode.NO_SUCH_SHADOW_ROOT:
            exception_class = NoSuchShadowRootException
        elif status in ErrorCode.NO_SUCH_WINDOW:
            exception_class = NoSuchWindowException
        elif status in ErrorCode.STALE_ELEMENT_REFERENCE:
            exception_class = StaleElementReferenceException
        elif status in ErrorCode.ELEMENT_NOT_VISIBLE:
            exception_class = ElementNotVisibleException
        elif status in ErrorCode.INVALID_ELEMENT_STATE:
            exception_class = InvalidElementStateException
        elif (
            status in ErrorCode.INVALID_SELECTOR
            or status in ErrorCode.INVALID_XPATH_SELECTOR
            or status in ErrorCode.INVALID_XPATH_SELECTOR_RETURN_TYPER
        ):
            exception_class = InvalidSelectorException
        elif status in ErrorCode.ELEMENT_IS_NOT_SELECTABLE:
            exception_class = ElementNotSelectableException
        elif status in ErrorCode.ELEMENT_NOT_INTERACTABLE:
            exception_class = ElementNotInteractableException
        elif status in ErrorCode.INVALID_COOKIE_DOMAIN:
            exception_class = InvalidCookieDomainException
        elif status in ErrorCode.UNABLE_TO_SET_COOKIE:
            exception_class = UnableToSetCookieException
        elif status in ErrorCode.TIMEOUT:
            exception_class = TimeoutException
        elif status in ErrorCode.SCRIPT_TIMEOUT:
            exception_class = TimeoutException
        elif status in ErrorCode.UNKNOWN_ERROR:
            exception_class = WebDriverException
        elif status in ErrorCode.UNEXPECTED_ALERT_OPEN:
            exception_class = UnexpectedAlertPresentException
        elif status in ErrorCode.NO_ALERT_OPEN:
            exception_class = NoAlertPresentException
        elif status in ErrorCode.IME_NOT_AVAILABLE:
            exception_class = ImeNotAvailableException
        elif status in ErrorCode.IME_ENGINE_ACTIVATION_FAILED:
            exception_class = ImeActivationFailedException
        elif status in ErrorCode.MOVE_TARGET_OUT_OF_BOUNDS:
            exception_class = MoveTargetOutOfBoundsException
        elif status in ErrorCode.JAVASCRIPT_ERROR:
            exception_class = JavascriptException
        elif status in ErrorCode.SESSION_NOT_CREATED:
            exception_class = SessionNotCreatedException
        elif status in ErrorCode.INVALID_ARGUMENT:
            exception_class = InvalidArgumentException
        elif status in ErrorCode.NO_SUCH_COOKIE:
            exception_class = NoSuchCookieException
        elif status in ErrorCode.UNABLE_TO_CAPTURE_SCREEN:
            exception_class = ScreenshotException
        elif status in ErrorCode.ELEMENT_CLICK_INTERCEPTED:
            exception_class = ElementClickInterceptedException
        elif status in ErrorCode.INSECURE_CERTIFICATE:
            exception_class = InsecureCertificateException
        elif status in ErrorCode.INVALID_COORDINATES:
            exception_class = InvalidCoordinatesException
        elif status in ErrorCode.INVALID_SESSION_ID:
            exception_class = InvalidSessionIdException
        elif status in ErrorCode.UNKNOWN_METHOD:
            exception_class = UnknownMethodException
        else:
            exception_class = WebDriverException
        if not value:
            value = response["value"]
        if isinstance(value, str):
            raise exception_class(value)
        if message == "" and "message" in value:
            message = value["message"]
    
        screen = None  # type: ignore[assignment]
        if "screen" in value:
            screen = value["screen"]
    
        stacktrace = None
        st_value = value.get("stackTrace") or value.get("stacktrace")
        if st_value:
            if isinstance(st_value, str):
                stacktrace = st_value.split("\n")
            else:
                stacktrace = []
                try:
                    for frame in st_value:
                        line = frame.get("lineNumber", "")
                        file = frame.get("fileName", "<anonymous>")
                        if line:
                            file = f"{file}:{line}"
                        meth = frame.get("methodName", "<anonymous>")
                        if "className" in frame:
                            meth = f"{frame['className']}.{meth}"
                        msg = "    at %s (%s)"
                        msg = msg % (meth, file)
                        stacktrace.append(msg)
                except TypeError:
                    pass
        if exception_class == UnexpectedAlertPresentException:
            alert_text = None
            if "data" in value:
                alert_text = value["data"].get("text")
            elif "alert" in value:
                alert_text = value["alert"].get("text")
            raise exception_class(message, screen, stacktrace, alert_text)  # type: ignore[call-arg]  # mypy is not smart enough here
>       raise exception_class(message, screen, stacktrace)
E       selenium.common.exceptions.NoSuchWindowException: Message: no such window: target window already closed
E       from unknown error: web view not found
E         (Session info: chrome=110.0.5481.100)
E       Stacktrace:
E       0   chromedriver                        0x0000000109d2b138 chromedriver + 4923704
E       1   chromedriver                        0x0000000109ca39d3 chromedriver + 4368851
E       2   chromedriver                        0x00000001098ec787 chromedriver + 472967
E       3   chromedriver                        0x00000001098c2c15 chromedriver + 302101
E       4   chromedriver                        0x000000010995f4cf chromedriver + 943311
E       5   chromedriver                        0x00000001099742c6 chromedriver + 1028806
E       6   chromedriver                        0x0000000109959d23 chromedriver + 920867
E       7   chromedriver                        0x0000000109920a4b chromedriver + 686667
E       8   chromedriver                        0x0000000109922044 chromedriver + 692292
E       9   chromedriver                        0x0000000109cf68fe chromedriver + 4708606
E       10  chromedriver                        0x0000000109cfbe22 chromedriver + 4730402
E       11  chromedriver                        0x0000000109d046bf chromedriver + 4765375
E       12  chromedriver                        0x0000000109cfce80 chromedriver + 4734592
E       13  chromedriver                        0x0000000109ccd975 chromedriver + 4540789
E       14  chromedriver                        0x0000000109d1ee78 chromedriver + 4873848
E       15  chromedriver                        0x0000000109d1eff5 chromedriver + 4874229
E       16  chromedriver                        0x0000000109d336de chromedriver + 4957918
E       17  libsystem_pthread.dylib             0x00007fff6bcc1109 _pthread_start + 148
E       18  libsystem_pthread.dylib             0x00007fff6bcbcb8b thread_start + 15

venv/lib/python3.10/site-packages/selenium/webdriver/remote/errorhandler.py:245: NoSuchWindowException
------------------------------ Captured log setup ------------------------------
11322 - 20:48:15 - INFO - 1 ==================================== STARTING TEST: test_workspace
11322 - 20:48:15 - INFO - 2 ==================================== STARTING TEST: test_workspace
11322 - 20:48:15 - INFO - 3 ==================================== STARTING TEST: test_workspace
------------------------------ Captured log call -------------------------------
11322 - 20:48:17 - INFO - 1 workspaces info
11322 - 20:48:17 - INFO - 2 workspaces info
11322 - 20:48:17 - INFO - 3 workspaces info
---------------------------- Captured log teardown -----------------------------
11322 - 20:48:25 - INFO - 1 ==================================== FINISHED TEST: test_workspace
11322 - 20:48:25 - INFO - 2 ==================================== FINISHED TEST: test_workspace
11322 - 20:48:25 - INFO - 3 ==================================== FINISHED TEST: test_workspace
=================================== FAILURES ===================================
__________________________________ test_main ___________________________________
[gw1] darwin -- Python 3.10.0 /Users/wesleyhoang/Desktop/code/cymate-template/web-template/venv/bin/python3

driver = <selenium.webdriver.chrome.webdriver.WebDriver (session="f04daeb5393aa293dbd608e30896f120")>
logger = <Logger conftest (INFO)>

    @pytest.mark.smoke
    @pytest.mark.dependency(depends=["test_signin"])
    def test_main(driver, logger):
        logger.info('1 main info')
        logger.info('2 main info')
        logger.info('3 main info')
        main_page = Main(driver)
>       main_page.navigate_workspace()

src/main/python/company-template/tests/testsuite1-smoke/test_workflow.py:48: 
_ _ _ _ _ _ _ _ _ _ _ _ _ _ _ _ _ _ _ _ _ _ _ _ _ _ _ _ _ _ _ _ _ _ _ _ _ _ _ _ 
src/main/python/company-template/pages/web/main.py:17: in navigate_workspace
    self.wait_for_dropdown_to_load()
src/main/python/company-template/pages/web/main.py:23: in wait_for_dropdown_to_load
    WebDriverWait(self.driver, 10).until(
_ _ _ _ _ _ _ _ _ _ _ _ _ _ _ _ _ _ _ _ _ _ _ _ _ _ _ _ _ _ _ _ _ _ _ _ _ _ _ _ 

self = <selenium.webdriver.support.wait.WebDriverWait (session="f04daeb5393aa293dbd608e30896f120")>
method = <function visibility_of_element_located.<locals>._predicate at 0x110455120>
message = ''

    def until(self, method, message: str = ""):
        """Calls the method provided with the driver as an argument until the \
        return value does not evaluate to ``False``.
    
        :param method: callable(WebDriver)
        :param message: optional message for :exc:`TimeoutException`
        :returns: the result of the last call to `method`
        :raises: :exc:`selenium.common.exceptions.TimeoutException` if timeout occurs
        """
        screen = None
        stacktrace = None
    
        end_time = time.monotonic() + self._timeout
        while True:
            try:
                value = method(self._driver)
                if value:
                    return value
            except self._ignored_exceptions as exc:
                screen = getattr(exc, "screen", None)
                stacktrace = getattr(exc, "stacktrace", None)
            time.sleep(self._poll)
            if time.monotonic() > end_time:
                break
>       raise TimeoutException(message, screen, stacktrace)
E       selenium.common.exceptions.TimeoutException: Message: 
E       Stacktrace:
E       0   chromedriver                        0x000000010552c138 chromedriver + 4923704
E       1   chromedriver                        0x00000001054a49d3 chromedriver + 4368851
E       2   chromedriver                        0x00000001050ed787 chromedriver + 472967
E       3   chromedriver                        0x0000000105131ba3 chromedriver + 752547
E       4   chromedriver                        0x0000000105131df1 chromedriver + 753137
E       5   chromedriver                        0x0000000105178734 chromedriver + 1042228
E       6   chromedriver                        0x000000010515afdd chromedriver + 921565
E       7   chromedriver                        0x0000000105175c0f chromedriver + 1031183
E       8   chromedriver                        0x000000010515ad23 chromedriver + 920867
E       9   chromedriver                        0x0000000105121a4b chromedriver + 686667
E       10  chromedriver                        0x0000000105123044 chromedriver + 692292
E       11  chromedriver                        0x00000001054f78fe chromedriver + 4708606
E       12  chromedriver                        0x00000001054fce22 chromedriver + 4730402
E       13  chromedriver                        0x00000001055056bf chromedriver + 4765375
E       14  chromedriver                        0x00000001054fde80 chromedriver + 4734592
E       15  chromedriver                        0x00000001054ce975 chromedriver + 4540789
E       16  chromedriver                        0x000000010551fe78 chromedriver + 4873848
E       17  chromedriver                        0x000000010551fff5 chromedriver + 4874229
E       18  chromedriver                        0x00000001055346de chromedriver + 4957918
E       19  libsystem_pthread.dylib             0x00007fff6bcc1109 _pthread_start + 148
E       20  libsystem_pthread.dylib             0x00007fff6bcbcb8b thread_start + 15

venv/lib/python3.10/site-packages/selenium/webdriver/support/wait.py:95: TimeoutException
------------------------------ Captured log setup ------------------------------
11322 - 20:48:02 - INFO - 1 ==================================== STARTING TEST: test_main
11322 - 20:48:02 - INFO - 2 ==================================== STARTING TEST: test_main
11322 - 20:48:02 - INFO - 3 ==================================== STARTING TEST: test_main
------------------------------ Captured log call -------------------------------
11322 - 20:48:04 - INFO - 1 main info
11322 - 20:48:04 - INFO - 2 main info
11322 - 20:48:04 - INFO - 3 main info
________________________________ test_workspace ________________________________
[gw1] darwin -- Python 3.10.0 /Users/wesleyhoang/Desktop/code/cymate-template/web-template/venv/bin/python3

driver = <selenium.webdriver.chrome.webdriver.WebDriver (session="bad1704c2290823a3255ddb392903180")>
logger = <Logger conftest (INFO)>

    @pytest.mark.smoke
    @pytest.mark.dependency(depends=["test_main"])
    def test_workspace(driver, logger):
        logger.info('1 workspaces info')
        logger.info('2 workspaces info')
        logger.info('3 workspaces info')
        workspaces_page = Workspaces(driver)
>       workspaces_page.send_api()

src/main/python/company-template/tests/testsuite1-smoke/test_workflow.py:59: 
_ _ _ _ _ _ _ _ _ _ _ _ _ _ _ _ _ _ _ _ _ _ _ _ _ _ _ _ _ _ _ _ _ _ _ _ _ _ _ _ 
src/main/python/company-template/pages/web/workspaces.py:18: in send_api
    self.click_collection()
src/main/python/company-template/pages/web/workspaces.py:23: in click_collection
    self.wait_for_element_to_load(self.dropdown_collection)
src/main/python/company-template/pages/web/workspaces.py:35: in wait_for_element_to_load
    WebDriverWait(self.driver, 10).until(
venv/lib/python3.10/site-packages/selenium/webdriver/support/wait.py:86: in until
    value = method(self._driver)
venv/lib/python3.10/site-packages/selenium/webdriver/support/expected_conditions.py:139: in _predicate
    return _element_if_visible(driver.find_element(*locator))
venv/lib/python3.10/site-packages/selenium/webdriver/remote/webdriver.py:830: in find_element
    return self.execute(Command.FIND_ELEMENT, {"using": by, "value": value})["value"]
venv/lib/python3.10/site-packages/selenium/webdriver/remote/webdriver.py:440: in execute
    self.error_handler.check_response(response)
_ _ _ _ _ _ _ _ _ _ _ _ _ _ _ _ _ _ _ _ _ _ _ _ _ _ _ _ _ _ _ _ _ _ _ _ _ _ _ _ 

self = <selenium.webdriver.remote.errorhandler.ErrorHandler object at 0x1105834f0>
response = {'status': 404, 'value': '{"value":{"error":"no such window","message":"no such window: target window already closed\\...fff6bcc1109 _pthread_start + 148\\n18  libsystem_pthread.dylib             0x00007fff6bcbcb8b thread_start + 15\\n"}}'}

    def check_response(self, response: Dict[str, Any]) -> None:
        """Checks that a JSON response from the WebDriver does not have an
        error.
    
        :Args:
         - response - The JSON response from the WebDriver server as a dictionary
           object.
    
        :Raises: If the response contains an error message.
        """
        status = response.get("status", None)
        if not status or status == ErrorCode.SUCCESS:
            return
        value = None
        message = response.get("message", "")
        screen: str = response.get("screen", "")
        stacktrace = None
        if isinstance(status, int):
            value_json = response.get("value", None)
            if value_json and isinstance(value_json, str):
                import json
    
                try:
                    value = json.loads(value_json)
                    if len(value.keys()) == 1:
                        value = value["value"]
                    status = value.get("error", None)
                    if not status:
                        status = value.get("status", ErrorCode.UNKNOWN_ERROR)
                        message = value.get("value") or value.get("message")
                        if not isinstance(message, str):
                            value = message
                            message = message.get("message")
                    else:
                        message = value.get("message", None)
                except ValueError:
                    pass
    
        exception_class: Type[WebDriverException]
        if status in ErrorCode.NO_SUCH_ELEMENT:
            exception_class = NoSuchElementException
        elif status in ErrorCode.NO_SUCH_FRAME:
            exception_class = NoSuchFrameException
        elif status in ErrorCode.NO_SUCH_SHADOW_ROOT:
            exception_class = NoSuchShadowRootException
        elif status in ErrorCode.NO_SUCH_WINDOW:
            exception_class = NoSuchWindowException
        elif status in ErrorCode.STALE_ELEMENT_REFERENCE:
            exception_class = StaleElementReferenceException
        elif status in ErrorCode.ELEMENT_NOT_VISIBLE:
            exception_class = ElementNotVisibleException
        elif status in ErrorCode.INVALID_ELEMENT_STATE:
            exception_class = InvalidElementStateException
        elif (
            status in ErrorCode.INVALID_SELECTOR
            or status in ErrorCode.INVALID_XPATH_SELECTOR
            or status in ErrorCode.INVALID_XPATH_SELECTOR_RETURN_TYPER
        ):
            exception_class = InvalidSelectorException
        elif status in ErrorCode.ELEMENT_IS_NOT_SELECTABLE:
            exception_class = ElementNotSelectableException
        elif status in ErrorCode.ELEMENT_NOT_INTERACTABLE:
            exception_class = ElementNotInteractableException
        elif status in ErrorCode.INVALID_COOKIE_DOMAIN:
            exception_class = InvalidCookieDomainException
        elif status in ErrorCode.UNABLE_TO_SET_COOKIE:
            exception_class = UnableToSetCookieException
        elif status in ErrorCode.TIMEOUT:
            exception_class = TimeoutException
        elif status in ErrorCode.SCRIPT_TIMEOUT:
            exception_class = TimeoutException
        elif status in ErrorCode.UNKNOWN_ERROR:
            exception_class = WebDriverException
        elif status in ErrorCode.UNEXPECTED_ALERT_OPEN:
            exception_class = UnexpectedAlertPresentException
        elif status in ErrorCode.NO_ALERT_OPEN:
            exception_class = NoAlertPresentException
        elif status in ErrorCode.IME_NOT_AVAILABLE:
            exception_class = ImeNotAvailableException
        elif status in ErrorCode.IME_ENGINE_ACTIVATION_FAILED:
            exception_class = ImeActivationFailedException
        elif status in ErrorCode.MOVE_TARGET_OUT_OF_BOUNDS:
            exception_class = MoveTargetOutOfBoundsException
        elif status in ErrorCode.JAVASCRIPT_ERROR:
            exception_class = JavascriptException
        elif status in ErrorCode.SESSION_NOT_CREATED:
            exception_class = SessionNotCreatedException
        elif status in ErrorCode.INVALID_ARGUMENT:
            exception_class = InvalidArgumentException
        elif status in ErrorCode.NO_SUCH_COOKIE:
            exception_class = NoSuchCookieException
        elif status in ErrorCode.UNABLE_TO_CAPTURE_SCREEN:
            exception_class = ScreenshotException
        elif status in ErrorCode.ELEMENT_CLICK_INTERCEPTED:
            exception_class = ElementClickInterceptedException
        elif status in ErrorCode.INSECURE_CERTIFICATE:
            exception_class = InsecureCertificateException
        elif status in ErrorCode.INVALID_COORDINATES:
            exception_class = InvalidCoordinatesException
        elif status in ErrorCode.INVALID_SESSION_ID:
            exception_class = InvalidSessionIdException
        elif status in ErrorCode.UNKNOWN_METHOD:
            exception_class = UnknownMethodException
        else:
            exception_class = WebDriverException
        if not value:
            value = response["value"]
        if isinstance(value, str):
            raise exception_class(value)
        if message == "" and "message" in value:
            message = value["message"]
    
        screen = None  # type: ignore[assignment]
        if "screen" in value:
            screen = value["screen"]
    
        stacktrace = None
        st_value = value.get("stackTrace") or value.get("stacktrace")
        if st_value:
            if isinstance(st_value, str):
                stacktrace = st_value.split("\n")
            else:
                stacktrace = []
                try:
                    for frame in st_value:
                        line = frame.get("lineNumber", "")
                        file = frame.get("fileName", "<anonymous>")
                        if line:
                            file = f"{file}:{line}"
                        meth = frame.get("methodName", "<anonymous>")
                        if "className" in frame:
                            meth = f"{frame['className']}.{meth}"
                        msg = "    at %s (%s)"
                        msg = msg % (meth, file)
                        stacktrace.append(msg)
                except TypeError:
                    pass
        if exception_class == UnexpectedAlertPresentException:
            alert_text = None
            if "data" in value:
                alert_text = value["data"].get("text")
            elif "alert" in value:
                alert_text = value["alert"].get("text")
            raise exception_class(message, screen, stacktrace, alert_text)  # type: ignore[call-arg]  # mypy is not smart enough here
>       raise exception_class(message, screen, stacktrace)
E       selenium.common.exceptions.NoSuchWindowException: Message: no such window: target window already closed
E       from unknown error: web view not found
E         (Session info: chrome=110.0.5481.100)
E       Stacktrace:
E       0   chromedriver                        0x0000000109d2b138 chromedriver + 4923704
E       1   chromedriver                        0x0000000109ca39d3 chromedriver + 4368851
E       2   chromedriver                        0x00000001098ec787 chromedriver + 472967
E       3   chromedriver                        0x00000001098c2c15 chromedriver + 302101
E       4   chromedriver                        0x000000010995f4cf chromedriver + 943311
E       5   chromedriver                        0x00000001099742c6 chromedriver + 1028806
E       6   chromedriver                        0x0000000109959d23 chromedriver + 920867
E       7   chromedriver                        0x0000000109920a4b chromedriver + 686667
E       8   chromedriver                        0x0000000109922044 chromedriver + 692292
E       9   chromedriver                        0x0000000109cf68fe chromedriver + 4708606
E       10  chromedriver                        0x0000000109cfbe22 chromedriver + 4730402
E       11  chromedriver                        0x0000000109d046bf chromedriver + 4765375
E       12  chromedriver                        0x0000000109cfce80 chromedriver + 4734592
E       13  chromedriver                        0x0000000109ccd975 chromedriver + 4540789
E       14  chromedriver                        0x0000000109d1ee78 chromedriver + 4873848
E       15  chromedriver                        0x0000000109d1eff5 chromedriver + 4874229
E       16  chromedriver                        0x0000000109d336de chromedriver + 4957918
E       17  libsystem_pthread.dylib             0x00007fff6bcc1109 _pthread_start + 148
E       18  libsystem_pthread.dylib             0x00007fff6bcbcb8b thread_start + 15

venv/lib/python3.10/site-packages/selenium/webdriver/remote/errorhandler.py:245: NoSuchWindowException
------------------------------ Captured log setup ------------------------------
11322 - 20:48:15 - INFO - 1 ==================================== STARTING TEST: test_workspace
11322 - 20:48:15 - INFO - 2 ==================================== STARTING TEST: test_workspace
11322 - 20:48:15 - INFO - 3 ==================================== STARTING TEST: test_workspace
------------------------------ Captured log call -------------------------------
11322 - 20:48:17 - INFO - 1 workspaces info
11322 - 20:48:17 - INFO - 2 workspaces info
11322 - 20:48:17 - INFO - 3 workspaces info
- generated html file: file:///Users/wesleyhoang/Desktop/code/cymate-template/web-template/test-output/reports/report_2023-02-16_20-47-58.html -
=========================== short test summary info ============================
FAILED src/main/python/company-template/tests/testsuite1-smoke/test_workflow.py::test_main
FAILED src/main/python/company-template/tests/testsuite1-smoke/test_workflow.py::test_workspace
ERROR src/main/python/company-template/tests/testsuite1-smoke/test_workflow.py::test_signin
FAILED src/main/python/company-template/tests/testsuite1-smoke/test_workflow.py::test_main
FAILED src/main/python/company-template/tests/testsuite1-smoke/test_workflow.py::test_workspace
==================== 2 failed, 5 passed, 3 errors in 26.34s ====================
