============================= test session starts ==============================
platform darwin -- Python 3.10.0, pytest-7.2.1, pluggy-1.0.0
rootdir: /Users/wesleyhoang/Desktop/code/cymate-template/web-template
plugins: xdist-3.1.0, html-3.2.0, metadata-2.0.4
collected 10 items

src/main/python/company-template/tests/testsuite1-smoke/test_smoke.py::test_smoke_one 
-------------------------------- live log setup --------------------------------
14:28:53 - INFO - ==================================== STARTING TEST: test_smoke_one
14:28:53 - INFO - SESSION ID: e607ec89d3622eda28e32e0c18ea82b9
-------------------------------- live log call ---------------------------------
14:28:53 - INFO - 1 SMOKE ONE
14:28:53 - INFO - 2 SMOKE ONE
14:28:53 - INFO - 3 SMOKE ONE
PASSED                                                                   [ 10%]
------------------------------ live log teardown -------------------------------
14:28:53 - INFO - ==================================== FINISHED TEST: test_smoke_one

src/main/python/company-template/tests/testsuite1-smoke/test_smoke.py::test_smoke_two 
-------------------------------- live log setup --------------------------------
14:28:53 - INFO - ==================================== STARTING TEST: test_smoke_two
14:28:53 - INFO - SESSION ID: e607ec89d3622eda28e32e0c18ea82b9
-------------------------------- live log call ---------------------------------
14:28:53 - INFO - 1 SMOKE TWO
14:28:53 - INFO - 2 SMOKE TWO
14:28:53 - INFO - 3 SMOKE TWO
PASSED                                                                   [ 20%]
------------------------------ live log teardown -------------------------------
14:28:53 - INFO - ==================================== FINISHED TEST: test_smoke_two

src/main/python/company-template/tests/testsuite1-smoke/test_workflow.py::test_signin 
-------------------------------- live log setup --------------------------------
14:28:53 - INFO - ==================================== STARTING TEST: test_signin
14:28:53 - INFO - SESSION ID: e607ec89d3622eda28e32e0c18ea82b9
-------------------------------- live log call ---------------------------------
14:28:53 - INFO - TEST SIGNIN
PASSED                                                                   [ 30%]
------------------------------ live log teardown -------------------------------
14:28:53 - INFO - ==================================== FINISHED TEST: test_signin

src/main/python/company-template/tests/testsuite1-smoke/test_workflow.py::test_main 
-------------------------------- live log setup --------------------------------
14:28:53 - INFO - ==================================== STARTING TEST: test_main
14:28:53 - INFO - SESSION ID: e607ec89d3622eda28e32e0c18ea82b9
-------------------------------- live log call ---------------------------------
14:28:53 - INFO - TEST MAIN
PASSED                                                                   [ 40%]
------------------------------ live log teardown -------------------------------
14:29:02 - INFO - ==================================== FINISHED TEST: test_main

src/main/python/company-template/tests/testsuite1-smoke/test_workflow.py::test_workspace 
-------------------------------- live log setup --------------------------------
14:29:02 - INFO - ==================================== STARTING TEST: test_workspace
14:29:02 - INFO - SESSION ID: e607ec89d3622eda28e32e0c18ea82b9
-------------------------------- live log call ---------------------------------
14:29:02 - INFO - TEST WORKSPACES
PASSED                                                                   [ 50%]
------------------------------ live log teardown -------------------------------
14:29:07 - INFO - ==================================== FINISHED TEST: test_workspace

src/main/python/company-template/tests/testsuite1-smoke/test_workflow2.py::test_signin 
-------------------------------- live log setup --------------------------------
14:29:07 - INFO - ==================================== STARTING TEST: test_signin
14:29:07 - INFO - SESSION ID: e607ec89d3622eda28e32e0c18ea82b9
-------------------------------- live log call ---------------------------------
14:29:07 - INFO - TEST SIGNIN
FAILED                                                                   [ 60%]
------------------------------ live log teardown -------------------------------
14:29:07 - INFO - ==================================== FINISHED TEST: test_signin

src/main/python/company-template/tests/testsuite1-smoke/test_workflow2.py::test_main 
-------------------------------- live log setup --------------------------------
14:29:07 - INFO - ==================================== STARTING TEST: test_main
14:29:07 - INFO - SESSION ID: e607ec89d3622eda28e32e0c18ea82b9
-------------------------------- live log call ---------------------------------
14:29:07 - INFO - TEST MAIN
PASSED                                                                   [ 70%]
------------------------------ live log teardown -------------------------------
14:29:07 - INFO - ==================================== FINISHED TEST: test_main

src/main/python/company-template/tests/testsuite1-smoke/test_workflow2.py::test_workspace 
-------------------------------- live log setup --------------------------------
14:29:07 - INFO - ==================================== STARTING TEST: test_workspace
14:29:07 - INFO - SESSION ID: e607ec89d3622eda28e32e0c18ea82b9
-------------------------------- live log call ---------------------------------
14:29:07 - INFO - TEST WORKSPACES
PASSED                                                                   [ 80%]
------------------------------ live log teardown -------------------------------
14:29:08 - INFO - ==================================== FINISHED TEST: test_workspace

src/main/python/company-template/tests/testsuite2-functional/test_login_page.py::TestLogin::test_LoginToPageAndCheckTitle 
-------------------------------- live log setup --------------------------------
14:29:08 - INFO - ==================================== STARTING TEST: test_LoginToPageAndCheckTitle
14:29:08 - INFO - SESSION ID: e607ec89d3622eda28e32e0c18ea82b9
PASSED                                                                   [ 90%]
------------------------------ live log teardown -------------------------------
14:29:10 - INFO - ==================================== FINISHED TEST: test_LoginToPageAndCheckTitle

src/main/python/company-template/tests/testsuite2-functional/test_main_page.py::TestLogin::test_NavigatingToWorkspacesFromMain 
-------------------------------- live log setup --------------------------------
14:29:10 - INFO - ==================================== STARTING TEST: test_NavigatingToWorkspacesFromMain
14:29:10 - INFO - SESSION ID: e607ec89d3622eda28e32e0c18ea82b9
PASSED                                                                   [100%]
------------------------------ live log teardown -------------------------------
14:29:19 - INFO - ==================================== FINISHED TEST: test_NavigatingToWorkspacesFromMain


=================================== FAILURES ===================================
_________________________________ test_signin __________________________________

driver = <selenium.webdriver.chrome.webdriver.WebDriver (session="e607ec89d3622eda28e32e0c18ea82b9")>
logger = <Logger conftest (INFO)>
config = {'base_url': 'https://identity.getpostman.com/login', 'capabilities': {'browserName': 'chrome', 'browserVersion': '87....:options': {'name': 'UNNAMED'}}, 'conftest_dir': 'src/main/python/company-template/tests', 'distmode': 'loadfile', ...}

    @pytest.mark.smoke
    @pytest.mark.dependency
    def test_signin(driver, logger, config):
        signin_page = Signin(driver)
        logger.info("TEST SIGNIN")
        user_data = config["user"]
>       signin_page.signin(user_data["username"], user_data["password"])

src/main/python/company-template/tests/testsuite1-smoke/test_workflow2.py:17: 
_ _ _ _ _ _ _ _ _ _ _ _ _ _ _ _ _ _ _ _ _ _ _ _ _ _ _ _ _ _ _ _ _ _ _ _ _ _ _ _ 
src/main/python/company-template/pages/web/signin.py:14: in signin
    self.set_username(username)
src/main/python/company-template/pages/web/signin.py:19: in set_username
    self.driver.find_element("id", self.textbox_username).send_keys(username)
venv/lib/python3.10/site-packages/selenium/webdriver/remote/webdriver.py:830: in find_element
    return self.execute(Command.FIND_ELEMENT, {"using": by, "value": value})["value"]
venv/lib/python3.10/site-packages/selenium/webdriver/remote/webdriver.py:440: in execute
    self.error_handler.check_response(response)
_ _ _ _ _ _ _ _ _ _ _ _ _ _ _ _ _ _ _ _ _ _ _ _ _ _ _ _ _ _ _ _ _ _ _ _ _ _ _ _ 

self = <selenium.webdriver.remote.errorhandler.ErrorHandler object at 0x105cd22f0>
response = {'status': 404, 'value': '{"value":{"error":"no such element","message":"no such element: Unable to locate element: {\...fff6bcc1109 _pthread_start + 148\\n20  libsystem_pthread.dylib             0x00007fff6bcbcb8b thread_start + 15\\n"}}'}

    def check_response(self, response: Dict[str, Any]) -> None:
        """Checks that a JSON response from the WebDriver does not have an
        error.
    
        :Args:
         - response - The JSON response from the WebDriver server as a dictionary
           object.
    
        :Raises: If the response contains an error message.
        """
        status = response.get("status", None)
        if not status or status == ErrorCode.SUCCESS:
            return
        value = None
        message = response.get("message", "")
        screen: str = response.get("screen", "")
        stacktrace = None
        if isinstance(status, int):
            value_json = response.get("value", None)
            if value_json and isinstance(value_json, str):
                import json
    
                try:
                    value = json.loads(value_json)
                    if len(value.keys()) == 1:
                        value = value["value"]
                    status = value.get("error", None)
                    if not status:
                        status = value.get("status", ErrorCode.UNKNOWN_ERROR)
                        message = value.get("value") or value.get("message")
                        if not isinstance(message, str):
                            value = message
                            message = message.get("message")
                    else:
                        message = value.get("message", None)
                except ValueError:
                    pass
    
        exception_class: Type[WebDriverException]
        if status in ErrorCode.NO_SUCH_ELEMENT:
            exception_class = NoSuchElementException
        elif status in ErrorCode.NO_SUCH_FRAME:
            exception_class = NoSuchFrameException
        elif status in ErrorCode.NO_SUCH_SHADOW_ROOT:
            exception_class = NoSuchShadowRootException
        elif status in ErrorCode.NO_SUCH_WINDOW:
            exception_class = NoSuchWindowException
        elif status in ErrorCode.STALE_ELEMENT_REFERENCE:
            exception_class = StaleElementReferenceException
        elif status in ErrorCode.ELEMENT_NOT_VISIBLE:
            exception_class = ElementNotVisibleException
        elif status in ErrorCode.INVALID_ELEMENT_STATE:
            exception_class = InvalidElementStateException
        elif (
            status in ErrorCode.INVALID_SELECTOR
            or status in ErrorCode.INVALID_XPATH_SELECTOR
            or status in ErrorCode.INVALID_XPATH_SELECTOR_RETURN_TYPER
        ):
            exception_class = InvalidSelectorException
        elif status in ErrorCode.ELEMENT_IS_NOT_SELECTABLE:
            exception_class = ElementNotSelectableException
        elif status in ErrorCode.ELEMENT_NOT_INTERACTABLE:
            exception_class = ElementNotInteractableException
        elif status in ErrorCode.INVALID_COOKIE_DOMAIN:
            exception_class = InvalidCookieDomainException
        elif status in ErrorCode.UNABLE_TO_SET_COOKIE:
            exception_class = UnableToSetCookieException
        elif status in ErrorCode.TIMEOUT:
            exception_class = TimeoutException
        elif status in ErrorCode.SCRIPT_TIMEOUT:
            exception_class = TimeoutException
        elif status in ErrorCode.UNKNOWN_ERROR:
            exception_class = WebDriverException
        elif status in ErrorCode.UNEXPECTED_ALERT_OPEN:
            exception_class = UnexpectedAlertPresentException
        elif status in ErrorCode.NO_ALERT_OPEN:
            exception_class = NoAlertPresentException
        elif status in ErrorCode.IME_NOT_AVAILABLE:
            exception_class = ImeNotAvailableException
        elif status in ErrorCode.IME_ENGINE_ACTIVATION_FAILED:
            exception_class = ImeActivationFailedException
        elif status in ErrorCode.MOVE_TARGET_OUT_OF_BOUNDS:
            exception_class = MoveTargetOutOfBoundsException
        elif status in ErrorCode.JAVASCRIPT_ERROR:
            exception_class = JavascriptException
        elif status in ErrorCode.SESSION_NOT_CREATED:
            exception_class = SessionNotCreatedException
        elif status in ErrorCode.INVALID_ARGUMENT:
            exception_class = InvalidArgumentException
        elif status in ErrorCode.NO_SUCH_COOKIE:
            exception_class = NoSuchCookieException
        elif status in ErrorCode.UNABLE_TO_CAPTURE_SCREEN:
            exception_class = ScreenshotException
        elif status in ErrorCode.ELEMENT_CLICK_INTERCEPTED:
            exception_class = ElementClickInterceptedException
        elif status in ErrorCode.INSECURE_CERTIFICATE:
            exception_class = InsecureCertificateException
        elif status in ErrorCode.INVALID_COORDINATES:
            exception_class = InvalidCoordinatesException
        elif status in ErrorCode.INVALID_SESSION_ID:
            exception_class = InvalidSessionIdException
        elif status in ErrorCode.UNKNOWN_METHOD:
            exception_class = UnknownMethodException
        else:
            exception_class = WebDriverException
        if not value:
            value = response["value"]
        if isinstance(value, str):
            raise exception_class(value)
        if message == "" and "message" in value:
            message = value["message"]
    
        screen = None  # type: ignore[assignment]
        if "screen" in value:
            screen = value["screen"]
    
        stacktrace = None
        st_value = value.get("stackTrace") or value.get("stacktrace")
        if st_value:
            if isinstance(st_value, str):
                stacktrace = st_value.split("\n")
            else:
                stacktrace = []
                try:
                    for frame in st_value:
                        line = frame.get("lineNumber", "")
                        file = frame.get("fileName", "<anonymous>")
                        if line:
                            file = f"{file}:{line}"
                        meth = frame.get("methodName", "<anonymous>")
                        if "className" in frame:
                            meth = f"{frame['className']}.{meth}"
                        msg = "    at %s (%s)"
                        msg = msg % (meth, file)
                        stacktrace.append(msg)
                except TypeError:
                    pass
        if exception_class == UnexpectedAlertPresentException:
            alert_text = None
            if "data" in value:
                alert_text = value["data"].get("text")
            elif "alert" in value:
                alert_text = value["alert"].get("text")
            raise exception_class(message, screen, stacktrace, alert_text)  # type: ignore[call-arg]  # mypy is not smart enough here
>       raise exception_class(message, screen, stacktrace)
E       selenium.common.exceptions.NoSuchElementException: Message: no such element: Unable to locate element: {"method":"css selector","selector":"[id="username"]"}
E         (Session info: chrome=110.0.5481.100)
E       Stacktrace:
E       0   chromedriver                        0x0000000106011138 chromedriver + 4923704
E       1   chromedriver                        0x0000000105f899d3 chromedriver + 4368851
E       2   chromedriver                        0x0000000105bd2787 chromedriver + 472967
E       3   chromedriver                        0x0000000105c16ba3 chromedriver + 752547
E       4   chromedriver                        0x0000000105c16df1 chromedriver + 753137
E       5   chromedriver                        0x0000000105c5d734 chromedriver + 1042228
E       6   chromedriver                        0x0000000105c3ffdd chromedriver + 921565
E       7   chromedriver                        0x0000000105c5ac0f chromedriver + 1031183
E       8   chromedriver                        0x0000000105c3fd23 chromedriver + 920867
E       9   chromedriver                        0x0000000105c06a4b chromedriver + 686667
E       10  chromedriver                        0x0000000105c08044 chromedriver + 692292
E       11  chromedriver                        0x0000000105fdc8fe chromedriver + 4708606
E       12  chromedriver                        0x0000000105fe1e22 chromedriver + 4730402
E       13  chromedriver                        0x0000000105fea6bf chromedriver + 4765375
E       14  chromedriver                        0x0000000105fe2e80 chromedriver + 4734592
E       15  chromedriver                        0x0000000105fb3975 chromedriver + 4540789
E       16  chromedriver                        0x0000000106004e78 chromedriver + 4873848
E       17  chromedriver                        0x0000000106004ff5 chromedriver + 4874229
E       18  chromedriver                        0x00000001060196de chromedriver + 4957918
E       19  libsystem_pthread.dylib             0x00007fff6bcc1109 _pthread_start + 148
E       20  libsystem_pthread.dylib             0x00007fff6bcbcb8b thread_start + 15

venv/lib/python3.10/site-packages/selenium/webdriver/remote/errorhandler.py:245: NoSuchElementException
------------------------------ Captured log setup ------------------------------
14:29:07 - INFO - ==================================== STARTING TEST: test_signin
14:29:07 - INFO - SESSION ID: e607ec89d3622eda28e32e0c18ea82b9
------------------------------ Captured log call -------------------------------
14:29:07 - INFO - TEST SIGNIN
- generated html file: file:///Users/wesleyhoang/Desktop/code/cymate-template/web-template/test-output/reports/report_2023-02-17_14-28-50.html -
=========================== short test summary info ============================
FAILED src/main/python/company-template/tests/testsuite1-smoke/test_workflow2.py::test_signin
========================= 1 failed, 9 passed in 28.20s =========================
