============================= test session starts ==============================
platform darwin -- Python 3.10.0, pytest-7.2.1, pluggy-1.0.0
rootdir: /Users/wesleyhoang/Desktop/code/cymate-template/web-template
plugins: xdist-3.1.0, html-3.2.0, metadata-2.0.4
gw0 I / gw1 I
[gw0] Python 3.10.0 (v3.10.0:b494f5935c, Oct  4 2021, 14:59:20) [Clang 12.0.5 (clang-1205.0.22.11)]
[gw1] Python 3.10.0 (v3.10.0:b494f5935c, Oct  4 2021, 14:59:20) [Clang 12.0.5 (clang-1205.0.22.11)]
gw0 [7] / gw1 [7]

scheduling tests via LoadFileScheduling

src/main/python/company-template/tests/testsuite1-smoke/test_workflow.py::test_signin 
src/main/python/company-template/tests/testsuite1-smoke/test_smoke.py::test_smoke_one 
[gw1] [ 14%] ERROR src/main/python/company-template/tests/testsuite1-smoke/test_workflow.py::test_signin 
src/main/python/company-template/tests/testsuite1-smoke/test_workflow.py::test_main 
[gw1] [ 28%] ERROR src/main/python/company-template/tests/testsuite1-smoke/test_workflow.py::test_main 
src/main/python/company-template/tests/testsuite1-smoke/test_workflow.py::test_workspace 
[gw1] [ 42%] ERROR src/main/python/company-template/tests/testsuite1-smoke/test_workflow.py::test_workspace 
src/main/python/company-template/tests/testsuite2-functional/test_main_page.py::TestLogin::test_NavigatingToWorkspacesFromMain 
[gw1] [ 57%] ERROR src/main/python/company-template/tests/testsuite2-functional/test_main_page.py::TestLogin::test_NavigatingToWorkspacesFromMain 
[gw0] [ 71%] ERROR src/main/python/company-template/tests/testsuite1-smoke/test_smoke.py::test_smoke_one 
src/main/python/company-template/tests/testsuite1-smoke/test_smoke.py::test_smoke_two 
[gw0] [ 85%] ERROR src/main/python/company-template/tests/testsuite1-smoke/test_smoke.py::test_smoke_two 
src/main/python/company-template/tests/testsuite2-functional/test_login_page.py::TestLogin::test_LoginToPageAndCheckTitle 
[gw0] [100%] ERROR src/main/python/company-template/tests/testsuite2-functional/test_login_page.py::TestLogin::test_LoginToPageAndCheckTitle 

==================================== ERRORS ====================================
________________________ ERROR at setup of test_signin _________________________
[gw1] darwin -- Python 3.10.0 /Users/wesleyhoang/Desktop/code/cymate-template/web-template/venv/bin/python3

request = <SubRequest 'log_testname' for <Function test_signin>>
driver = <selenium.webdriver.chrome.webdriver.WebDriver (session="b8b0ec78bc2b1d9e4d2a91d7664beb31")>

    @pytest.fixture(scope="function", autouse=True)
    def log_testname(request, driver):
        logger = logging.getLogger(__name__)
        logger.setLevel(logging.INFO)
        # logger = get_logger()
        logger.info(f"1 ==================================== STARTING TEST: {request.node.name}")
        logger.info(f"2 ==================================== STARTING TEST: {request.node.name}")
        logger.info(f"3 ==================================== STARTING TEST: {request.node.name}")
>       logger.info("SESSION ID: ", driver.session_id)

src/main/python/company-template/tests/conftest.py:167: 
_ _ _ _ _ _ _ _ _ _ _ _ _ _ _ _ _ _ _ _ _ _ _ _ _ _ _ _ _ _ _ _ _ _ _ _ _ _ _ _ 
/Library/Frameworks/Python.framework/Versions/3.10/lib/python3.10/logging/__init__.py:1468: in info
    self._log(INFO, msg, args, **kwargs)
/Library/Frameworks/Python.framework/Versions/3.10/lib/python3.10/logging/__init__.py:1615: in _log
    self.handle(record)
/Library/Frameworks/Python.framework/Versions/3.10/lib/python3.10/logging/__init__.py:1625: in handle
    self.callHandlers(record)
/Library/Frameworks/Python.framework/Versions/3.10/lib/python3.10/logging/__init__.py:1687: in callHandlers
    hdlr.handle(record)
/Library/Frameworks/Python.framework/Versions/3.10/lib/python3.10/logging/__init__.py:967: in handle
    self.emit(record)
/Library/Frameworks/Python.framework/Versions/3.10/lib/python3.10/logging/__init__.py:1106: in emit
    self.handleError(record)
/Library/Frameworks/Python.framework/Versions/3.10/lib/python3.10/logging/__init__.py:1098: in emit
    msg = self.format(record)
/Library/Frameworks/Python.framework/Versions/3.10/lib/python3.10/logging/__init__.py:942: in format
    return fmt.format(record)
/Library/Frameworks/Python.framework/Versions/3.10/lib/python3.10/logging/__init__.py:678: in format
    record.message = record.getMessage()
_ _ _ _ _ _ _ _ _ _ _ _ _ _ _ _ _ _ _ _ _ _ _ _ _ _ _ _ _ _ _ _ _ _ _ _ _ _ _ _ 

self = <LogRecord: conftest, 20, /Users/wesleyhoang/Desktop/code/cymate-template/web-template/src/main/python/company-template/tests/conftest.py, 167, "SESSION ID: ">

    def getMessage(self):
        """
        Return the message for this LogRecord.
    
        Return the message for this LogRecord after merging any user-supplied
        arguments with the message.
        """
        msg = str(self.msg)
        if self.args:
>           msg = msg % self.args
E           TypeError: not all arguments converted during string formatting

/Library/Frameworks/Python.framework/Versions/3.10/lib/python3.10/logging/__init__.py:368: TypeError
---------------------------- Captured stderr setup -----------------------------
--- Logging error ---
Traceback (most recent call last):
  File "/Library/Frameworks/Python.framework/Versions/3.10/lib/python3.10/logging/__init__.py", line 1098, in emit
    msg = self.format(record)
  File "/Library/Frameworks/Python.framework/Versions/3.10/lib/python3.10/logging/__init__.py", line 942, in format
    return fmt.format(record)
  File "/Library/Frameworks/Python.framework/Versions/3.10/lib/python3.10/logging/__init__.py", line 678, in format
    record.message = record.getMessage()
  File "/Library/Frameworks/Python.framework/Versions/3.10/lib/python3.10/logging/__init__.py", line 368, in getMessage
    msg = msg % self.args
TypeError: not all arguments converted during string formatting
Call stack:
  File "<string>", line 1, in <module>
  File "<string>", line 8, in <module>
  File "/Users/wesleyhoang/Desktop/code/cymate-template/web-template/venv/lib/python3.10/site-packages/execnet/gateway_base.py", line 1554, in serve
    WorkerGateway(io=io, id=id, _startcount=2).serve()
  File "/Users/wesleyhoang/Desktop/code/cymate-template/web-template/venv/lib/python3.10/site-packages/execnet/gateway_base.py", line 1060, in serve
    self._execpool.integrate_as_primary_thread()
  File "/Users/wesleyhoang/Desktop/code/cymate-template/web-template/venv/lib/python3.10/site-packages/execnet/gateway_base.py", line 267, in integrate_as_primary_thread
    self._perform_spawn(reply)
  File "/Users/wesleyhoang/Desktop/code/cymate-template/web-template/venv/lib/python3.10/site-packages/execnet/gateway_base.py", line 285, in _perform_spawn
    reply.run()
  File "/Users/wesleyhoang/Desktop/code/cymate-template/web-template/venv/lib/python3.10/site-packages/execnet/gateway_base.py", line 220, in run
    self._result = func(*args, **kwargs)
  File "/Users/wesleyhoang/Desktop/code/cymate-template/web-template/venv/lib/python3.10/site-packages/execnet/gateway_base.py", line 1084, in executetask
    do_exec(co, loc)  # noqa
  File "/Users/wesleyhoang/Desktop/code/cymate-template/web-template/venv/lib/python3.10/site-packages/xdist/remote.py", line 312, in <module>
    config.hook.pytest_cmdline_main(config=config)
  File "/Users/wesleyhoang/Desktop/code/cymate-template/web-template/venv/lib/python3.10/site-packages/pluggy/_hooks.py", line 265, in __call__
    return self._hookexec(self.name, self.get_hookimpls(), kwargs, firstresult)
  File "/Users/wesleyhoang/Desktop/code/cymate-template/web-template/venv/lib/python3.10/site-packages/pluggy/_manager.py", line 80, in _hookexec
    return self._inner_hookexec(hook_name, methods, kwargs, firstresult)
  File "/Users/wesleyhoang/Desktop/code/cymate-template/web-template/venv/lib/python3.10/site-packages/pluggy/_callers.py", line 39, in _multicall
    res = hook_impl.function(*args)
  File "/Users/wesleyhoang/Desktop/code/cymate-template/web-template/venv/lib/python3.10/site-packages/_pytest/main.py", line 317, in pytest_cmdline_main
    return wrap_session(config, _main)
  File "/Users/wesleyhoang/Desktop/code/cymate-template/web-template/venv/lib/python3.10/site-packages/_pytest/main.py", line 270, in wrap_session
    session.exitstatus = doit(config, session) or 0
  File "/Users/wesleyhoang/Desktop/code/cymate-template/web-template/venv/lib/python3.10/site-packages/_pytest/main.py", line 324, in _main
    config.hook.pytest_runtestloop(session=session)
  File "/Users/wesleyhoang/Desktop/code/cymate-template/web-template/venv/lib/python3.10/site-packages/pluggy/_hooks.py", line 265, in __call__
    return self._hookexec(self.name, self.get_hookimpls(), kwargs, firstresult)
  File "/Users/wesleyhoang/Desktop/code/cymate-template/web-template/venv/lib/python3.10/site-packages/pluggy/_manager.py", line 80, in _hookexec
    return self._inner_hookexec(hook_name, methods, kwargs, firstresult)
  File "/Users/wesleyhoang/Desktop/code/cymate-template/web-template/venv/lib/python3.10/site-packages/pluggy/_callers.py", line 39, in _multicall
    res = hook_impl.function(*args)
  File "/Users/wesleyhoang/Desktop/code/cymate-template/web-template/venv/lib/python3.10/site-packages/xdist/remote.py", line 112, in pytest_runtestloop
    self.run_one_test(torun)
  File "/Users/wesleyhoang/Desktop/code/cymate-template/web-template/venv/lib/python3.10/site-packages/xdist/remote.py", line 131, in run_one_test
    self.config.hook.pytest_runtest_protocol(item=item, nextitem=nextitem)
  File "/Users/wesleyhoang/Desktop/code/cymate-template/web-template/venv/lib/python3.10/site-packages/pluggy/_hooks.py", line 265, in __call__
    return self._hookexec(self.name, self.get_hookimpls(), kwargs, firstresult)
  File "/Users/wesleyhoang/Desktop/code/cymate-template/web-template/venv/lib/python3.10/site-packages/pluggy/_manager.py", line 80, in _hookexec
    return self._inner_hookexec(hook_name, methods, kwargs, firstresult)
  File "/Users/wesleyhoang/Desktop/code/cymate-template/web-template/venv/lib/python3.10/site-packages/pluggy/_callers.py", line 39, in _multicall
    res = hook_impl.function(*args)
  File "/Users/wesleyhoang/Desktop/code/cymate-template/web-template/venv/lib/python3.10/site-packages/_pytest/runner.py", line 112, in pytest_runtest_protocol
    runtestprotocol(item, nextitem=nextitem)
  File "/Users/wesleyhoang/Desktop/code/cymate-template/web-template/venv/lib/python3.10/site-packages/_pytest/runner.py", line 125, in runtestprotocol
    rep = call_and_report(item, "setup", log)
  File "/Users/wesleyhoang/Desktop/code/cymate-template/web-template/venv/lib/python3.10/site-packages/_pytest/runner.py", line 220, in call_and_report
    call = call_runtest_hook(item, when, **kwds)
  File "/Users/wesleyhoang/Desktop/code/cymate-template/web-template/venv/lib/python3.10/site-packages/_pytest/runner.py", line 259, in call_runtest_hook
    return CallInfo.from_call(
  File "/Users/wesleyhoang/Desktop/code/cymate-template/web-template/venv/lib/python3.10/site-packages/_pytest/runner.py", line 339, in from_call
    result: Optional[TResult] = func()
  File "/Users/wesleyhoang/Desktop/code/cymate-template/web-template/venv/lib/python3.10/site-packages/_pytest/runner.py", line 260, in <lambda>
    lambda: ihook(item=item, **kwds), when=when, reraise=reraise
  File "/Users/wesleyhoang/Desktop/code/cymate-template/web-template/venv/lib/python3.10/site-packages/pluggy/_hooks.py", line 265, in __call__
    return self._hookexec(self.name, self.get_hookimpls(), kwargs, firstresult)
  File "/Users/wesleyhoang/Desktop/code/cymate-template/web-template/venv/lib/python3.10/site-packages/pluggy/_manager.py", line 80, in _hookexec
    return self._inner_hookexec(hook_name, methods, kwargs, firstresult)
  File "/Users/wesleyhoang/Desktop/code/cymate-template/web-template/venv/lib/python3.10/site-packages/pluggy/_callers.py", line 39, in _multicall
    res = hook_impl.function(*args)
  File "/Users/wesleyhoang/Desktop/code/cymate-template/web-template/venv/lib/python3.10/site-packages/_pytest/runner.py", line 155, in pytest_runtest_setup
    item.session._setupstate.setup(item)
  File "/Users/wesleyhoang/Desktop/code/cymate-template/web-template/venv/lib/python3.10/site-packages/_pytest/runner.py", line 492, in setup
    col.setup()
  File "/Users/wesleyhoang/Desktop/code/cymate-template/web-template/venv/lib/python3.10/site-packages/_pytest/python.py", line 1792, in setup
    self._request._fillfixtures()
  File "/Users/wesleyhoang/Desktop/code/cymate-template/web-template/venv/lib/python3.10/site-packages/_pytest/fixtures.py", line 550, in _fillfixtures
    item.funcargs[argname] = self.getfixturevalue(argname)
  File "/Users/wesleyhoang/Desktop/code/cymate-template/web-template/venv/lib/python3.10/site-packages/_pytest/fixtures.py", line 569, in getfixturevalue
    fixturedef = self._get_active_fixturedef(argname)
  File "/Users/wesleyhoang/Desktop/code/cymate-template/web-template/venv/lib/python3.10/site-packages/_pytest/fixtures.py", line 591, in _get_active_fixturedef
    self._compute_fixture_value(fixturedef)
  File "/Users/wesleyhoang/Desktop/code/cymate-template/web-template/venv/lib/python3.10/site-packages/_pytest/fixtures.py", line 677, in _compute_fixture_value
    fixturedef.execute(request=subrequest)
  File "/Users/wesleyhoang/Desktop/code/cymate-template/web-template/venv/lib/python3.10/site-packages/_pytest/fixtures.py", line 1075, in execute
    result = ihook.pytest_fixture_setup(fixturedef=self, request=request)
  File "/Users/wesleyhoang/Desktop/code/cymate-template/web-template/venv/lib/python3.10/site-packages/pluggy/_hooks.py", line 265, in __call__
    return self._hookexec(self.name, self.get_hookimpls(), kwargs, firstresult)
  File "/Users/wesleyhoang/Desktop/code/cymate-template/web-template/venv/lib/python3.10/site-packages/pluggy/_manager.py", line 80, in _hookexec
    return self._inner_hookexec(hook_name, methods, kwargs, firstresult)
  File "/Users/wesleyhoang/Desktop/code/cymate-template/web-template/venv/lib/python3.10/site-packages/pluggy/_callers.py", line 39, in _multicall
    res = hook_impl.function(*args)
  File "/Users/wesleyhoang/Desktop/code/cymate-template/web-template/venv/lib/python3.10/site-packages/_pytest/fixtures.py", line 1129, in pytest_fixture_setup
    result = call_fixture_func(fixturefunc, request, kwargs)
  File "/Users/wesleyhoang/Desktop/code/cymate-template/web-template/venv/lib/python3.10/site-packages/_pytest/fixtures.py", line 908, in call_fixture_func
    fixture_result = fixturefunc(**kwargs)
  File "/Users/wesleyhoang/Desktop/code/cymate-template/web-template/src/main/python/company-template/tests/conftest.py", line 167, in log_testname
    logger.info("SESSION ID: ", driver.session_id)
Message: 'SESSION ID: '
Arguments: ('b8b0ec78bc2b1d9e4d2a91d7664beb31',)
------------------------------ Captured log setup ------------------------------
15645 - 21:40:00 - INFO - 1 ==================================== STARTING TEST: test_signin
15645 - 21:40:00 - INFO - 2 ==================================== STARTING TEST: test_signin
15645 - 21:40:00 - INFO - 3 ==================================== STARTING TEST: test_signin
_________________________ ERROR at setup of test_main __________________________
[gw1] darwin -- Python 3.10.0 /Users/wesleyhoang/Desktop/code/cymate-template/web-template/venv/bin/python3

request = <SubRequest 'log_testname' for <Function test_main>>
driver = <selenium.webdriver.chrome.webdriver.WebDriver (session="b8b0ec78bc2b1d9e4d2a91d7664beb31")>

    @pytest.fixture(scope="function", autouse=True)
    def log_testname(request, driver):
        logger = logging.getLogger(__name__)
        logger.setLevel(logging.INFO)
        # logger = get_logger()
        logger.info(f"1 ==================================== STARTING TEST: {request.node.name}")
        logger.info(f"2 ==================================== STARTING TEST: {request.node.name}")
        logger.info(f"3 ==================================== STARTING TEST: {request.node.name}")
>       logger.info("SESSION ID: ", driver.session_id)

src/main/python/company-template/tests/conftest.py:167: 
_ _ _ _ _ _ _ _ _ _ _ _ _ _ _ _ _ _ _ _ _ _ _ _ _ _ _ _ _ _ _ _ _ _ _ _ _ _ _ _ 
/Library/Frameworks/Python.framework/Versions/3.10/lib/python3.10/logging/__init__.py:1468: in info
    self._log(INFO, msg, args, **kwargs)
/Library/Frameworks/Python.framework/Versions/3.10/lib/python3.10/logging/__init__.py:1615: in _log
    self.handle(record)
/Library/Frameworks/Python.framework/Versions/3.10/lib/python3.10/logging/__init__.py:1625: in handle
    self.callHandlers(record)
/Library/Frameworks/Python.framework/Versions/3.10/lib/python3.10/logging/__init__.py:1687: in callHandlers
    hdlr.handle(record)
/Library/Frameworks/Python.framework/Versions/3.10/lib/python3.10/logging/__init__.py:967: in handle
    self.emit(record)
/Library/Frameworks/Python.framework/Versions/3.10/lib/python3.10/logging/__init__.py:1106: in emit
    self.handleError(record)
/Library/Frameworks/Python.framework/Versions/3.10/lib/python3.10/logging/__init__.py:1098: in emit
    msg = self.format(record)
/Library/Frameworks/Python.framework/Versions/3.10/lib/python3.10/logging/__init__.py:942: in format
    return fmt.format(record)
/Library/Frameworks/Python.framework/Versions/3.10/lib/python3.10/logging/__init__.py:678: in format
    record.message = record.getMessage()
_ _ _ _ _ _ _ _ _ _ _ _ _ _ _ _ _ _ _ _ _ _ _ _ _ _ _ _ _ _ _ _ _ _ _ _ _ _ _ _ 

self = <LogRecord: conftest, 20, /Users/wesleyhoang/Desktop/code/cymate-template/web-template/src/main/python/company-template/tests/conftest.py, 167, "SESSION ID: ">

    def getMessage(self):
        """
        Return the message for this LogRecord.
    
        Return the message for this LogRecord after merging any user-supplied
        arguments with the message.
        """
        msg = str(self.msg)
        if self.args:
>           msg = msg % self.args
E           TypeError: not all arguments converted during string formatting

/Library/Frameworks/Python.framework/Versions/3.10/lib/python3.10/logging/__init__.py:368: TypeError
---------------------------- Captured stderr setup -----------------------------
--- Logging error ---
Traceback (most recent call last):
  File "/Library/Frameworks/Python.framework/Versions/3.10/lib/python3.10/logging/__init__.py", line 1098, in emit
    msg = self.format(record)
  File "/Library/Frameworks/Python.framework/Versions/3.10/lib/python3.10/logging/__init__.py", line 942, in format
    return fmt.format(record)
  File "/Library/Frameworks/Python.framework/Versions/3.10/lib/python3.10/logging/__init__.py", line 678, in format
    record.message = record.getMessage()
  File "/Library/Frameworks/Python.framework/Versions/3.10/lib/python3.10/logging/__init__.py", line 368, in getMessage
    msg = msg % self.args
TypeError: not all arguments converted during string formatting
Call stack:
  File "<string>", line 1, in <module>
  File "<string>", line 8, in <module>
  File "/Users/wesleyhoang/Desktop/code/cymate-template/web-template/venv/lib/python3.10/site-packages/execnet/gateway_base.py", line 1554, in serve
    WorkerGateway(io=io, id=id, _startcount=2).serve()
  File "/Users/wesleyhoang/Desktop/code/cymate-template/web-template/venv/lib/python3.10/site-packages/execnet/gateway_base.py", line 1060, in serve
    self._execpool.integrate_as_primary_thread()
  File "/Users/wesleyhoang/Desktop/code/cymate-template/web-template/venv/lib/python3.10/site-packages/execnet/gateway_base.py", line 267, in integrate_as_primary_thread
    self._perform_spawn(reply)
  File "/Users/wesleyhoang/Desktop/code/cymate-template/web-template/venv/lib/python3.10/site-packages/execnet/gateway_base.py", line 285, in _perform_spawn
    reply.run()
  File "/Users/wesleyhoang/Desktop/code/cymate-template/web-template/venv/lib/python3.10/site-packages/execnet/gateway_base.py", line 220, in run
    self._result = func(*args, **kwargs)
  File "/Users/wesleyhoang/Desktop/code/cymate-template/web-template/venv/lib/python3.10/site-packages/execnet/gateway_base.py", line 1084, in executetask
    do_exec(co, loc)  # noqa
  File "/Users/wesleyhoang/Desktop/code/cymate-template/web-template/venv/lib/python3.10/site-packages/xdist/remote.py", line 312, in <module>
    config.hook.pytest_cmdline_main(config=config)
  File "/Users/wesleyhoang/Desktop/code/cymate-template/web-template/venv/lib/python3.10/site-packages/pluggy/_hooks.py", line 265, in __call__
    return self._hookexec(self.name, self.get_hookimpls(), kwargs, firstresult)
  File "/Users/wesleyhoang/Desktop/code/cymate-template/web-template/venv/lib/python3.10/site-packages/pluggy/_manager.py", line 80, in _hookexec
    return self._inner_hookexec(hook_name, methods, kwargs, firstresult)
  File "/Users/wesleyhoang/Desktop/code/cymate-template/web-template/venv/lib/python3.10/site-packages/pluggy/_callers.py", line 39, in _multicall
    res = hook_impl.function(*args)
  File "/Users/wesleyhoang/Desktop/code/cymate-template/web-template/venv/lib/python3.10/site-packages/_pytest/main.py", line 317, in pytest_cmdline_main
    return wrap_session(config, _main)
  File "/Users/wesleyhoang/Desktop/code/cymate-template/web-template/venv/lib/python3.10/site-packages/_pytest/main.py", line 270, in wrap_session
    session.exitstatus = doit(config, session) or 0
  File "/Users/wesleyhoang/Desktop/code/cymate-template/web-template/venv/lib/python3.10/site-packages/_pytest/main.py", line 324, in _main
    config.hook.pytest_runtestloop(session=session)
  File "/Users/wesleyhoang/Desktop/code/cymate-template/web-template/venv/lib/python3.10/site-packages/pluggy/_hooks.py", line 265, in __call__
    return self._hookexec(self.name, self.get_hookimpls(), kwargs, firstresult)
  File "/Users/wesleyhoang/Desktop/code/cymate-template/web-template/venv/lib/python3.10/site-packages/pluggy/_manager.py", line 80, in _hookexec
    return self._inner_hookexec(hook_name, methods, kwargs, firstresult)
  File "/Users/wesleyhoang/Desktop/code/cymate-template/web-template/venv/lib/python3.10/site-packages/pluggy/_callers.py", line 39, in _multicall
    res = hook_impl.function(*args)
  File "/Users/wesleyhoang/Desktop/code/cymate-template/web-template/venv/lib/python3.10/site-packages/xdist/remote.py", line 112, in pytest_runtestloop
    self.run_one_test(torun)
  File "/Users/wesleyhoang/Desktop/code/cymate-template/web-template/venv/lib/python3.10/site-packages/xdist/remote.py", line 131, in run_one_test
    self.config.hook.pytest_runtest_protocol(item=item, nextitem=nextitem)
  File "/Users/wesleyhoang/Desktop/code/cymate-template/web-template/venv/lib/python3.10/site-packages/pluggy/_hooks.py", line 265, in __call__
    return self._hookexec(self.name, self.get_hookimpls(), kwargs, firstresult)
  File "/Users/wesleyhoang/Desktop/code/cymate-template/web-template/venv/lib/python3.10/site-packages/pluggy/_manager.py", line 80, in _hookexec
    return self._inner_hookexec(hook_name, methods, kwargs, firstresult)
  File "/Users/wesleyhoang/Desktop/code/cymate-template/web-template/venv/lib/python3.10/site-packages/pluggy/_callers.py", line 39, in _multicall
    res = hook_impl.function(*args)
  File "/Users/wesleyhoang/Desktop/code/cymate-template/web-template/venv/lib/python3.10/site-packages/_pytest/runner.py", line 112, in pytest_runtest_protocol
    runtestprotocol(item, nextitem=nextitem)
  File "/Users/wesleyhoang/Desktop/code/cymate-template/web-template/venv/lib/python3.10/site-packages/_pytest/runner.py", line 125, in runtestprotocol
    rep = call_and_report(item, "setup", log)
  File "/Users/wesleyhoang/Desktop/code/cymate-template/web-template/venv/lib/python3.10/site-packages/_pytest/runner.py", line 220, in call_and_report
    call = call_runtest_hook(item, when, **kwds)
  File "/Users/wesleyhoang/Desktop/code/cymate-template/web-template/venv/lib/python3.10/site-packages/_pytest/runner.py", line 259, in call_runtest_hook
    return CallInfo.from_call(
  File "/Users/wesleyhoang/Desktop/code/cymate-template/web-template/venv/lib/python3.10/site-packages/_pytest/runner.py", line 339, in from_call
    result: Optional[TResult] = func()
  File "/Users/wesleyhoang/Desktop/code/cymate-template/web-template/venv/lib/python3.10/site-packages/_pytest/runner.py", line 260, in <lambda>
    lambda: ihook(item=item, **kwds), when=when, reraise=reraise
  File "/Users/wesleyhoang/Desktop/code/cymate-template/web-template/venv/lib/python3.10/site-packages/pluggy/_hooks.py", line 265, in __call__
    return self._hookexec(self.name, self.get_hookimpls(), kwargs, firstresult)
  File "/Users/wesleyhoang/Desktop/code/cymate-template/web-template/venv/lib/python3.10/site-packages/pluggy/_manager.py", line 80, in _hookexec
    return self._inner_hookexec(hook_name, methods, kwargs, firstresult)
  File "/Users/wesleyhoang/Desktop/code/cymate-template/web-template/venv/lib/python3.10/site-packages/pluggy/_callers.py", line 39, in _multicall
    res = hook_impl.function(*args)
  File "/Users/wesleyhoang/Desktop/code/cymate-template/web-template/venv/lib/python3.10/site-packages/_pytest/runner.py", line 155, in pytest_runtest_setup
    item.session._setupstate.setup(item)
  File "/Users/wesleyhoang/Desktop/code/cymate-template/web-template/venv/lib/python3.10/site-packages/_pytest/runner.py", line 492, in setup
    col.setup()
  File "/Users/wesleyhoang/Desktop/code/cymate-template/web-template/venv/lib/python3.10/site-packages/_pytest/python.py", line 1792, in setup
    self._request._fillfixtures()
  File "/Users/wesleyhoang/Desktop/code/cymate-template/web-template/venv/lib/python3.10/site-packages/_pytest/fixtures.py", line 550, in _fillfixtures
    item.funcargs[argname] = self.getfixturevalue(argname)
  File "/Users/wesleyhoang/Desktop/code/cymate-template/web-template/venv/lib/python3.10/site-packages/_pytest/fixtures.py", line 569, in getfixturevalue
    fixturedef = self._get_active_fixturedef(argname)
  File "/Users/wesleyhoang/Desktop/code/cymate-template/web-template/venv/lib/python3.10/site-packages/_pytest/fixtures.py", line 591, in _get_active_fixturedef
    self._compute_fixture_value(fixturedef)
  File "/Users/wesleyhoang/Desktop/code/cymate-template/web-template/venv/lib/python3.10/site-packages/_pytest/fixtures.py", line 677, in _compute_fixture_value
    fixturedef.execute(request=subrequest)
  File "/Users/wesleyhoang/Desktop/code/cymate-template/web-template/venv/lib/python3.10/site-packages/_pytest/fixtures.py", line 1075, in execute
    result = ihook.pytest_fixture_setup(fixturedef=self, request=request)
  File "/Users/wesleyhoang/Desktop/code/cymate-template/web-template/venv/lib/python3.10/site-packages/pluggy/_hooks.py", line 265, in __call__
    return self._hookexec(self.name, self.get_hookimpls(), kwargs, firstresult)
  File "/Users/wesleyhoang/Desktop/code/cymate-template/web-template/venv/lib/python3.10/site-packages/pluggy/_manager.py", line 80, in _hookexec
    return self._inner_hookexec(hook_name, methods, kwargs, firstresult)
  File "/Users/wesleyhoang/Desktop/code/cymate-template/web-template/venv/lib/python3.10/site-packages/pluggy/_callers.py", line 39, in _multicall
    res = hook_impl.function(*args)
  File "/Users/wesleyhoang/Desktop/code/cymate-template/web-template/venv/lib/python3.10/site-packages/_pytest/fixtures.py", line 1129, in pytest_fixture_setup
    result = call_fixture_func(fixturefunc, request, kwargs)
  File "/Users/wesleyhoang/Desktop/code/cymate-template/web-template/venv/lib/python3.10/site-packages/_pytest/fixtures.py", line 908, in call_fixture_func
    fixture_result = fixturefunc(**kwargs)
  File "/Users/wesleyhoang/Desktop/code/cymate-template/web-template/src/main/python/company-template/tests/conftest.py", line 167, in log_testname
    logger.info("SESSION ID: ", driver.session_id)
Message: 'SESSION ID: '
Arguments: ('b8b0ec78bc2b1d9e4d2a91d7664beb31',)
------------------------------ Captured log setup ------------------------------
15645 - 21:40:01 - INFO - 1 ==================================== STARTING TEST: test_main
15645 - 21:40:01 - INFO - 2 ==================================== STARTING TEST: test_main
15645 - 21:40:01 - INFO - 3 ==================================== STARTING TEST: test_main
_______________________ ERROR at setup of test_workspace _______________________
[gw1] darwin -- Python 3.10.0 /Users/wesleyhoang/Desktop/code/cymate-template/web-template/venv/bin/python3

request = <SubRequest 'log_testname' for <Function test_workspace>>
driver = <selenium.webdriver.chrome.webdriver.WebDriver (session="b8b0ec78bc2b1d9e4d2a91d7664beb31")>

    @pytest.fixture(scope="function", autouse=True)
    def log_testname(request, driver):
        logger = logging.getLogger(__name__)
        logger.setLevel(logging.INFO)
        # logger = get_logger()
        logger.info(f"1 ==================================== STARTING TEST: {request.node.name}")
        logger.info(f"2 ==================================== STARTING TEST: {request.node.name}")
        logger.info(f"3 ==================================== STARTING TEST: {request.node.name}")
>       logger.info("SESSION ID: ", driver.session_id)

src/main/python/company-template/tests/conftest.py:167: 
_ _ _ _ _ _ _ _ _ _ _ _ _ _ _ _ _ _ _ _ _ _ _ _ _ _ _ _ _ _ _ _ _ _ _ _ _ _ _ _ 
/Library/Frameworks/Python.framework/Versions/3.10/lib/python3.10/logging/__init__.py:1468: in info
    self._log(INFO, msg, args, **kwargs)
/Library/Frameworks/Python.framework/Versions/3.10/lib/python3.10/logging/__init__.py:1615: in _log
    self.handle(record)
/Library/Frameworks/Python.framework/Versions/3.10/lib/python3.10/logging/__init__.py:1625: in handle
    self.callHandlers(record)
/Library/Frameworks/Python.framework/Versions/3.10/lib/python3.10/logging/__init__.py:1687: in callHandlers
    hdlr.handle(record)
/Library/Frameworks/Python.framework/Versions/3.10/lib/python3.10/logging/__init__.py:967: in handle
    self.emit(record)
/Library/Frameworks/Python.framework/Versions/3.10/lib/python3.10/logging/__init__.py:1106: in emit
    self.handleError(record)
/Library/Frameworks/Python.framework/Versions/3.10/lib/python3.10/logging/__init__.py:1098: in emit
    msg = self.format(record)
/Library/Frameworks/Python.framework/Versions/3.10/lib/python3.10/logging/__init__.py:942: in format
    return fmt.format(record)
/Library/Frameworks/Python.framework/Versions/3.10/lib/python3.10/logging/__init__.py:678: in format
    record.message = record.getMessage()
_ _ _ _ _ _ _ _ _ _ _ _ _ _ _ _ _ _ _ _ _ _ _ _ _ _ _ _ _ _ _ _ _ _ _ _ _ _ _ _ 

self = <LogRecord: conftest, 20, /Users/wesleyhoang/Desktop/code/cymate-template/web-template/src/main/python/company-template/tests/conftest.py, 167, "SESSION ID: ">

    def getMessage(self):
        """
        Return the message for this LogRecord.
    
        Return the message for this LogRecord after merging any user-supplied
        arguments with the message.
        """
        msg = str(self.msg)
        if self.args:
>           msg = msg % self.args
E           TypeError: not all arguments converted during string formatting

/Library/Frameworks/Python.framework/Versions/3.10/lib/python3.10/logging/__init__.py:368: TypeError
---------------------------- Captured stderr setup -----------------------------
--- Logging error ---
Traceback (most recent call last):
  File "/Library/Frameworks/Python.framework/Versions/3.10/lib/python3.10/logging/__init__.py", line 1098, in emit
    msg = self.format(record)
  File "/Library/Frameworks/Python.framework/Versions/3.10/lib/python3.10/logging/__init__.py", line 942, in format
    return fmt.format(record)
  File "/Library/Frameworks/Python.framework/Versions/3.10/lib/python3.10/logging/__init__.py", line 678, in format
    record.message = record.getMessage()
  File "/Library/Frameworks/Python.framework/Versions/3.10/lib/python3.10/logging/__init__.py", line 368, in getMessage
    msg = msg % self.args
TypeError: not all arguments converted during string formatting
Call stack:
  File "<string>", line 1, in <module>
  File "<string>", line 8, in <module>
  File "/Users/wesleyhoang/Desktop/code/cymate-template/web-template/venv/lib/python3.10/site-packages/execnet/gateway_base.py", line 1554, in serve
    WorkerGateway(io=io, id=id, _startcount=2).serve()
  File "/Users/wesleyhoang/Desktop/code/cymate-template/web-template/venv/lib/python3.10/site-packages/execnet/gateway_base.py", line 1060, in serve
    self._execpool.integrate_as_primary_thread()
  File "/Users/wesleyhoang/Desktop/code/cymate-template/web-template/venv/lib/python3.10/site-packages/execnet/gateway_base.py", line 267, in integrate_as_primary_thread
    self._perform_spawn(reply)
  File "/Users/wesleyhoang/Desktop/code/cymate-template/web-template/venv/lib/python3.10/site-packages/execnet/gateway_base.py", line 285, in _perform_spawn
    reply.run()
  File "/Users/wesleyhoang/Desktop/code/cymate-template/web-template/venv/lib/python3.10/site-packages/execnet/gateway_base.py", line 220, in run
    self._result = func(*args, **kwargs)
  File "/Users/wesleyhoang/Desktop/code/cymate-template/web-template/venv/lib/python3.10/site-packages/execnet/gateway_base.py", line 1084, in executetask
    do_exec(co, loc)  # noqa
  File "/Users/wesleyhoang/Desktop/code/cymate-template/web-template/venv/lib/python3.10/site-packages/xdist/remote.py", line 312, in <module>
    config.hook.pytest_cmdline_main(config=config)
  File "/Users/wesleyhoang/Desktop/code/cymate-template/web-template/venv/lib/python3.10/site-packages/pluggy/_hooks.py", line 265, in __call__
    return self._hookexec(self.name, self.get_hookimpls(), kwargs, firstresult)
  File "/Users/wesleyhoang/Desktop/code/cymate-template/web-template/venv/lib/python3.10/site-packages/pluggy/_manager.py", line 80, in _hookexec
    return self._inner_hookexec(hook_name, methods, kwargs, firstresult)
  File "/Users/wesleyhoang/Desktop/code/cymate-template/web-template/venv/lib/python3.10/site-packages/pluggy/_callers.py", line 39, in _multicall
    res = hook_impl.function(*args)
  File "/Users/wesleyhoang/Desktop/code/cymate-template/web-template/venv/lib/python3.10/site-packages/_pytest/main.py", line 317, in pytest_cmdline_main
    return wrap_session(config, _main)
  File "/Users/wesleyhoang/Desktop/code/cymate-template/web-template/venv/lib/python3.10/site-packages/_pytest/main.py", line 270, in wrap_session
    session.exitstatus = doit(config, session) or 0
  File "/Users/wesleyhoang/Desktop/code/cymate-template/web-template/venv/lib/python3.10/site-packages/_pytest/main.py", line 324, in _main
    config.hook.pytest_runtestloop(session=session)
  File "/Users/wesleyhoang/Desktop/code/cymate-template/web-template/venv/lib/python3.10/site-packages/pluggy/_hooks.py", line 265, in __call__
    return self._hookexec(self.name, self.get_hookimpls(), kwargs, firstresult)
  File "/Users/wesleyhoang/Desktop/code/cymate-template/web-template/venv/lib/python3.10/site-packages/pluggy/_manager.py", line 80, in _hookexec
    return self._inner_hookexec(hook_name, methods, kwargs, firstresult)
  File "/Users/wesleyhoang/Desktop/code/cymate-template/web-template/venv/lib/python3.10/site-packages/pluggy/_callers.py", line 39, in _multicall
    res = hook_impl.function(*args)
  File "/Users/wesleyhoang/Desktop/code/cymate-template/web-template/venv/lib/python3.10/site-packages/xdist/remote.py", line 112, in pytest_runtestloop
    self.run_one_test(torun)
  File "/Users/wesleyhoang/Desktop/code/cymate-template/web-template/venv/lib/python3.10/site-packages/xdist/remote.py", line 131, in run_one_test
    self.config.hook.pytest_runtest_protocol(item=item, nextitem=nextitem)
  File "/Users/wesleyhoang/Desktop/code/cymate-template/web-template/venv/lib/python3.10/site-packages/pluggy/_hooks.py", line 265, in __call__
    return self._hookexec(self.name, self.get_hookimpls(), kwargs, firstresult)
  File "/Users/wesleyhoang/Desktop/code/cymate-template/web-template/venv/lib/python3.10/site-packages/pluggy/_manager.py", line 80, in _hookexec
    return self._inner_hookexec(hook_name, methods, kwargs, firstresult)
  File "/Users/wesleyhoang/Desktop/code/cymate-template/web-template/venv/lib/python3.10/site-packages/pluggy/_callers.py", line 39, in _multicall
    res = hook_impl.function(*args)
  File "/Users/wesleyhoang/Desktop/code/cymate-template/web-template/venv/lib/python3.10/site-packages/_pytest/runner.py", line 112, in pytest_runtest_protocol
    runtestprotocol(item, nextitem=nextitem)
  File "/Users/wesleyhoang/Desktop/code/cymate-template/web-template/venv/lib/python3.10/site-packages/_pytest/runner.py", line 125, in runtestprotocol
    rep = call_and_report(item, "setup", log)
  File "/Users/wesleyhoang/Desktop/code/cymate-template/web-template/venv/lib/python3.10/site-packages/_pytest/runner.py", line 220, in call_and_report
    call = call_runtest_hook(item, when, **kwds)
  File "/Users/wesleyhoang/Desktop/code/cymate-template/web-template/venv/lib/python3.10/site-packages/_pytest/runner.py", line 259, in call_runtest_hook
    return CallInfo.from_call(
  File "/Users/wesleyhoang/Desktop/code/cymate-template/web-template/venv/lib/python3.10/site-packages/_pytest/runner.py", line 339, in from_call
    result: Optional[TResult] = func()
  File "/Users/wesleyhoang/Desktop/code/cymate-template/web-template/venv/lib/python3.10/site-packages/_pytest/runner.py", line 260, in <lambda>
    lambda: ihook(item=item, **kwds), when=when, reraise=reraise
  File "/Users/wesleyhoang/Desktop/code/cymate-template/web-template/venv/lib/python3.10/site-packages/pluggy/_hooks.py", line 265, in __call__
    return self._hookexec(self.name, self.get_hookimpls(), kwargs, firstresult)
  File "/Users/wesleyhoang/Desktop/code/cymate-template/web-template/venv/lib/python3.10/site-packages/pluggy/_manager.py", line 80, in _hookexec
    return self._inner_hookexec(hook_name, methods, kwargs, firstresult)
  File "/Users/wesleyhoang/Desktop/code/cymate-template/web-template/venv/lib/python3.10/site-packages/pluggy/_callers.py", line 39, in _multicall
    res = hook_impl.function(*args)
  File "/Users/wesleyhoang/Desktop/code/cymate-template/web-template/venv/lib/python3.10/site-packages/_pytest/runner.py", line 155, in pytest_runtest_setup
    item.session._setupstate.setup(item)
  File "/Users/wesleyhoang/Desktop/code/cymate-template/web-template/venv/lib/python3.10/site-packages/_pytest/runner.py", line 492, in setup
    col.setup()
  File "/Users/wesleyhoang/Desktop/code/cymate-template/web-template/venv/lib/python3.10/site-packages/_pytest/python.py", line 1792, in setup
    self._request._fillfixtures()
  File "/Users/wesleyhoang/Desktop/code/cymate-template/web-template/venv/lib/python3.10/site-packages/_pytest/fixtures.py", line 550, in _fillfixtures
    item.funcargs[argname] = self.getfixturevalue(argname)
  File "/Users/wesleyhoang/Desktop/code/cymate-template/web-template/venv/lib/python3.10/site-packages/_pytest/fixtures.py", line 569, in getfixturevalue
    fixturedef = self._get_active_fixturedef(argname)
  File "/Users/wesleyhoang/Desktop/code/cymate-template/web-template/venv/lib/python3.10/site-packages/_pytest/fixtures.py", line 591, in _get_active_fixturedef
    self._compute_fixture_value(fixturedef)
  File "/Users/wesleyhoang/Desktop/code/cymate-template/web-template/venv/lib/python3.10/site-packages/_pytest/fixtures.py", line 677, in _compute_fixture_value
    fixturedef.execute(request=subrequest)
  File "/Users/wesleyhoang/Desktop/code/cymate-template/web-template/venv/lib/python3.10/site-packages/_pytest/fixtures.py", line 1075, in execute
    result = ihook.pytest_fixture_setup(fixturedef=self, request=request)
  File "/Users/wesleyhoang/Desktop/code/cymate-template/web-template/venv/lib/python3.10/site-packages/pluggy/_hooks.py", line 265, in __call__
    return self._hookexec(self.name, self.get_hookimpls(), kwargs, firstresult)
  File "/Users/wesleyhoang/Desktop/code/cymate-template/web-template/venv/lib/python3.10/site-packages/pluggy/_manager.py", line 80, in _hookexec
    return self._inner_hookexec(hook_name, methods, kwargs, firstresult)
  File "/Users/wesleyhoang/Desktop/code/cymate-template/web-template/venv/lib/python3.10/site-packages/pluggy/_callers.py", line 39, in _multicall
    res = hook_impl.function(*args)
  File "/Users/wesleyhoang/Desktop/code/cymate-template/web-template/venv/lib/python3.10/site-packages/_pytest/fixtures.py", line 1129, in pytest_fixture_setup
    result = call_fixture_func(fixturefunc, request, kwargs)
  File "/Users/wesleyhoang/Desktop/code/cymate-template/web-template/venv/lib/python3.10/site-packages/_pytest/fixtures.py", line 908, in call_fixture_func
    fixture_result = fixturefunc(**kwargs)
  File "/Users/wesleyhoang/Desktop/code/cymate-template/web-template/src/main/python/company-template/tests/conftest.py", line 167, in log_testname
    logger.info("SESSION ID: ", driver.session_id)
Message: 'SESSION ID: '
Arguments: ('b8b0ec78bc2b1d9e4d2a91d7664beb31',)
------------------------------ Captured log setup ------------------------------
15645 - 21:40:01 - INFO - 1 ==================================== STARTING TEST: test_workspace
15645 - 21:40:01 - INFO - 2 ==================================== STARTING TEST: test_workspace
15645 - 21:40:01 - INFO - 3 ==================================== STARTING TEST: test_workspace
_______ ERROR at setup of TestLogin.test_NavigatingToWorkspacesFromMain ________
[gw1] darwin -- Python 3.10.0 /Users/wesleyhoang/Desktop/code/cymate-template/web-template/venv/bin/python3

request = <SubRequest 'log_testname' for <Function test_NavigatingToWorkspacesFromMain>>
driver = <selenium.webdriver.chrome.webdriver.WebDriver (session="b8b0ec78bc2b1d9e4d2a91d7664beb31")>

    @pytest.fixture(scope="function", autouse=True)
    def log_testname(request, driver):
        logger = logging.getLogger(__name__)
        logger.setLevel(logging.INFO)
        # logger = get_logger()
        logger.info(f"1 ==================================== STARTING TEST: {request.node.name}")
        logger.info(f"2 ==================================== STARTING TEST: {request.node.name}")
        logger.info(f"3 ==================================== STARTING TEST: {request.node.name}")
>       logger.info("SESSION ID: ", driver.session_id)

src/main/python/company-template/tests/conftest.py:167: 
_ _ _ _ _ _ _ _ _ _ _ _ _ _ _ _ _ _ _ _ _ _ _ _ _ _ _ _ _ _ _ _ _ _ _ _ _ _ _ _ 
/Library/Frameworks/Python.framework/Versions/3.10/lib/python3.10/logging/__init__.py:1468: in info
    self._log(INFO, msg, args, **kwargs)
/Library/Frameworks/Python.framework/Versions/3.10/lib/python3.10/logging/__init__.py:1615: in _log
    self.handle(record)
/Library/Frameworks/Python.framework/Versions/3.10/lib/python3.10/logging/__init__.py:1625: in handle
    self.callHandlers(record)
/Library/Frameworks/Python.framework/Versions/3.10/lib/python3.10/logging/__init__.py:1687: in callHandlers
    hdlr.handle(record)
/Library/Frameworks/Python.framework/Versions/3.10/lib/python3.10/logging/__init__.py:967: in handle
    self.emit(record)
/Library/Frameworks/Python.framework/Versions/3.10/lib/python3.10/logging/__init__.py:1106: in emit
    self.handleError(record)
/Library/Frameworks/Python.framework/Versions/3.10/lib/python3.10/logging/__init__.py:1098: in emit
    msg = self.format(record)
/Library/Frameworks/Python.framework/Versions/3.10/lib/python3.10/logging/__init__.py:942: in format
    return fmt.format(record)
/Library/Frameworks/Python.framework/Versions/3.10/lib/python3.10/logging/__init__.py:678: in format
    record.message = record.getMessage()
_ _ _ _ _ _ _ _ _ _ _ _ _ _ _ _ _ _ _ _ _ _ _ _ _ _ _ _ _ _ _ _ _ _ _ _ _ _ _ _ 

self = <LogRecord: conftest, 20, /Users/wesleyhoang/Desktop/code/cymate-template/web-template/src/main/python/company-template/tests/conftest.py, 167, "SESSION ID: ">

    def getMessage(self):
        """
        Return the message for this LogRecord.
    
        Return the message for this LogRecord after merging any user-supplied
        arguments with the message.
        """
        msg = str(self.msg)
        if self.args:
>           msg = msg % self.args
E           TypeError: not all arguments converted during string formatting

/Library/Frameworks/Python.framework/Versions/3.10/lib/python3.10/logging/__init__.py:368: TypeError
---------------------------- Captured stderr setup -----------------------------
--- Logging error ---
Traceback (most recent call last):
  File "/Library/Frameworks/Python.framework/Versions/3.10/lib/python3.10/logging/__init__.py", line 1098, in emit
    msg = self.format(record)
  File "/Library/Frameworks/Python.framework/Versions/3.10/lib/python3.10/logging/__init__.py", line 942, in format
    return fmt.format(record)
  File "/Library/Frameworks/Python.framework/Versions/3.10/lib/python3.10/logging/__init__.py", line 678, in format
    record.message = record.getMessage()
  File "/Library/Frameworks/Python.framework/Versions/3.10/lib/python3.10/logging/__init__.py", line 368, in getMessage
    msg = msg % self.args
TypeError: not all arguments converted during string formatting
Call stack:
  File "<string>", line 1, in <module>
  File "<string>", line 8, in <module>
  File "/Users/wesleyhoang/Desktop/code/cymate-template/web-template/venv/lib/python3.10/site-packages/execnet/gateway_base.py", line 1554, in serve
    WorkerGateway(io=io, id=id, _startcount=2).serve()
  File "/Users/wesleyhoang/Desktop/code/cymate-template/web-template/venv/lib/python3.10/site-packages/execnet/gateway_base.py", line 1060, in serve
    self._execpool.integrate_as_primary_thread()
  File "/Users/wesleyhoang/Desktop/code/cymate-template/web-template/venv/lib/python3.10/site-packages/execnet/gateway_base.py", line 267, in integrate_as_primary_thread
    self._perform_spawn(reply)
  File "/Users/wesleyhoang/Desktop/code/cymate-template/web-template/venv/lib/python3.10/site-packages/execnet/gateway_base.py", line 285, in _perform_spawn
    reply.run()
  File "/Users/wesleyhoang/Desktop/code/cymate-template/web-template/venv/lib/python3.10/site-packages/execnet/gateway_base.py", line 220, in run
    self._result = func(*args, **kwargs)
  File "/Users/wesleyhoang/Desktop/code/cymate-template/web-template/venv/lib/python3.10/site-packages/execnet/gateway_base.py", line 1084, in executetask
    do_exec(co, loc)  # noqa
  File "/Users/wesleyhoang/Desktop/code/cymate-template/web-template/venv/lib/python3.10/site-packages/xdist/remote.py", line 312, in <module>
    config.hook.pytest_cmdline_main(config=config)
  File "/Users/wesleyhoang/Desktop/code/cymate-template/web-template/venv/lib/python3.10/site-packages/pluggy/_hooks.py", line 265, in __call__
    return self._hookexec(self.name, self.get_hookimpls(), kwargs, firstresult)
  File "/Users/wesleyhoang/Desktop/code/cymate-template/web-template/venv/lib/python3.10/site-packages/pluggy/_manager.py", line 80, in _hookexec
    return self._inner_hookexec(hook_name, methods, kwargs, firstresult)
  File "/Users/wesleyhoang/Desktop/code/cymate-template/web-template/venv/lib/python3.10/site-packages/pluggy/_callers.py", line 39, in _multicall
    res = hook_impl.function(*args)
  File "/Users/wesleyhoang/Desktop/code/cymate-template/web-template/venv/lib/python3.10/site-packages/_pytest/main.py", line 317, in pytest_cmdline_main
    return wrap_session(config, _main)
  File "/Users/wesleyhoang/Desktop/code/cymate-template/web-template/venv/lib/python3.10/site-packages/_pytest/main.py", line 270, in wrap_session
    session.exitstatus = doit(config, session) or 0
  File "/Users/wesleyhoang/Desktop/code/cymate-template/web-template/venv/lib/python3.10/site-packages/_pytest/main.py", line 324, in _main
    config.hook.pytest_runtestloop(session=session)
  File "/Users/wesleyhoang/Desktop/code/cymate-template/web-template/venv/lib/python3.10/site-packages/pluggy/_hooks.py", line 265, in __call__
    return self._hookexec(self.name, self.get_hookimpls(), kwargs, firstresult)
  File "/Users/wesleyhoang/Desktop/code/cymate-template/web-template/venv/lib/python3.10/site-packages/pluggy/_manager.py", line 80, in _hookexec
    return self._inner_hookexec(hook_name, methods, kwargs, firstresult)
  File "/Users/wesleyhoang/Desktop/code/cymate-template/web-template/venv/lib/python3.10/site-packages/pluggy/_callers.py", line 39, in _multicall
    res = hook_impl.function(*args)
  File "/Users/wesleyhoang/Desktop/code/cymate-template/web-template/venv/lib/python3.10/site-packages/xdist/remote.py", line 115, in pytest_runtestloop
    self.run_one_test(torun)
  File "/Users/wesleyhoang/Desktop/code/cymate-template/web-template/venv/lib/python3.10/site-packages/xdist/remote.py", line 131, in run_one_test
    self.config.hook.pytest_runtest_protocol(item=item, nextitem=nextitem)
  File "/Users/wesleyhoang/Desktop/code/cymate-template/web-template/venv/lib/python3.10/site-packages/pluggy/_hooks.py", line 265, in __call__
    return self._hookexec(self.name, self.get_hookimpls(), kwargs, firstresult)
  File "/Users/wesleyhoang/Desktop/code/cymate-template/web-template/venv/lib/python3.10/site-packages/pluggy/_manager.py", line 80, in _hookexec
    return self._inner_hookexec(hook_name, methods, kwargs, firstresult)
  File "/Users/wesleyhoang/Desktop/code/cymate-template/web-template/venv/lib/python3.10/site-packages/pluggy/_callers.py", line 39, in _multicall
    res = hook_impl.function(*args)
  File "/Users/wesleyhoang/Desktop/code/cymate-template/web-template/venv/lib/python3.10/site-packages/_pytest/runner.py", line 112, in pytest_runtest_protocol
    runtestprotocol(item, nextitem=nextitem)
  File "/Users/wesleyhoang/Desktop/code/cymate-template/web-template/venv/lib/python3.10/site-packages/_pytest/runner.py", line 125, in runtestprotocol
    rep = call_and_report(item, "setup", log)
  File "/Users/wesleyhoang/Desktop/code/cymate-template/web-template/venv/lib/python3.10/site-packages/_pytest/runner.py", line 220, in call_and_report
    call = call_runtest_hook(item, when, **kwds)
  File "/Users/wesleyhoang/Desktop/code/cymate-template/web-template/venv/lib/python3.10/site-packages/_pytest/runner.py", line 259, in call_runtest_hook
    return CallInfo.from_call(
  File "/Users/wesleyhoang/Desktop/code/cymate-template/web-template/venv/lib/python3.10/site-packages/_pytest/runner.py", line 339, in from_call
    result: Optional[TResult] = func()
  File "/Users/wesleyhoang/Desktop/code/cymate-template/web-template/venv/lib/python3.10/site-packages/_pytest/runner.py", line 260, in <lambda>
    lambda: ihook(item=item, **kwds), when=when, reraise=reraise
  File "/Users/wesleyhoang/Desktop/code/cymate-template/web-template/venv/lib/python3.10/site-packages/pluggy/_hooks.py", line 265, in __call__
    return self._hookexec(self.name, self.get_hookimpls(), kwargs, firstresult)
  File "/Users/wesleyhoang/Desktop/code/cymate-template/web-template/venv/lib/python3.10/site-packages/pluggy/_manager.py", line 80, in _hookexec
    return self._inner_hookexec(hook_name, methods, kwargs, firstresult)
  File "/Users/wesleyhoang/Desktop/code/cymate-template/web-template/venv/lib/python3.10/site-packages/pluggy/_callers.py", line 39, in _multicall
    res = hook_impl.function(*args)
  File "/Users/wesleyhoang/Desktop/code/cymate-template/web-template/venv/lib/python3.10/site-packages/_pytest/runner.py", line 155, in pytest_runtest_setup
    item.session._setupstate.setup(item)
  File "/Users/wesleyhoang/Desktop/code/cymate-template/web-template/venv/lib/python3.10/site-packages/_pytest/runner.py", line 492, in setup
    col.setup()
  File "/Users/wesleyhoang/Desktop/code/cymate-template/web-template/venv/lib/python3.10/site-packages/_pytest/python.py", line 1792, in setup
    self._request._fillfixtures()
  File "/Users/wesleyhoang/Desktop/code/cymate-template/web-template/venv/lib/python3.10/site-packages/_pytest/fixtures.py", line 550, in _fillfixtures
    item.funcargs[argname] = self.getfixturevalue(argname)
  File "/Users/wesleyhoang/Desktop/code/cymate-template/web-template/venv/lib/python3.10/site-packages/_pytest/fixtures.py", line 569, in getfixturevalue
    fixturedef = self._get_active_fixturedef(argname)
  File "/Users/wesleyhoang/Desktop/code/cymate-template/web-template/venv/lib/python3.10/site-packages/_pytest/fixtures.py", line 591, in _get_active_fixturedef
    self._compute_fixture_value(fixturedef)
  File "/Users/wesleyhoang/Desktop/code/cymate-template/web-template/venv/lib/python3.10/site-packages/_pytest/fixtures.py", line 677, in _compute_fixture_value
    fixturedef.execute(request=subrequest)
  File "/Users/wesleyhoang/Desktop/code/cymate-template/web-template/venv/lib/python3.10/site-packages/_pytest/fixtures.py", line 1075, in execute
    result = ihook.pytest_fixture_setup(fixturedef=self, request=request)
  File "/Users/wesleyhoang/Desktop/code/cymate-template/web-template/venv/lib/python3.10/site-packages/pluggy/_hooks.py", line 265, in __call__
    return self._hookexec(self.name, self.get_hookimpls(), kwargs, firstresult)
  File "/Users/wesleyhoang/Desktop/code/cymate-template/web-template/venv/lib/python3.10/site-packages/pluggy/_manager.py", line 80, in _hookexec
    return self._inner_hookexec(hook_name, methods, kwargs, firstresult)
  File "/Users/wesleyhoang/Desktop/code/cymate-template/web-template/venv/lib/python3.10/site-packages/pluggy/_callers.py", line 39, in _multicall
    res = hook_impl.function(*args)
  File "/Users/wesleyhoang/Desktop/code/cymate-template/web-template/venv/lib/python3.10/site-packages/_pytest/fixtures.py", line 1129, in pytest_fixture_setup
    result = call_fixture_func(fixturefunc, request, kwargs)
  File "/Users/wesleyhoang/Desktop/code/cymate-template/web-template/venv/lib/python3.10/site-packages/_pytest/fixtures.py", line 908, in call_fixture_func
    fixture_result = fixturefunc(**kwargs)
  File "/Users/wesleyhoang/Desktop/code/cymate-template/web-template/src/main/python/company-template/tests/conftest.py", line 167, in log_testname
    logger.info("SESSION ID: ", driver.session_id)
Message: 'SESSION ID: '
Arguments: ('b8b0ec78bc2b1d9e4d2a91d7664beb31',)
------------------------------ Captured log setup ------------------------------
15645 - 21:40:01 - INFO - 1 ==================================== STARTING TEST: test_NavigatingToWorkspacesFromMain
15645 - 21:40:01 - INFO - 2 ==================================== STARTING TEST: test_NavigatingToWorkspacesFromMain
15645 - 21:40:01 - INFO - 3 ==================================== STARTING TEST: test_NavigatingToWorkspacesFromMain
_______________________ ERROR at setup of test_smoke_one _______________________
[gw0] darwin -- Python 3.10.0 /Users/wesleyhoang/Desktop/code/cymate-template/web-template/venv/bin/python3

request = <SubRequest 'log_testname' for <Function test_smoke_one>>
driver = <selenium.webdriver.chrome.webdriver.WebDriver (session="5389da037cf919f6c03d4e669f5e04f6")>

    @pytest.fixture(scope="function", autouse=True)
    def log_testname(request, driver):
        logger = logging.getLogger(__name__)
        logger.setLevel(logging.INFO)
        # logger = get_logger()
        logger.info(f"1 ==================================== STARTING TEST: {request.node.name}")
        logger.info(f"2 ==================================== STARTING TEST: {request.node.name}")
        logger.info(f"3 ==================================== STARTING TEST: {request.node.name}")
>       logger.info("SESSION ID: ", driver.session_id)

src/main/python/company-template/tests/conftest.py:167: 
_ _ _ _ _ _ _ _ _ _ _ _ _ _ _ _ _ _ _ _ _ _ _ _ _ _ _ _ _ _ _ _ _ _ _ _ _ _ _ _ 
/Library/Frameworks/Python.framework/Versions/3.10/lib/python3.10/logging/__init__.py:1468: in info
    self._log(INFO, msg, args, **kwargs)
/Library/Frameworks/Python.framework/Versions/3.10/lib/python3.10/logging/__init__.py:1615: in _log
    self.handle(record)
/Library/Frameworks/Python.framework/Versions/3.10/lib/python3.10/logging/__init__.py:1625: in handle
    self.callHandlers(record)
/Library/Frameworks/Python.framework/Versions/3.10/lib/python3.10/logging/__init__.py:1687: in callHandlers
    hdlr.handle(record)
/Library/Frameworks/Python.framework/Versions/3.10/lib/python3.10/logging/__init__.py:967: in handle
    self.emit(record)
/Library/Frameworks/Python.framework/Versions/3.10/lib/python3.10/logging/__init__.py:1106: in emit
    self.handleError(record)
/Library/Frameworks/Python.framework/Versions/3.10/lib/python3.10/logging/__init__.py:1098: in emit
    msg = self.format(record)
/Library/Frameworks/Python.framework/Versions/3.10/lib/python3.10/logging/__init__.py:942: in format
    return fmt.format(record)
/Library/Frameworks/Python.framework/Versions/3.10/lib/python3.10/logging/__init__.py:678: in format
    record.message = record.getMessage()
_ _ _ _ _ _ _ _ _ _ _ _ _ _ _ _ _ _ _ _ _ _ _ _ _ _ _ _ _ _ _ _ _ _ _ _ _ _ _ _ 

self = <LogRecord: conftest, 20, /Users/wesleyhoang/Desktop/code/cymate-template/web-template/src/main/python/company-template/tests/conftest.py, 167, "SESSION ID: ">

    def getMessage(self):
        """
        Return the message for this LogRecord.
    
        Return the message for this LogRecord after merging any user-supplied
        arguments with the message.
        """
        msg = str(self.msg)
        if self.args:
>           msg = msg % self.args
E           TypeError: not all arguments converted during string formatting

/Library/Frameworks/Python.framework/Versions/3.10/lib/python3.10/logging/__init__.py:368: TypeError
---------------------------- Captured stderr setup -----------------------------
--- Logging error ---
Traceback (most recent call last):
  File "/Library/Frameworks/Python.framework/Versions/3.10/lib/python3.10/logging/__init__.py", line 1098, in emit
    msg = self.format(record)
  File "/Library/Frameworks/Python.framework/Versions/3.10/lib/python3.10/logging/__init__.py", line 942, in format
    return fmt.format(record)
  File "/Library/Frameworks/Python.framework/Versions/3.10/lib/python3.10/logging/__init__.py", line 678, in format
    record.message = record.getMessage()
  File "/Library/Frameworks/Python.framework/Versions/3.10/lib/python3.10/logging/__init__.py", line 368, in getMessage
    msg = msg % self.args
TypeError: not all arguments converted during string formatting
Call stack:
  File "<string>", line 1, in <module>
  File "<string>", line 8, in <module>
  File "/Users/wesleyhoang/Desktop/code/cymate-template/web-template/venv/lib/python3.10/site-packages/execnet/gateway_base.py", line 1554, in serve
    WorkerGateway(io=io, id=id, _startcount=2).serve()
  File "/Users/wesleyhoang/Desktop/code/cymate-template/web-template/venv/lib/python3.10/site-packages/execnet/gateway_base.py", line 1060, in serve
    self._execpool.integrate_as_primary_thread()
  File "/Users/wesleyhoang/Desktop/code/cymate-template/web-template/venv/lib/python3.10/site-packages/execnet/gateway_base.py", line 267, in integrate_as_primary_thread
    self._perform_spawn(reply)
  File "/Users/wesleyhoang/Desktop/code/cymate-template/web-template/venv/lib/python3.10/site-packages/execnet/gateway_base.py", line 285, in _perform_spawn
    reply.run()
  File "/Users/wesleyhoang/Desktop/code/cymate-template/web-template/venv/lib/python3.10/site-packages/execnet/gateway_base.py", line 220, in run
    self._result = func(*args, **kwargs)
  File "/Users/wesleyhoang/Desktop/code/cymate-template/web-template/venv/lib/python3.10/site-packages/execnet/gateway_base.py", line 1084, in executetask
    do_exec(co, loc)  # noqa
  File "/Users/wesleyhoang/Desktop/code/cymate-template/web-template/venv/lib/python3.10/site-packages/xdist/remote.py", line 312, in <module>
    config.hook.pytest_cmdline_main(config=config)
  File "/Users/wesleyhoang/Desktop/code/cymate-template/web-template/venv/lib/python3.10/site-packages/pluggy/_hooks.py", line 265, in __call__
    return self._hookexec(self.name, self.get_hookimpls(), kwargs, firstresult)
  File "/Users/wesleyhoang/Desktop/code/cymate-template/web-template/venv/lib/python3.10/site-packages/pluggy/_manager.py", line 80, in _hookexec
    return self._inner_hookexec(hook_name, methods, kwargs, firstresult)
  File "/Users/wesleyhoang/Desktop/code/cymate-template/web-template/venv/lib/python3.10/site-packages/pluggy/_callers.py", line 39, in _multicall
    res = hook_impl.function(*args)
  File "/Users/wesleyhoang/Desktop/code/cymate-template/web-template/venv/lib/python3.10/site-packages/_pytest/main.py", line 317, in pytest_cmdline_main
    return wrap_session(config, _main)
  File "/Users/wesleyhoang/Desktop/code/cymate-template/web-template/venv/lib/python3.10/site-packages/_pytest/main.py", line 270, in wrap_session
    session.exitstatus = doit(config, session) or 0
  File "/Users/wesleyhoang/Desktop/code/cymate-template/web-template/venv/lib/python3.10/site-packages/_pytest/main.py", line 324, in _main
    config.hook.pytest_runtestloop(session=session)
  File "/Users/wesleyhoang/Desktop/code/cymate-template/web-template/venv/lib/python3.10/site-packages/pluggy/_hooks.py", line 265, in __call__
    return self._hookexec(self.name, self.get_hookimpls(), kwargs, firstresult)
  File "/Users/wesleyhoang/Desktop/code/cymate-template/web-template/venv/lib/python3.10/site-packages/pluggy/_manager.py", line 80, in _hookexec
    return self._inner_hookexec(hook_name, methods, kwargs, firstresult)
  File "/Users/wesleyhoang/Desktop/code/cymate-template/web-template/venv/lib/python3.10/site-packages/pluggy/_callers.py", line 39, in _multicall
    res = hook_impl.function(*args)
  File "/Users/wesleyhoang/Desktop/code/cymate-template/web-template/venv/lib/python3.10/site-packages/xdist/remote.py", line 112, in pytest_runtestloop
    self.run_one_test(torun)
  File "/Users/wesleyhoang/Desktop/code/cymate-template/web-template/venv/lib/python3.10/site-packages/xdist/remote.py", line 131, in run_one_test
    self.config.hook.pytest_runtest_protocol(item=item, nextitem=nextitem)
  File "/Users/wesleyhoang/Desktop/code/cymate-template/web-template/venv/lib/python3.10/site-packages/pluggy/_hooks.py", line 265, in __call__
    return self._hookexec(self.name, self.get_hookimpls(), kwargs, firstresult)
  File "/Users/wesleyhoang/Desktop/code/cymate-template/web-template/venv/lib/python3.10/site-packages/pluggy/_manager.py", line 80, in _hookexec
    return self._inner_hookexec(hook_name, methods, kwargs, firstresult)
  File "/Users/wesleyhoang/Desktop/code/cymate-template/web-template/venv/lib/python3.10/site-packages/pluggy/_callers.py", line 39, in _multicall
    res = hook_impl.function(*args)
  File "/Users/wesleyhoang/Desktop/code/cymate-template/web-template/venv/lib/python3.10/site-packages/_pytest/runner.py", line 112, in pytest_runtest_protocol
    runtestprotocol(item, nextitem=nextitem)
  File "/Users/wesleyhoang/Desktop/code/cymate-template/web-template/venv/lib/python3.10/site-packages/_pytest/runner.py", line 125, in runtestprotocol
    rep = call_and_report(item, "setup", log)
  File "/Users/wesleyhoang/Desktop/code/cymate-template/web-template/venv/lib/python3.10/site-packages/_pytest/runner.py", line 220, in call_and_report
    call = call_runtest_hook(item, when, **kwds)
  File "/Users/wesleyhoang/Desktop/code/cymate-template/web-template/venv/lib/python3.10/site-packages/_pytest/runner.py", line 259, in call_runtest_hook
    return CallInfo.from_call(
  File "/Users/wesleyhoang/Desktop/code/cymate-template/web-template/venv/lib/python3.10/site-packages/_pytest/runner.py", line 339, in from_call
    result: Optional[TResult] = func()
  File "/Users/wesleyhoang/Desktop/code/cymate-template/web-template/venv/lib/python3.10/site-packages/_pytest/runner.py", line 260, in <lambda>
    lambda: ihook(item=item, **kwds), when=when, reraise=reraise
  File "/Users/wesleyhoang/Desktop/code/cymate-template/web-template/venv/lib/python3.10/site-packages/pluggy/_hooks.py", line 265, in __call__
    return self._hookexec(self.name, self.get_hookimpls(), kwargs, firstresult)
  File "/Users/wesleyhoang/Desktop/code/cymate-template/web-template/venv/lib/python3.10/site-packages/pluggy/_manager.py", line 80, in _hookexec
    return self._inner_hookexec(hook_name, methods, kwargs, firstresult)
  File "/Users/wesleyhoang/Desktop/code/cymate-template/web-template/venv/lib/python3.10/site-packages/pluggy/_callers.py", line 39, in _multicall
    res = hook_impl.function(*args)
  File "/Users/wesleyhoang/Desktop/code/cymate-template/web-template/venv/lib/python3.10/site-packages/_pytest/runner.py", line 155, in pytest_runtest_setup
    item.session._setupstate.setup(item)
  File "/Users/wesleyhoang/Desktop/code/cymate-template/web-template/venv/lib/python3.10/site-packages/_pytest/runner.py", line 492, in setup
    col.setup()
  File "/Users/wesleyhoang/Desktop/code/cymate-template/web-template/venv/lib/python3.10/site-packages/_pytest/python.py", line 1792, in setup
    self._request._fillfixtures()
  File "/Users/wesleyhoang/Desktop/code/cymate-template/web-template/venv/lib/python3.10/site-packages/_pytest/fixtures.py", line 550, in _fillfixtures
    item.funcargs[argname] = self.getfixturevalue(argname)
  File "/Users/wesleyhoang/Desktop/code/cymate-template/web-template/venv/lib/python3.10/site-packages/_pytest/fixtures.py", line 569, in getfixturevalue
    fixturedef = self._get_active_fixturedef(argname)
  File "/Users/wesleyhoang/Desktop/code/cymate-template/web-template/venv/lib/python3.10/site-packages/_pytest/fixtures.py", line 591, in _get_active_fixturedef
    self._compute_fixture_value(fixturedef)
  File "/Users/wesleyhoang/Desktop/code/cymate-template/web-template/venv/lib/python3.10/site-packages/_pytest/fixtures.py", line 677, in _compute_fixture_value
    fixturedef.execute(request=subrequest)
  File "/Users/wesleyhoang/Desktop/code/cymate-template/web-template/venv/lib/python3.10/site-packages/_pytest/fixtures.py", line 1075, in execute
    result = ihook.pytest_fixture_setup(fixturedef=self, request=request)
  File "/Users/wesleyhoang/Desktop/code/cymate-template/web-template/venv/lib/python3.10/site-packages/pluggy/_hooks.py", line 265, in __call__
    return self._hookexec(self.name, self.get_hookimpls(), kwargs, firstresult)
  File "/Users/wesleyhoang/Desktop/code/cymate-template/web-template/venv/lib/python3.10/site-packages/pluggy/_manager.py", line 80, in _hookexec
    return self._inner_hookexec(hook_name, methods, kwargs, firstresult)
  File "/Users/wesleyhoang/Desktop/code/cymate-template/web-template/venv/lib/python3.10/site-packages/pluggy/_callers.py", line 39, in _multicall
    res = hook_impl.function(*args)
  File "/Users/wesleyhoang/Desktop/code/cymate-template/web-template/venv/lib/python3.10/site-packages/_pytest/fixtures.py", line 1129, in pytest_fixture_setup
    result = call_fixture_func(fixturefunc, request, kwargs)
  File "/Users/wesleyhoang/Desktop/code/cymate-template/web-template/venv/lib/python3.10/site-packages/_pytest/fixtures.py", line 908, in call_fixture_func
    fixture_result = fixturefunc(**kwargs)
  File "/Users/wesleyhoang/Desktop/code/cymate-template/web-template/src/main/python/company-template/tests/conftest.py", line 167, in log_testname
    logger.info("SESSION ID: ", driver.session_id)
Message: 'SESSION ID: '
Arguments: ('5389da037cf919f6c03d4e669f5e04f6',)
------------------------------ Captured log setup ------------------------------
15644 - 21:40:02 - INFO - 1 ==================================== STARTING TEST: test_smoke_one
15644 - 21:40:02 - INFO - 2 ==================================== STARTING TEST: test_smoke_one
15644 - 21:40:02 - INFO - 3 ==================================== STARTING TEST: test_smoke_one
_______________________ ERROR at setup of test_smoke_two _______________________
[gw0] darwin -- Python 3.10.0 /Users/wesleyhoang/Desktop/code/cymate-template/web-template/venv/bin/python3

request = <SubRequest 'log_testname' for <Function test_smoke_two>>
driver = <selenium.webdriver.chrome.webdriver.WebDriver (session="5389da037cf919f6c03d4e669f5e04f6")>

    @pytest.fixture(scope="function", autouse=True)
    def log_testname(request, driver):
        logger = logging.getLogger(__name__)
        logger.setLevel(logging.INFO)
        # logger = get_logger()
        logger.info(f"1 ==================================== STARTING TEST: {request.node.name}")
        logger.info(f"2 ==================================== STARTING TEST: {request.node.name}")
        logger.info(f"3 ==================================== STARTING TEST: {request.node.name}")
>       logger.info("SESSION ID: ", driver.session_id)

src/main/python/company-template/tests/conftest.py:167: 
_ _ _ _ _ _ _ _ _ _ _ _ _ _ _ _ _ _ _ _ _ _ _ _ _ _ _ _ _ _ _ _ _ _ _ _ _ _ _ _ 
/Library/Frameworks/Python.framework/Versions/3.10/lib/python3.10/logging/__init__.py:1468: in info
    self._log(INFO, msg, args, **kwargs)
/Library/Frameworks/Python.framework/Versions/3.10/lib/python3.10/logging/__init__.py:1615: in _log
    self.handle(record)
/Library/Frameworks/Python.framework/Versions/3.10/lib/python3.10/logging/__init__.py:1625: in handle
    self.callHandlers(record)
/Library/Frameworks/Python.framework/Versions/3.10/lib/python3.10/logging/__init__.py:1687: in callHandlers
    hdlr.handle(record)
/Library/Frameworks/Python.framework/Versions/3.10/lib/python3.10/logging/__init__.py:967: in handle
    self.emit(record)
/Library/Frameworks/Python.framework/Versions/3.10/lib/python3.10/logging/__init__.py:1106: in emit
    self.handleError(record)
/Library/Frameworks/Python.framework/Versions/3.10/lib/python3.10/logging/__init__.py:1098: in emit
    msg = self.format(record)
/Library/Frameworks/Python.framework/Versions/3.10/lib/python3.10/logging/__init__.py:942: in format
    return fmt.format(record)
/Library/Frameworks/Python.framework/Versions/3.10/lib/python3.10/logging/__init__.py:678: in format
    record.message = record.getMessage()
_ _ _ _ _ _ _ _ _ _ _ _ _ _ _ _ _ _ _ _ _ _ _ _ _ _ _ _ _ _ _ _ _ _ _ _ _ _ _ _ 

self = <LogRecord: conftest, 20, /Users/wesleyhoang/Desktop/code/cymate-template/web-template/src/main/python/company-template/tests/conftest.py, 167, "SESSION ID: ">

    def getMessage(self):
        """
        Return the message for this LogRecord.
    
        Return the message for this LogRecord after merging any user-supplied
        arguments with the message.
        """
        msg = str(self.msg)
        if self.args:
>           msg = msg % self.args
E           TypeError: not all arguments converted during string formatting

/Library/Frameworks/Python.framework/Versions/3.10/lib/python3.10/logging/__init__.py:368: TypeError
---------------------------- Captured stderr setup -----------------------------
--- Logging error ---
Traceback (most recent call last):
  File "/Library/Frameworks/Python.framework/Versions/3.10/lib/python3.10/logging/__init__.py", line 1098, in emit
    msg = self.format(record)
  File "/Library/Frameworks/Python.framework/Versions/3.10/lib/python3.10/logging/__init__.py", line 942, in format
    return fmt.format(record)
  File "/Library/Frameworks/Python.framework/Versions/3.10/lib/python3.10/logging/__init__.py", line 678, in format
    record.message = record.getMessage()
  File "/Library/Frameworks/Python.framework/Versions/3.10/lib/python3.10/logging/__init__.py", line 368, in getMessage
    msg = msg % self.args
TypeError: not all arguments converted during string formatting
Call stack:
  File "<string>", line 1, in <module>
  File "<string>", line 8, in <module>
  File "/Users/wesleyhoang/Desktop/code/cymate-template/web-template/venv/lib/python3.10/site-packages/execnet/gateway_base.py", line 1554, in serve
    WorkerGateway(io=io, id=id, _startcount=2).serve()
  File "/Users/wesleyhoang/Desktop/code/cymate-template/web-template/venv/lib/python3.10/site-packages/execnet/gateway_base.py", line 1060, in serve
    self._execpool.integrate_as_primary_thread()
  File "/Users/wesleyhoang/Desktop/code/cymate-template/web-template/venv/lib/python3.10/site-packages/execnet/gateway_base.py", line 267, in integrate_as_primary_thread
    self._perform_spawn(reply)
  File "/Users/wesleyhoang/Desktop/code/cymate-template/web-template/venv/lib/python3.10/site-packages/execnet/gateway_base.py", line 285, in _perform_spawn
    reply.run()
  File "/Users/wesleyhoang/Desktop/code/cymate-template/web-template/venv/lib/python3.10/site-packages/execnet/gateway_base.py", line 220, in run
    self._result = func(*args, **kwargs)
  File "/Users/wesleyhoang/Desktop/code/cymate-template/web-template/venv/lib/python3.10/site-packages/execnet/gateway_base.py", line 1084, in executetask
    do_exec(co, loc)  # noqa
  File "/Users/wesleyhoang/Desktop/code/cymate-template/web-template/venv/lib/python3.10/site-packages/xdist/remote.py", line 312, in <module>
    config.hook.pytest_cmdline_main(config=config)
  File "/Users/wesleyhoang/Desktop/code/cymate-template/web-template/venv/lib/python3.10/site-packages/pluggy/_hooks.py", line 265, in __call__
    return self._hookexec(self.name, self.get_hookimpls(), kwargs, firstresult)
  File "/Users/wesleyhoang/Desktop/code/cymate-template/web-template/venv/lib/python3.10/site-packages/pluggy/_manager.py", line 80, in _hookexec
    return self._inner_hookexec(hook_name, methods, kwargs, firstresult)
  File "/Users/wesleyhoang/Desktop/code/cymate-template/web-template/venv/lib/python3.10/site-packages/pluggy/_callers.py", line 39, in _multicall
    res = hook_impl.function(*args)
  File "/Users/wesleyhoang/Desktop/code/cymate-template/web-template/venv/lib/python3.10/site-packages/_pytest/main.py", line 317, in pytest_cmdline_main
    return wrap_session(config, _main)
  File "/Users/wesleyhoang/Desktop/code/cymate-template/web-template/venv/lib/python3.10/site-packages/_pytest/main.py", line 270, in wrap_session
    session.exitstatus = doit(config, session) or 0
  File "/Users/wesleyhoang/Desktop/code/cymate-template/web-template/venv/lib/python3.10/site-packages/_pytest/main.py", line 324, in _main
    config.hook.pytest_runtestloop(session=session)
  File "/Users/wesleyhoang/Desktop/code/cymate-template/web-template/venv/lib/python3.10/site-packages/pluggy/_hooks.py", line 265, in __call__
    return self._hookexec(self.name, self.get_hookimpls(), kwargs, firstresult)
  File "/Users/wesleyhoang/Desktop/code/cymate-template/web-template/venv/lib/python3.10/site-packages/pluggy/_manager.py", line 80, in _hookexec
    return self._inner_hookexec(hook_name, methods, kwargs, firstresult)
  File "/Users/wesleyhoang/Desktop/code/cymate-template/web-template/venv/lib/python3.10/site-packages/pluggy/_callers.py", line 39, in _multicall
    res = hook_impl.function(*args)
  File "/Users/wesleyhoang/Desktop/code/cymate-template/web-template/venv/lib/python3.10/site-packages/xdist/remote.py", line 112, in pytest_runtestloop
    self.run_one_test(torun)
  File "/Users/wesleyhoang/Desktop/code/cymate-template/web-template/venv/lib/python3.10/site-packages/xdist/remote.py", line 131, in run_one_test
    self.config.hook.pytest_runtest_protocol(item=item, nextitem=nextitem)
  File "/Users/wesleyhoang/Desktop/code/cymate-template/web-template/venv/lib/python3.10/site-packages/pluggy/_hooks.py", line 265, in __call__
    return self._hookexec(self.name, self.get_hookimpls(), kwargs, firstresult)
  File "/Users/wesleyhoang/Desktop/code/cymate-template/web-template/venv/lib/python3.10/site-packages/pluggy/_manager.py", line 80, in _hookexec
    return self._inner_hookexec(hook_name, methods, kwargs, firstresult)
  File "/Users/wesleyhoang/Desktop/code/cymate-template/web-template/venv/lib/python3.10/site-packages/pluggy/_callers.py", line 39, in _multicall
    res = hook_impl.function(*args)
  File "/Users/wesleyhoang/Desktop/code/cymate-template/web-template/venv/lib/python3.10/site-packages/_pytest/runner.py", line 112, in pytest_runtest_protocol
    runtestprotocol(item, nextitem=nextitem)
  File "/Users/wesleyhoang/Desktop/code/cymate-template/web-template/venv/lib/python3.10/site-packages/_pytest/runner.py", line 125, in runtestprotocol
    rep = call_and_report(item, "setup", log)
  File "/Users/wesleyhoang/Desktop/code/cymate-template/web-template/venv/lib/python3.10/site-packages/_pytest/runner.py", line 220, in call_and_report
    call = call_runtest_hook(item, when, **kwds)
  File "/Users/wesleyhoang/Desktop/code/cymate-template/web-template/venv/lib/python3.10/site-packages/_pytest/runner.py", line 259, in call_runtest_hook
    return CallInfo.from_call(
  File "/Users/wesleyhoang/Desktop/code/cymate-template/web-template/venv/lib/python3.10/site-packages/_pytest/runner.py", line 339, in from_call
    result: Optional[TResult] = func()
  File "/Users/wesleyhoang/Desktop/code/cymate-template/web-template/venv/lib/python3.10/site-packages/_pytest/runner.py", line 260, in <lambda>
    lambda: ihook(item=item, **kwds), when=when, reraise=reraise
  File "/Users/wesleyhoang/Desktop/code/cymate-template/web-template/venv/lib/python3.10/site-packages/pluggy/_hooks.py", line 265, in __call__
    return self._hookexec(self.name, self.get_hookimpls(), kwargs, firstresult)
  File "/Users/wesleyhoang/Desktop/code/cymate-template/web-template/venv/lib/python3.10/site-packages/pluggy/_manager.py", line 80, in _hookexec
    return self._inner_hookexec(hook_name, methods, kwargs, firstresult)
  File "/Users/wesleyhoang/Desktop/code/cymate-template/web-template/venv/lib/python3.10/site-packages/pluggy/_callers.py", line 39, in _multicall
    res = hook_impl.function(*args)
  File "/Users/wesleyhoang/Desktop/code/cymate-template/web-template/venv/lib/python3.10/site-packages/_pytest/runner.py", line 155, in pytest_runtest_setup
    item.session._setupstate.setup(item)
  File "/Users/wesleyhoang/Desktop/code/cymate-template/web-template/venv/lib/python3.10/site-packages/_pytest/runner.py", line 492, in setup
    col.setup()
  File "/Users/wesleyhoang/Desktop/code/cymate-template/web-template/venv/lib/python3.10/site-packages/_pytest/python.py", line 1792, in setup
    self._request._fillfixtures()
  File "/Users/wesleyhoang/Desktop/code/cymate-template/web-template/venv/lib/python3.10/site-packages/_pytest/fixtures.py", line 550, in _fillfixtures
    item.funcargs[argname] = self.getfixturevalue(argname)
  File "/Users/wesleyhoang/Desktop/code/cymate-template/web-template/venv/lib/python3.10/site-packages/_pytest/fixtures.py", line 569, in getfixturevalue
    fixturedef = self._get_active_fixturedef(argname)
  File "/Users/wesleyhoang/Desktop/code/cymate-template/web-template/venv/lib/python3.10/site-packages/_pytest/fixtures.py", line 591, in _get_active_fixturedef
    self._compute_fixture_value(fixturedef)
  File "/Users/wesleyhoang/Desktop/code/cymate-template/web-template/venv/lib/python3.10/site-packages/_pytest/fixtures.py", line 677, in _compute_fixture_value
    fixturedef.execute(request=subrequest)
  File "/Users/wesleyhoang/Desktop/code/cymate-template/web-template/venv/lib/python3.10/site-packages/_pytest/fixtures.py", line 1075, in execute
    result = ihook.pytest_fixture_setup(fixturedef=self, request=request)
  File "/Users/wesleyhoang/Desktop/code/cymate-template/web-template/venv/lib/python3.10/site-packages/pluggy/_hooks.py", line 265, in __call__
    return self._hookexec(self.name, self.get_hookimpls(), kwargs, firstresult)
  File "/Users/wesleyhoang/Desktop/code/cymate-template/web-template/venv/lib/python3.10/site-packages/pluggy/_manager.py", line 80, in _hookexec
    return self._inner_hookexec(hook_name, methods, kwargs, firstresult)
  File "/Users/wesleyhoang/Desktop/code/cymate-template/web-template/venv/lib/python3.10/site-packages/pluggy/_callers.py", line 39, in _multicall
    res = hook_impl.function(*args)
  File "/Users/wesleyhoang/Desktop/code/cymate-template/web-template/venv/lib/python3.10/site-packages/_pytest/fixtures.py", line 1129, in pytest_fixture_setup
    result = call_fixture_func(fixturefunc, request, kwargs)
  File "/Users/wesleyhoang/Desktop/code/cymate-template/web-template/venv/lib/python3.10/site-packages/_pytest/fixtures.py", line 908, in call_fixture_func
    fixture_result = fixturefunc(**kwargs)
  File "/Users/wesleyhoang/Desktop/code/cymate-template/web-template/src/main/python/company-template/tests/conftest.py", line 167, in log_testname
    logger.info("SESSION ID: ", driver.session_id)
Message: 'SESSION ID: '
Arguments: ('5389da037cf919f6c03d4e669f5e04f6',)
------------------------------ Captured log setup ------------------------------
15644 - 21:40:02 - INFO - 1 ==================================== STARTING TEST: test_smoke_two
15644 - 21:40:02 - INFO - 2 ==================================== STARTING TEST: test_smoke_two
15644 - 21:40:02 - INFO - 3 ==================================== STARTING TEST: test_smoke_two
__________ ERROR at setup of TestLogin.test_LoginToPageAndCheckTitle ___________
[gw0] darwin -- Python 3.10.0 /Users/wesleyhoang/Desktop/code/cymate-template/web-template/venv/bin/python3

request = <SubRequest 'log_testname' for <Function test_LoginToPageAndCheckTitle>>
driver = <selenium.webdriver.chrome.webdriver.WebDriver (session="5389da037cf919f6c03d4e669f5e04f6")>

    @pytest.fixture(scope="function", autouse=True)
    def log_testname(request, driver):
        logger = logging.getLogger(__name__)
        logger.setLevel(logging.INFO)
        # logger = get_logger()
        logger.info(f"1 ==================================== STARTING TEST: {request.node.name}")
        logger.info(f"2 ==================================== STARTING TEST: {request.node.name}")
        logger.info(f"3 ==================================== STARTING TEST: {request.node.name}")
>       logger.info("SESSION ID: ", driver.session_id)

src/main/python/company-template/tests/conftest.py:167: 
_ _ _ _ _ _ _ _ _ _ _ _ _ _ _ _ _ _ _ _ _ _ _ _ _ _ _ _ _ _ _ _ _ _ _ _ _ _ _ _ 
/Library/Frameworks/Python.framework/Versions/3.10/lib/python3.10/logging/__init__.py:1468: in info
    self._log(INFO, msg, args, **kwargs)
/Library/Frameworks/Python.framework/Versions/3.10/lib/python3.10/logging/__init__.py:1615: in _log
    self.handle(record)
/Library/Frameworks/Python.framework/Versions/3.10/lib/python3.10/logging/__init__.py:1625: in handle
    self.callHandlers(record)
/Library/Frameworks/Python.framework/Versions/3.10/lib/python3.10/logging/__init__.py:1687: in callHandlers
    hdlr.handle(record)
/Library/Frameworks/Python.framework/Versions/3.10/lib/python3.10/logging/__init__.py:967: in handle
    self.emit(record)
/Library/Frameworks/Python.framework/Versions/3.10/lib/python3.10/logging/__init__.py:1106: in emit
    self.handleError(record)
/Library/Frameworks/Python.framework/Versions/3.10/lib/python3.10/logging/__init__.py:1098: in emit
    msg = self.format(record)
/Library/Frameworks/Python.framework/Versions/3.10/lib/python3.10/logging/__init__.py:942: in format
    return fmt.format(record)
/Library/Frameworks/Python.framework/Versions/3.10/lib/python3.10/logging/__init__.py:678: in format
    record.message = record.getMessage()
_ _ _ _ _ _ _ _ _ _ _ _ _ _ _ _ _ _ _ _ _ _ _ _ _ _ _ _ _ _ _ _ _ _ _ _ _ _ _ _ 

self = <LogRecord: conftest, 20, /Users/wesleyhoang/Desktop/code/cymate-template/web-template/src/main/python/company-template/tests/conftest.py, 167, "SESSION ID: ">

    def getMessage(self):
        """
        Return the message for this LogRecord.
    
        Return the message for this LogRecord after merging any user-supplied
        arguments with the message.
        """
        msg = str(self.msg)
        if self.args:
>           msg = msg % self.args
E           TypeError: not all arguments converted during string formatting

/Library/Frameworks/Python.framework/Versions/3.10/lib/python3.10/logging/__init__.py:368: TypeError
---------------------------- Captured stderr setup -----------------------------
--- Logging error ---
Traceback (most recent call last):
  File "/Library/Frameworks/Python.framework/Versions/3.10/lib/python3.10/logging/__init__.py", line 1098, in emit
    msg = self.format(record)
  File "/Library/Frameworks/Python.framework/Versions/3.10/lib/python3.10/logging/__init__.py", line 942, in format
    return fmt.format(record)
  File "/Library/Frameworks/Python.framework/Versions/3.10/lib/python3.10/logging/__init__.py", line 678, in format
    record.message = record.getMessage()
  File "/Library/Frameworks/Python.framework/Versions/3.10/lib/python3.10/logging/__init__.py", line 368, in getMessage
    msg = msg % self.args
TypeError: not all arguments converted during string formatting
Call stack:
  File "<string>", line 1, in <module>
  File "<string>", line 8, in <module>
  File "/Users/wesleyhoang/Desktop/code/cymate-template/web-template/venv/lib/python3.10/site-packages/execnet/gateway_base.py", line 1554, in serve
    WorkerGateway(io=io, id=id, _startcount=2).serve()
  File "/Users/wesleyhoang/Desktop/code/cymate-template/web-template/venv/lib/python3.10/site-packages/execnet/gateway_base.py", line 1060, in serve
    self._execpool.integrate_as_primary_thread()
  File "/Users/wesleyhoang/Desktop/code/cymate-template/web-template/venv/lib/python3.10/site-packages/execnet/gateway_base.py", line 267, in integrate_as_primary_thread
    self._perform_spawn(reply)
  File "/Users/wesleyhoang/Desktop/code/cymate-template/web-template/venv/lib/python3.10/site-packages/execnet/gateway_base.py", line 285, in _perform_spawn
    reply.run()
  File "/Users/wesleyhoang/Desktop/code/cymate-template/web-template/venv/lib/python3.10/site-packages/execnet/gateway_base.py", line 220, in run
    self._result = func(*args, **kwargs)
  File "/Users/wesleyhoang/Desktop/code/cymate-template/web-template/venv/lib/python3.10/site-packages/execnet/gateway_base.py", line 1084, in executetask
    do_exec(co, loc)  # noqa
  File "/Users/wesleyhoang/Desktop/code/cymate-template/web-template/venv/lib/python3.10/site-packages/xdist/remote.py", line 312, in <module>
    config.hook.pytest_cmdline_main(config=config)
  File "/Users/wesleyhoang/Desktop/code/cymate-template/web-template/venv/lib/python3.10/site-packages/pluggy/_hooks.py", line 265, in __call__
    return self._hookexec(self.name, self.get_hookimpls(), kwargs, firstresult)
  File "/Users/wesleyhoang/Desktop/code/cymate-template/web-template/venv/lib/python3.10/site-packages/pluggy/_manager.py", line 80, in _hookexec
    return self._inner_hookexec(hook_name, methods, kwargs, firstresult)
  File "/Users/wesleyhoang/Desktop/code/cymate-template/web-template/venv/lib/python3.10/site-packages/pluggy/_callers.py", line 39, in _multicall
    res = hook_impl.function(*args)
  File "/Users/wesleyhoang/Desktop/code/cymate-template/web-template/venv/lib/python3.10/site-packages/_pytest/main.py", line 317, in pytest_cmdline_main
    return wrap_session(config, _main)
  File "/Users/wesleyhoang/Desktop/code/cymate-template/web-template/venv/lib/python3.10/site-packages/_pytest/main.py", line 270, in wrap_session
    session.exitstatus = doit(config, session) or 0
  File "/Users/wesleyhoang/Desktop/code/cymate-template/web-template/venv/lib/python3.10/site-packages/_pytest/main.py", line 324, in _main
    config.hook.pytest_runtestloop(session=session)
  File "/Users/wesleyhoang/Desktop/code/cymate-template/web-template/venv/lib/python3.10/site-packages/pluggy/_hooks.py", line 265, in __call__
    return self._hookexec(self.name, self.get_hookimpls(), kwargs, firstresult)
  File "/Users/wesleyhoang/Desktop/code/cymate-template/web-template/venv/lib/python3.10/site-packages/pluggy/_manager.py", line 80, in _hookexec
    return self._inner_hookexec(hook_name, methods, kwargs, firstresult)
  File "/Users/wesleyhoang/Desktop/code/cymate-template/web-template/venv/lib/python3.10/site-packages/pluggy/_callers.py", line 39, in _multicall
    res = hook_impl.function(*args)
  File "/Users/wesleyhoang/Desktop/code/cymate-template/web-template/venv/lib/python3.10/site-packages/xdist/remote.py", line 115, in pytest_runtestloop
    self.run_one_test(torun)
  File "/Users/wesleyhoang/Desktop/code/cymate-template/web-template/venv/lib/python3.10/site-packages/xdist/remote.py", line 131, in run_one_test
    self.config.hook.pytest_runtest_protocol(item=item, nextitem=nextitem)
  File "/Users/wesleyhoang/Desktop/code/cymate-template/web-template/venv/lib/python3.10/site-packages/pluggy/_hooks.py", line 265, in __call__
    return self._hookexec(self.name, self.get_hookimpls(), kwargs, firstresult)
  File "/Users/wesleyhoang/Desktop/code/cymate-template/web-template/venv/lib/python3.10/site-packages/pluggy/_manager.py", line 80, in _hookexec
    return self._inner_hookexec(hook_name, methods, kwargs, firstresult)
  File "/Users/wesleyhoang/Desktop/code/cymate-template/web-template/venv/lib/python3.10/site-packages/pluggy/_callers.py", line 39, in _multicall
    res = hook_impl.function(*args)
  File "/Users/wesleyhoang/Desktop/code/cymate-template/web-template/venv/lib/python3.10/site-packages/_pytest/runner.py", line 112, in pytest_runtest_protocol
    runtestprotocol(item, nextitem=nextitem)
  File "/Users/wesleyhoang/Desktop/code/cymate-template/web-template/venv/lib/python3.10/site-packages/_pytest/runner.py", line 125, in runtestprotocol
    rep = call_and_report(item, "setup", log)
  File "/Users/wesleyhoang/Desktop/code/cymate-template/web-template/venv/lib/python3.10/site-packages/_pytest/runner.py", line 220, in call_and_report
    call = call_runtest_hook(item, when, **kwds)
  File "/Users/wesleyhoang/Desktop/code/cymate-template/web-template/venv/lib/python3.10/site-packages/_pytest/runner.py", line 259, in call_runtest_hook
    return CallInfo.from_call(
  File "/Users/wesleyhoang/Desktop/code/cymate-template/web-template/venv/lib/python3.10/site-packages/_pytest/runner.py", line 339, in from_call
    result: Optional[TResult] = func()
  File "/Users/wesleyhoang/Desktop/code/cymate-template/web-template/venv/lib/python3.10/site-packages/_pytest/runner.py", line 260, in <lambda>
    lambda: ihook(item=item, **kwds), when=when, reraise=reraise
  File "/Users/wesleyhoang/Desktop/code/cymate-template/web-template/venv/lib/python3.10/site-packages/pluggy/_hooks.py", line 265, in __call__
    return self._hookexec(self.name, self.get_hookimpls(), kwargs, firstresult)
  File "/Users/wesleyhoang/Desktop/code/cymate-template/web-template/venv/lib/python3.10/site-packages/pluggy/_manager.py", line 80, in _hookexec
    return self._inner_hookexec(hook_name, methods, kwargs, firstresult)
  File "/Users/wesleyhoang/Desktop/code/cymate-template/web-template/venv/lib/python3.10/site-packages/pluggy/_callers.py", line 39, in _multicall
    res = hook_impl.function(*args)
  File "/Users/wesleyhoang/Desktop/code/cymate-template/web-template/venv/lib/python3.10/site-packages/_pytest/runner.py", line 155, in pytest_runtest_setup
    item.session._setupstate.setup(item)
  File "/Users/wesleyhoang/Desktop/code/cymate-template/web-template/venv/lib/python3.10/site-packages/_pytest/runner.py", line 492, in setup
    col.setup()
  File "/Users/wesleyhoang/Desktop/code/cymate-template/web-template/venv/lib/python3.10/site-packages/_pytest/python.py", line 1792, in setup
    self._request._fillfixtures()
  File "/Users/wesleyhoang/Desktop/code/cymate-template/web-template/venv/lib/python3.10/site-packages/_pytest/fixtures.py", line 550, in _fillfixtures
    item.funcargs[argname] = self.getfixturevalue(argname)
  File "/Users/wesleyhoang/Desktop/code/cymate-template/web-template/venv/lib/python3.10/site-packages/_pytest/fixtures.py", line 569, in getfixturevalue
    fixturedef = self._get_active_fixturedef(argname)
  File "/Users/wesleyhoang/Desktop/code/cymate-template/web-template/venv/lib/python3.10/site-packages/_pytest/fixtures.py", line 591, in _get_active_fixturedef
    self._compute_fixture_value(fixturedef)
  File "/Users/wesleyhoang/Desktop/code/cymate-template/web-template/venv/lib/python3.10/site-packages/_pytest/fixtures.py", line 677, in _compute_fixture_value
    fixturedef.execute(request=subrequest)
  File "/Users/wesleyhoang/Desktop/code/cymate-template/web-template/venv/lib/python3.10/site-packages/_pytest/fixtures.py", line 1075, in execute
    result = ihook.pytest_fixture_setup(fixturedef=self, request=request)
  File "/Users/wesleyhoang/Desktop/code/cymate-template/web-template/venv/lib/python3.10/site-packages/pluggy/_hooks.py", line 265, in __call__
    return self._hookexec(self.name, self.get_hookimpls(), kwargs, firstresult)
  File "/Users/wesleyhoang/Desktop/code/cymate-template/web-template/venv/lib/python3.10/site-packages/pluggy/_manager.py", line 80, in _hookexec
    return self._inner_hookexec(hook_name, methods, kwargs, firstresult)
  File "/Users/wesleyhoang/Desktop/code/cymate-template/web-template/venv/lib/python3.10/site-packages/pluggy/_callers.py", line 39, in _multicall
    res = hook_impl.function(*args)
  File "/Users/wesleyhoang/Desktop/code/cymate-template/web-template/venv/lib/python3.10/site-packages/_pytest/fixtures.py", line 1129, in pytest_fixture_setup
    result = call_fixture_func(fixturefunc, request, kwargs)
  File "/Users/wesleyhoang/Desktop/code/cymate-template/web-template/venv/lib/python3.10/site-packages/_pytest/fixtures.py", line 908, in call_fixture_func
    fixture_result = fixturefunc(**kwargs)
  File "/Users/wesleyhoang/Desktop/code/cymate-template/web-template/src/main/python/company-template/tests/conftest.py", line 167, in log_testname
    logger.info("SESSION ID: ", driver.session_id)
Message: 'SESSION ID: '
Arguments: ('5389da037cf919f6c03d4e669f5e04f6',)
------------------------------ Captured log setup ------------------------------
15644 - 21:40:02 - INFO - 1 ==================================== STARTING TEST: test_LoginToPageAndCheckTitle
15644 - 21:40:02 - INFO - 2 ==================================== STARTING TEST: test_LoginToPageAndCheckTitle
15644 - 21:40:02 - INFO - 3 ==================================== STARTING TEST: test_LoginToPageAndCheckTitle
- generated html file: file:///Users/wesleyhoang/Desktop/code/cymate-template/web-template/test-output/reports/report_2023-02-16_21-39-57.html -
=========================== short test summary info ============================
ERROR src/main/python/company-template/tests/testsuite1-smoke/test_workflow.py::test_signin
ERROR src/main/python/company-template/tests/testsuite1-smoke/test_workflow.py::test_main
ERROR src/main/python/company-template/tests/testsuite1-smoke/test_workflow.py::test_workspace
ERROR src/main/python/company-template/tests/testsuite2-functional/test_main_page.py::TestLogin::test_NavigatingToWorkspacesFromMain
ERROR src/main/python/company-template/tests/testsuite1-smoke/test_smoke.py::test_smoke_one
ERROR src/main/python/company-template/tests/testsuite1-smoke/test_smoke.py::test_smoke_two
ERROR src/main/python/company-template/tests/testsuite2-functional/test_login_page.py::TestLogin::test_LoginToPageAndCheckTitle
============================== 7 errors in 4.96s ===============================
