============================= test session starts ==============================
platform darwin -- Python 3.10.0, pytest-7.2.1, pluggy-1.0.0
rootdir: /Users/wesleyhoang/Desktop/code/cymate-template/web-template
plugins: xdist-3.1.0, html-3.2.0, metadata-2.0.4
gw0 I / gw1 I
[gw0] Python 3.10.0 (v3.10.0:b494f5935c, Oct  4 2021, 14:59:20) [Clang 12.0.5 (clang-1205.0.22.11)]
[gw1] Python 3.10.0 (v3.10.0:b494f5935c, Oct  4 2021, 14:59:20) [Clang 12.0.5 (clang-1205.0.22.11)]
gw0 [7] / gw1 [7]

scheduling tests via LoadFileScheduling

src/main/python/company-template/tests/testsuite1-smoke/test_workflow.py::test_signin 
src/main/python/company-template/tests/testsuite1-smoke/test_smoke.py::test_smoke_one 
[gw0] [ 14%] PASSED src/main/python/company-template/tests/testsuite1-smoke/test_smoke.py::test_smoke_one 
src/main/python/company-template/tests/testsuite1-smoke/test_smoke.py::test_smoke_two 
[gw0] [ 28%] PASSED src/main/python/company-template/tests/testsuite1-smoke/test_smoke.py::test_smoke_two 
src/main/python/company-template/tests/testsuite2-functional/test_login_page.py::TestLogin::test_LoginToPageAndCheckTitle 
[gw1] [ 42%] PASSED src/main/python/company-template/tests/testsuite1-smoke/test_workflow.py::test_signin 
src/main/python/company-template/tests/testsuite1-smoke/test_workflow.py::test_main 
[gw0] [ 57%] PASSED src/main/python/company-template/tests/testsuite2-functional/test_login_page.py::TestLogin::test_LoginToPageAndCheckTitle 
src/main/python/company-template/tests/testsuite2-functional/test_main_page.py::TestLogin::test_NavigatingToWorkspacesFromMain 
[gw1] [ 71%] FAILED src/main/python/company-template/tests/testsuite1-smoke/test_workflow.py::test_main 
src/main/python/company-template/tests/testsuite1-smoke/test_workflow.py::test_workspace 
[gw1] [ 85%] FAILED src/main/python/company-template/tests/testsuite1-smoke/test_workflow.py::test_workspace 
[gw0] [100%] FAILED src/main/python/company-template/tests/testsuite2-functional/test_main_page.py::TestLogin::test_NavigatingToWorkspacesFromMain 

=================================== FAILURES ===================================
__________________________________ test_main ___________________________________
[gw1] darwin -- Python 3.10.0 /Users/wesleyhoang/Desktop/code/cymate-template/web-template/venv/bin/python3

driver = <selenium.webdriver.chrome.webdriver.WebDriver (session="e86f89d354a0c74072407c415884e4a5")>
logger = <Logger conftest (INFO)>

    @pytest.mark.smoke
    @pytest.mark.dependency(depends=["test_signin"])
    def test_main(driver, logger):
        logger.info('1 main info')
        logger.info('2 main info')
        logger.info('3 main info')
        main_page = Main(driver)
>       main_page.navigate_workspace()

src/main/python/company-template/tests/testsuite1-smoke/test_workflow.py:48: 
_ _ _ _ _ _ _ _ _ _ _ _ _ _ _ _ _ _ _ _ _ _ _ _ _ _ _ _ _ _ _ _ _ _ _ _ _ _ _ _ 
src/main/python/company-template/pages/web/main.py:17: in navigate_workspace
    self.wait_for_dropdown_to_load()
src/main/python/company-template/pages/web/main.py:23: in wait_for_dropdown_to_load
    WebDriverWait(self.driver, 10).until(
_ _ _ _ _ _ _ _ _ _ _ _ _ _ _ _ _ _ _ _ _ _ _ _ _ _ _ _ _ _ _ _ _ _ _ _ _ _ _ _ 

self = <selenium.webdriver.support.wait.WebDriverWait (session="e86f89d354a0c74072407c415884e4a5")>
method = <function visibility_of_element_located.<locals>._predicate at 0x10b3e6560>
message = ''

    def until(self, method, message: str = ""):
        """Calls the method provided with the driver as an argument until the \
        return value does not evaluate to ``False``.
    
        :param method: callable(WebDriver)
        :param message: optional message for :exc:`TimeoutException`
        :returns: the result of the last call to `method`
        :raises: :exc:`selenium.common.exceptions.TimeoutException` if timeout occurs
        """
        screen = None
        stacktrace = None
    
        end_time = time.monotonic() + self._timeout
        while True:
            try:
                value = method(self._driver)
                if value:
                    return value
            except self._ignored_exceptions as exc:
                screen = getattr(exc, "screen", None)
                stacktrace = getattr(exc, "stacktrace", None)
            time.sleep(self._poll)
            if time.monotonic() > end_time:
                break
>       raise TimeoutException(message, screen, stacktrace)
E       selenium.common.exceptions.TimeoutException: Message: 
E       Stacktrace:
E       0   chromedriver                        0x0000000110419138 chromedriver + 4923704
E       1   chromedriver                        0x00000001103919d3 chromedriver + 4368851
E       2   chromedriver                        0x000000010ffda787 chromedriver + 472967
E       3   chromedriver                        0x000000011001eba3 chromedriver + 752547
E       4   chromedriver                        0x000000011001edf1 chromedriver + 753137
E       5   chromedriver                        0x0000000110065734 chromedriver + 1042228
E       6   chromedriver                        0x0000000110047fdd chromedriver + 921565
E       7   chromedriver                        0x0000000110062c0f chromedriver + 1031183
E       8   chromedriver                        0x0000000110047d23 chromedriver + 920867
E       9   chromedriver                        0x000000011000ea4b chromedriver + 686667
E       10  chromedriver                        0x0000000110010044 chromedriver + 692292
E       11  chromedriver                        0x00000001103e48fe chromedriver + 4708606
E       12  chromedriver                        0x00000001103e9e22 chromedriver + 4730402
E       13  chromedriver                        0x00000001103f26bf chromedriver + 4765375
E       14  chromedriver                        0x00000001103eae80 chromedriver + 4734592
E       15  chromedriver                        0x00000001103bb975 chromedriver + 4540789
E       16  chromedriver                        0x000000011040ce78 chromedriver + 4873848
E       17  chromedriver                        0x000000011040cff5 chromedriver + 4874229
E       18  chromedriver                        0x00000001104216de chromedriver + 4957918
E       19  libsystem_pthread.dylib             0x00007fff6bcc1109 _pthread_start + 148
E       20  libsystem_pthread.dylib             0x00007fff6bcbcb8b thread_start + 15

venv/lib/python3.10/site-packages/selenium/webdriver/support/wait.py:95: TimeoutException
------------------------------ Captured log setup ------------------------------
15774 - 21:40:39 - INFO - 1 ==================================== STARTING TEST: test_main
15774 - 21:40:39 - INFO - 2 ==================================== STARTING TEST: test_main
15774 - 21:40:39 - INFO - 3 ==================================== STARTING TEST: test_main
15774 - 21:40:39 - INFO - SESSION ID: e86f89d354a0c74072407c415884e4a5
------------------------------ Captured log call -------------------------------
15774 - 21:40:39 - INFO - 1 main info
15774 - 21:40:39 - INFO - 2 main info
15774 - 21:40:39 - INFO - 3 main info
________________________________ test_workspace ________________________________
[gw1] darwin -- Python 3.10.0 /Users/wesleyhoang/Desktop/code/cymate-template/web-template/venv/bin/python3

driver = <selenium.webdriver.chrome.webdriver.WebDriver (session="e86f89d354a0c74072407c415884e4a5")>
logger = <Logger conftest (INFO)>

    @pytest.mark.smoke
    @pytest.mark.dependency(depends=["test_main"])
    def test_workspace(driver, logger):
        logger.info('1 workspaces info')
        logger.info('2 workspaces info')
        logger.info('3 workspaces info')
        workspaces_page = Workspaces(driver)
>       workspaces_page.send_api()

src/main/python/company-template/tests/testsuite1-smoke/test_workflow.py:59: 
_ _ _ _ _ _ _ _ _ _ _ _ _ _ _ _ _ _ _ _ _ _ _ _ _ _ _ _ _ _ _ _ _ _ _ _ _ _ _ _ 
src/main/python/company-template/pages/web/workspaces.py:18: in send_api
    self.click_collection()
src/main/python/company-template/pages/web/workspaces.py:23: in click_collection
    self.wait_for_element_to_load(self.dropdown_collection)
src/main/python/company-template/pages/web/workspaces.py:35: in wait_for_element_to_load
    WebDriverWait(self.driver, 10).until(
_ _ _ _ _ _ _ _ _ _ _ _ _ _ _ _ _ _ _ _ _ _ _ _ _ _ _ _ _ _ _ _ _ _ _ _ _ _ _ _ 

self = <selenium.webdriver.support.wait.WebDriverWait (session="e86f89d354a0c74072407c415884e4a5")>
method = <function visibility_of_element_located.<locals>._predicate at 0x10b3e6440>
message = ''

    def until(self, method, message: str = ""):
        """Calls the method provided with the driver as an argument until the \
        return value does not evaluate to ``False``.
    
        :param method: callable(WebDriver)
        :param message: optional message for :exc:`TimeoutException`
        :returns: the result of the last call to `method`
        :raises: :exc:`selenium.common.exceptions.TimeoutException` if timeout occurs
        """
        screen = None
        stacktrace = None
    
        end_time = time.monotonic() + self._timeout
        while True:
            try:
                value = method(self._driver)
                if value:
                    return value
            except self._ignored_exceptions as exc:
                screen = getattr(exc, "screen", None)
                stacktrace = getattr(exc, "stacktrace", None)
            time.sleep(self._poll)
            if time.monotonic() > end_time:
                break
>       raise TimeoutException(message, screen, stacktrace)
E       selenium.common.exceptions.TimeoutException: Message: 
E       Stacktrace:
E       0   chromedriver                        0x0000000110419138 chromedriver + 4923704
E       1   chromedriver                        0x00000001103919d3 chromedriver + 4368851
E       2   chromedriver                        0x000000010ffda787 chromedriver + 472967
E       3   chromedriver                        0x000000011001eba3 chromedriver + 752547
E       4   chromedriver                        0x000000011001edf1 chromedriver + 753137
E       5   chromedriver                        0x0000000110065734 chromedriver + 1042228
E       6   chromedriver                        0x0000000110047fdd chromedriver + 921565
E       7   chromedriver                        0x0000000110062c0f chromedriver + 1031183
E       8   chromedriver                        0x0000000110047d23 chromedriver + 920867
E       9   chromedriver                        0x000000011000ea4b chromedriver + 686667
E       10  chromedriver                        0x0000000110010044 chromedriver + 692292
E       11  chromedriver                        0x00000001103e48fe chromedriver + 4708606
E       12  chromedriver                        0x00000001103e9e22 chromedriver + 4730402
E       13  chromedriver                        0x00000001103f26bf chromedriver + 4765375
E       14  chromedriver                        0x00000001103eae80 chromedriver + 4734592
E       15  chromedriver                        0x00000001103bb975 chromedriver + 4540789
E       16  chromedriver                        0x000000011040ce78 chromedriver + 4873848
E       17  chromedriver                        0x000000011040cff5 chromedriver + 4874229
E       18  chromedriver                        0x00000001104216de chromedriver + 4957918
E       19  libsystem_pthread.dylib             0x00007fff6bcc1109 _pthread_start + 148
E       20  libsystem_pthread.dylib             0x00007fff6bcbcb8b thread_start + 15

venv/lib/python3.10/site-packages/selenium/webdriver/support/wait.py:95: TimeoutException
------------------------------ Captured log setup ------------------------------
15774 - 21:40:54 - INFO - 1 ==================================== STARTING TEST: test_workspace
15774 - 21:40:54 - INFO - 2 ==================================== STARTING TEST: test_workspace
15774 - 21:40:54 - INFO - 3 ==================================== STARTING TEST: test_workspace
15774 - 21:40:54 - INFO - SESSION ID: e86f89d354a0c74072407c415884e4a5
------------------------------ Captured log call -------------------------------
15774 - 21:40:54 - INFO - 1 workspaces info
15774 - 21:40:54 - INFO - 2 workspaces info
15774 - 21:40:54 - INFO - 3 workspaces info
________________ TestLogin.test_NavigatingToWorkspacesFromMain _________________
[gw0] darwin -- Python 3.10.0 /Users/wesleyhoang/Desktop/code/cymate-template/web-template/venv/bin/python3

self = <test_main_page.TestLogin object at 0x107cd4190>

    @pytest.mark.functional
    def test_NavigatingToWorkspacesFromMain(self):
        signin_page = Signin(self.driver)
        user_data = get_user_data(self.config)
        signin_page.signin(user_data["username"], user_data["password"])
    
        main_page = Main(self.driver)
>       main_page.navigate_workspace()

src/main/python/company-template/tests/testsuite2-functional/test_main_page.py:18: 
_ _ _ _ _ _ _ _ _ _ _ _ _ _ _ _ _ _ _ _ _ _ _ _ _ _ _ _ _ _ _ _ _ _ _ _ _ _ _ _ 
src/main/python/company-template/pages/web/main.py:17: in navigate_workspace
    self.wait_for_dropdown_to_load()
src/main/python/company-template/pages/web/main.py:23: in wait_for_dropdown_to_load
    WebDriverWait(self.driver, 10).until(
_ _ _ _ _ _ _ _ _ _ _ _ _ _ _ _ _ _ _ _ _ _ _ _ _ _ _ _ _ _ _ _ _ _ _ _ _ _ _ _ 

self = <selenium.webdriver.support.wait.WebDriverWait (session="55a7769aa0e7de7743a18799f5047e18")>
method = <function visibility_of_element_located.<locals>._predicate at 0x107cd2dd0>
message = ''

    def until(self, method, message: str = ""):
        """Calls the method provided with the driver as an argument until the \
        return value does not evaluate to ``False``.
    
        :param method: callable(WebDriver)
        :param message: optional message for :exc:`TimeoutException`
        :returns: the result of the last call to `method`
        :raises: :exc:`selenium.common.exceptions.TimeoutException` if timeout occurs
        """
        screen = None
        stacktrace = None
    
        end_time = time.monotonic() + self._timeout
        while True:
            try:
                value = method(self._driver)
                if value:
                    return value
            except self._ignored_exceptions as exc:
                screen = getattr(exc, "screen", None)
                stacktrace = getattr(exc, "stacktrace", None)
            time.sleep(self._poll)
            if time.monotonic() > end_time:
                break
>       raise TimeoutException(message, screen, stacktrace)
E       selenium.common.exceptions.TimeoutException: Message: 
E       Stacktrace:
E       0   chromedriver                        0x000000010ffbc138 chromedriver + 4923704
E       1   chromedriver                        0x000000010ff349d3 chromedriver + 4368851
E       2   chromedriver                        0x000000010fb7d787 chromedriver + 472967
E       3   chromedriver                        0x000000010fbc1ba3 chromedriver + 752547
E       4   chromedriver                        0x000000010fbc1df1 chromedriver + 753137
E       5   chromedriver                        0x000000010fc08734 chromedriver + 1042228
E       6   chromedriver                        0x000000010fbeafdd chromedriver + 921565
E       7   chromedriver                        0x000000010fc05c0f chromedriver + 1031183
E       8   chromedriver                        0x000000010fbead23 chromedriver + 920867
E       9   chromedriver                        0x000000010fbb1a4b chromedriver + 686667
E       10  chromedriver                        0x000000010fbb3044 chromedriver + 692292
E       11  chromedriver                        0x000000010ff878fe chromedriver + 4708606
E       12  chromedriver                        0x000000010ff8ce22 chromedriver + 4730402
E       13  chromedriver                        0x000000010ff956bf chromedriver + 4765375
E       14  chromedriver                        0x000000010ff8de80 chromedriver + 4734592
E       15  chromedriver                        0x000000010ff5e975 chromedriver + 4540789
E       16  chromedriver                        0x000000010ffafe78 chromedriver + 4873848
E       17  chromedriver                        0x000000010ffafff5 chromedriver + 4874229
E       18  chromedriver                        0x000000010ffc46de chromedriver + 4957918
E       19  libsystem_pthread.dylib             0x00007fff6bcc1109 _pthread_start + 148
E       20  libsystem_pthread.dylib             0x00007fff6bcbcb8b thread_start + 15

venv/lib/python3.10/site-packages/selenium/webdriver/support/wait.py:95: TimeoutException
---------------------------- Captured stdout setup -----------------------------
================ RUNNING TEST: {test_name}
------------------------------ Captured log setup ------------------------------
15772 - 21:40:40 - INFO - 1 ==================================== STARTING TEST: test_NavigatingToWorkspacesFromMain
15772 - 21:40:40 - INFO - 2 ==================================== STARTING TEST: test_NavigatingToWorkspacesFromMain
15772 - 21:40:40 - INFO - 3 ==================================== STARTING TEST: test_NavigatingToWorkspacesFromMain
15772 - 21:40:40 - INFO - SESSION ID: 33758a2eebd2140d2a0fde989c3d0535
- generated html file: file:///Users/wesleyhoang/Desktop/code/cymate-template/web-template/test-output/reports/report_2023-02-16_21-40-34.html -
=========================== short test summary info ============================
FAILED src/main/python/company-template/tests/testsuite1-smoke/test_workflow.py::test_main
FAILED src/main/python/company-template/tests/testsuite1-smoke/test_workflow.py::test_workspace
FAILED src/main/python/company-template/tests/testsuite2-functional/test_main_page.py::TestLogin::test_NavigatingToWorkspacesFromMain
========================= 3 failed, 4 passed in 43.48s =========================
