============================= test session starts ==============================
platform darwin -- Python 3.10.0, pytest-7.2.1, pluggy-1.0.0
rootdir: /Users/wesleyhoang/Desktop/code/cymate-template/web-template
plugins: xdist-3.1.0, html-3.2.0, metadata-2.0.4
gw0 I / gw1 I
[gw0] Python 3.10.0 (v3.10.0:b494f5935c, Oct  4 2021, 14:59:20) [Clang 12.0.5 (clang-1205.0.22.11)]
[gw1] Python 3.10.0 (v3.10.0:b494f5935c, Oct  4 2021, 14:59:20) [Clang 12.0.5 (clang-1205.0.22.11)]
gw0 [10] / gw1 [10]

scheduling tests via LoadFileScheduling

src/main/python/company-template/tests/testsuite1-smoke/test_workflow.py::test_signin 
src/main/python/company-template/tests/testsuite1-smoke/test_smoke.py::test_smoke_one 
[gw0] [ 10%] PASSED src/main/python/company-template/tests/testsuite1-smoke/test_smoke.py::test_smoke_one 
src/main/python/company-template/tests/testsuite1-smoke/test_smoke.py::test_smoke_two 
[gw0] [ 20%] PASSED src/main/python/company-template/tests/testsuite1-smoke/test_smoke.py::test_smoke_two 
src/main/python/company-template/tests/testsuite1-smoke/test_workflow2.py::test_signin 
[gw1] [ 30%] PASSED src/main/python/company-template/tests/testsuite1-smoke/test_workflow.py::test_signin 
src/main/python/company-template/tests/testsuite1-smoke/test_workflow.py::test_main 
[gw0] [ 40%] PASSED src/main/python/company-template/tests/testsuite1-smoke/test_workflow2.py::test_signin 
src/main/python/company-template/tests/testsuite1-smoke/test_workflow2.py::test_main 
[gw0] [ 50%] PASSED src/main/python/company-template/tests/testsuite1-smoke/test_workflow2.py::test_main 
src/main/python/company-template/tests/testsuite1-smoke/test_workflow2.py::test_workspace 
[gw1] [ 60%] PASSED src/main/python/company-template/tests/testsuite1-smoke/test_workflow.py::test_main 
src/main/python/company-template/tests/testsuite1-smoke/test_workflow.py::test_workspace 
[gw1] [ 70%] PASSED src/main/python/company-template/tests/testsuite1-smoke/test_workflow.py::test_workspace 
src/main/python/company-template/tests/testsuite2-functional/test_login_page.py::TestLogin::test_LoginToPageAndCheckTitle 
[gw1] [ 80%] PASSED src/main/python/company-template/tests/testsuite2-functional/test_login_page.py::TestLogin::test_LoginToPageAndCheckTitle 
[gw0] [ 90%] FAILED src/main/python/company-template/tests/testsuite1-smoke/test_workflow2.py::test_workspace 
src/main/python/company-template/tests/testsuite2-functional/test_main_page.py::TestLogin::test_NavigatingToWorkspacesFromMain 
[gw0] [100%] PASSED src/main/python/company-template/tests/testsuite2-functional/test_main_page.py::TestLogin::test_NavigatingToWorkspacesFromMain 

=================================== FAILURES ===================================
________________________________ test_workspace ________________________________
[gw0] darwin -- Python 3.10.0 /Users/wesleyhoang/Desktop/code/cymate-template/web-template/venv/bin/python3

driver = <selenium.webdriver.chrome.webdriver.WebDriver (session="82f74b35424e466150d2965d709ecbea")>
logger = <Logger conftest (INFO)>

    @pytest.mark.smoke
    @pytest.mark.dependency(depends=["test_main"])
    def test_workspace(driver, logger):
        logger.info("TEST WORKSPACES")
        workspaces_page = Workspaces(driver)
>       workspaces_page.send_api()

src/main/python/company-template/tests/testsuite1-smoke/test_workflow2.py:35: 
_ _ _ _ _ _ _ _ _ _ _ _ _ _ _ _ _ _ _ _ _ _ _ _ _ _ _ _ _ _ _ _ _ _ _ _ _ _ _ _ 
src/main/python/company-template/pages/web/workspaces.py:19: in send_api
    self.click_api()
src/main/python/company-template/pages/web/workspaces.py:27: in click_api
    self.wait_for_element_to_load(self.span_api)
src/main/python/company-template/pages/web/workspaces.py:35: in wait_for_element_to_load
    WebDriverWait(self.driver, 50).until(
_ _ _ _ _ _ _ _ _ _ _ _ _ _ _ _ _ _ _ _ _ _ _ _ _ _ _ _ _ _ _ _ _ _ _ _ _ _ _ _ 

self = <selenium.webdriver.support.wait.WebDriverWait (session="82f74b35424e466150d2965d709ecbea")>
method = <function visibility_of_element_located.<locals>._predicate at 0x1101cf760>
message = ''

    def until(self, method, message: str = ""):
        """Calls the method provided with the driver as an argument until the \
        return value does not evaluate to ``False``.
    
        :param method: callable(WebDriver)
        :param message: optional message for :exc:`TimeoutException`
        :returns: the result of the last call to `method`
        :raises: :exc:`selenium.common.exceptions.TimeoutException` if timeout occurs
        """
        screen = None
        stacktrace = None
    
        end_time = time.monotonic() + self._timeout
        while True:
            try:
                value = method(self._driver)
                if value:
                    return value
            except self._ignored_exceptions as exc:
                screen = getattr(exc, "screen", None)
                stacktrace = getattr(exc, "stacktrace", None)
            time.sleep(self._poll)
            if time.monotonic() > end_time:
                break
>       raise TimeoutException(message, screen, stacktrace)
E       selenium.common.exceptions.TimeoutException: Message: 
E       Stacktrace:
E       0   chromedriver                        0x000000010149a138 chromedriver + 4923704
E       1   chromedriver                        0x00000001014129d3 chromedriver + 4368851
E       2   chromedriver                        0x000000010105b787 chromedriver + 472967
E       3   chromedriver                        0x000000010109fba3 chromedriver + 752547
E       4   chromedriver                        0x000000010109fdf1 chromedriver + 753137
E       5   chromedriver                        0x00000001010e6734 chromedriver + 1042228
E       6   chromedriver                        0x00000001010c8fdd chromedriver + 921565
E       7   chromedriver                        0x00000001010e3c0f chromedriver + 1031183
E       8   chromedriver                        0x00000001010c8d23 chromedriver + 920867
E       9   chromedriver                        0x000000010108fa4b chromedriver + 686667
E       10  chromedriver                        0x0000000101091044 chromedriver + 692292
E       11  chromedriver                        0x00000001014658fe chromedriver + 4708606
E       12  chromedriver                        0x000000010146ae22 chromedriver + 4730402
E       13  chromedriver                        0x00000001014736bf chromedriver + 4765375
E       14  chromedriver                        0x000000010146be80 chromedriver + 4734592
E       15  chromedriver                        0x000000010143c975 chromedriver + 4540789
E       16  chromedriver                        0x000000010148de78 chromedriver + 4873848
E       17  chromedriver                        0x000000010148dff5 chromedriver + 4874229
E       18  chromedriver                        0x00000001014a26de chromedriver + 4957918
E       19  libsystem_pthread.dylib             0x00007fff6bcc1109 _pthread_start + 148
E       20  libsystem_pthread.dylib             0x00007fff6bcbcb8b thread_start + 15

venv/lib/python3.10/site-packages/selenium/webdriver/support/wait.py:95: TimeoutException
------------------------------ Captured log setup ------------------------------
14:37:33 - INFO - ==================================== STARTING TEST: test_workspace
14:37:33 - INFO - SESSION ID: 82f74b35424e466150d2965d709ecbea
------------------------------ Captured log call -------------------------------
14:37:33 - INFO - TEST WORKSPACES
- generated html file: file:///Users/wesleyhoang/Desktop/code/cymate-template/web-template/test-output/reports/report_2023-02-17_14-37-23.html -
=========================== short test summary info ============================
FAILED src/main/python/company-template/tests/testsuite1-smoke/test_workflow2.py::test_workspace
==================== 1 failed, 9 passed in 72.33s (0:01:12) ====================
